2025-04-29 17:54:02,472 [INFO] 🔰  Public-tree matching sweep started
2025-04-29 17:54:05,599 [INFO] Public trees inside bbox: 29
2025-04-29 17:57:06,941 [INFO] 🔰  Public-tree matching sweep started
2025-04-29 17:57:09,932 [INFO] Public trees inside bbox: 29
2025-04-29 17:57:58,690 [WARNING] Iter 15: tree 7 < 3 pts, skip
2025-04-29 17:57:58,921 [WARNING] Iter 15: tree 62 < 3 pts, skip
2025-04-29 17:57:58,925 [WARNING] Iter 15: tree 65 < 3 pts, skip
2025-04-29 17:57:58,966 [WARNING] Iter 15: tree 83 < 3 pts, skip
2025-04-29 17:57:59,082 [WARNING] Iter 15: tree 132 < 3 pts, skip
2025-04-29 17:57:59,094 [WARNING] Iter 15: tree 148 < 3 pts, skip
2025-04-29 17:57:59,100 [WARNING] Iter 15: tree 155 < 3 pts, skip
2025-04-29 17:57:59,100 [WARNING] Iter 15: tree 156 < 3 pts, skip
2025-04-29 17:57:59,104 [WARNING] Iter 15: tree 168 < 3 pts, skip
2025-04-29 17:57:59,127 [WARNING] Iter 15: tree 186 < 3 pts, skip
2025-04-29 17:57:59,141 [WARNING] Iter 15: tree 202 < 3 pts, skip
2025-04-29 17:57:59,151 [WARNING] Iter 15: tree 219 < 3 pts, skip
2025-04-29 17:57:59,194 [WARNING] Iter 15: tree 249 < 3 pts, skip
2025-04-29 17:57:59,195 [WARNING] Iter 15: tree 251 < 3 pts, skip
2025-04-29 17:57:59,196 [WARNING] Iter 15: tree 254 < 3 pts, skip
2025-04-29 17:57:59,197 [WARNING] Iter 15: tree 258 < 3 pts, skip
2025-04-29 17:57:59,201 [WARNING] Iter 15: tree 267 < 3 pts, skip
2025-04-29 17:57:59,202 [WARNING] Iter 15: tree 270 < 3 pts, skip
2025-04-29 17:57:59,203 [WARNING] Iter 15: tree 273 < 3 pts, skip
2025-04-29 17:57:59,208 [WARNING] Iter 15: tree 277 < 3 pts, skip
2025-04-29 17:57:59,209 [WARNING] Iter 15: tree 279 < 3 pts, skip
2025-04-29 17:57:59,220 [WARNING] Iter 15: tree 285 < 3 pts, skip
2025-04-29 17:57:59,221 [WARNING] Iter 15: tree 290 < 3 pts, skip
2025-04-29 17:57:59,222 [WARNING] Iter 15: tree 293 < 3 pts, skip
2025-04-29 17:57:59,225 [WARNING] Iter 15: tree 297 < 3 pts, skip
2025-04-29 17:57:59,227 [WARNING] Iter 15: tree 300 < 3 pts, skip
2025-04-29 17:57:59,230 [WARNING] Iter 15: tree 309 < 3 pts, skip
2025-04-29 17:57:59,231 [WARNING] Iter 15: tree 312 < 3 pts, skip
2025-04-29 17:57:59,231 [WARNING] Iter 15: tree 313 < 3 pts, skip
2025-04-29 17:57:59,237 [WARNING] Iter 15: tree 316 < 3 pts, skip
2025-04-29 17:57:59,299 [WARNING] Iter 15: tree 351 < 3 pts, skip
2025-04-29 17:57:59,324 [WARNING] Iter 15: tree 364 < 3 pts, skip
2025-04-29 17:57:59,324 [WARNING] Iter 15: tree 365 < 3 pts, skip
2025-04-29 17:57:59,325 [WARNING] Iter 15: tree 367 < 3 pts, skip
2025-04-29 17:57:59,327 [WARNING] Iter 15: tree 370 < 3 pts, skip
2025-04-29 17:57:59,327 [WARNING] Iter 15: tree 371 < 3 pts, skip
2025-04-29 17:57:59,327 [WARNING] Iter 15: tree 372 < 3 pts, skip
2025-04-29 17:57:59,333 [WARNING] Iter 15: tree 377 < 3 pts, skip
2025-04-29 17:57:59,333 [WARNING] Iter 15: tree 378 < 3 pts, skip
2025-04-29 17:57:59,333 [WARNING] Iter 15: tree 379 < 3 pts, skip
2025-04-29 17:57:59,333 [WARNING] Iter 15: tree 380 < 3 pts, skip
2025-04-29 17:57:59,334 [WARNING] Iter 15: tree 382 < 3 pts, skip
2025-04-29 17:57:59,335 [WARNING] Iter 15: tree 384 < 3 pts, skip
2025-04-29 17:57:59,357 [INFO] Iter 15 | R=1.00 Vres=2.00 MinP=1 | runtime=47.46s | 1-to-1=58.6%
2025-04-29 17:58:01,353 [INFO] Iter 22 | R=1.00 Vres=2.50 MinP=3 | runtime=49.16s | 1-to-1=48.3%
2025-04-29 17:58:02,086 [WARNING] Iter 16: tree 116 < 3 pts, skip
2025-04-29 17:58:02,110 [WARNING] Iter 16: tree 136 < 3 pts, skip
2025-04-29 17:58:02,125 [WARNING] Iter 16: tree 152 < 3 pts, skip
2025-04-29 17:58:02,195 [WARNING] Iter 16: tree 181 < 3 pts, skip
2025-04-29 17:58:02,201 [WARNING] Iter 16: tree 192 < 3 pts, skip
2025-04-29 17:58:02,202 [WARNING] Iter 16: tree 193 < 3 pts, skip
2025-04-29 17:58:02,202 [WARNING] Iter 16: tree 195 < 3 pts, skip
2025-04-29 17:58:02,215 [WARNING] Iter 16: tree 206 < 3 pts, skip
2025-04-29 17:58:02,218 [WARNING] Iter 16: tree 210 < 3 pts, skip
2025-04-29 17:58:02,225 [WARNING] Iter 16: tree 213 < 3 pts, skip
2025-04-29 17:58:02,347 [WARNING] Iter 16: tree 262 < 3 pts, skip
2025-04-29 17:58:02,347 [WARNING] Iter 16: tree 264 < 3 pts, skip
2025-04-29 17:58:02,348 [WARNING] Iter 16: tree 266 < 3 pts, skip
2025-04-29 17:58:02,348 [WARNING] Iter 16: tree 267 < 3 pts, skip
2025-04-29 17:58:02,368 [INFO] Iter 16 | R=1.00 Vres=2.00 MinP=2 | runtime=50.04s | 1-to-1=69.0%
2025-04-29 17:58:10,407 [WARNING] Iter 30: tree 6 < 3 pts, skip
2025-04-29 17:58:10,439 [WARNING] Iter 5: tree 9 < 3 pts, skip
2025-04-29 17:58:26,642 [WARNING] Iter 5: tree 86 < 3 pts, skip
2025-04-29 17:58:27,609 [WARNING] Iter 10: tree 8 < 3 pts, skip
2025-04-29 17:58:28,527 [WARNING] Iter 5: tree 107 < 3 pts, skip
2025-04-29 17:58:29,758 [WARNING] Iter 5: tree 122 < 3 pts, skip
2025-04-29 17:58:30,036 [WARNING] Iter 30: tree 107 < 3 pts, skip
2025-04-29 17:58:32,655 [INFO] Iter 24 | R=1.00 Vres=2.50 MinP=5 | runtime=50.08s | 1-to-1=51.7%
2025-04-29 17:58:37,853 [WARNING] Iter 30: tree 163 < 3 pts, skip
2025-04-29 17:58:39,436 [WARNING] Iter 25: tree 4 < 3 pts, skip
2025-04-29 17:58:42,080 [WARNING] Iter 30: tree 178 < 3 pts, skip
2025-04-29 17:58:42,188 [WARNING] Iter 30: tree 180 < 3 pts, skip
2025-04-29 17:58:44,621 [WARNING] Iter 5: tree 194 < 3 pts, skip
2025-04-29 17:58:44,708 [WARNING] Iter 5: tree 197 < 3 pts, skip
2025-04-29 17:58:44,824 [WARNING] Iter 5: tree 201 < 3 pts, skip
2025-04-29 17:58:45,340 [WARNING] Iter 5: tree 215 < 3 pts, skip
2025-04-29 17:58:45,422 [WARNING] Iter 30: tree 208 < 3 pts, skip
2025-04-29 17:58:45,604 [WARNING] Iter 10: tree 66 < 3 pts, skip
2025-04-29 17:58:45,608 [WARNING] Iter 30: tree 213 < 3 pts, skip
2025-04-29 17:58:46,064 [WARNING] Iter 5: tree 227 < 3 pts, skip
2025-04-29 17:58:46,491 [WARNING] Iter 30: tree 228 < 3 pts, skip
2025-04-29 17:58:46,551 [WARNING] Iter 5: tree 234 < 3 pts, skip
2025-04-29 17:58:46,560 [WARNING] Iter 25: tree 50 < 3 pts, skip
2025-04-29 17:58:46,889 [WARNING] Iter 25: tree 56 < 3 pts, skip
2025-04-29 17:58:46,947 [WARNING] Iter 10: tree 89 < 3 pts, skip
2025-04-29 17:58:49,460 [WARNING] Iter 10: tree 101 < 3 pts, skip
2025-04-29 17:58:54,832 [WARNING] Iter 5: tree 260 < 3 pts, skip
2025-04-29 17:58:55,200 [WARNING] Iter 25: tree 72 < 3 pts, skip
2025-04-29 17:58:56,532 [WARNING] Iter 20: tree 5 < 3 pts, skip
2025-04-29 17:58:57,396 [WARNING] Iter 31: tree 83 < 3 pts, skip
2025-04-29 17:59:00,746 [WARNING] Iter 5: tree 274 < 3 pts, skip
2025-04-29 17:59:01,264 [WARNING] Iter 25: tree 95 < 3 pts, skip
2025-04-29 17:59:01,289 [INFO] Iter 17 | R=1.00 Vres=2.00 MinP=3 | runtime=50.87s | 1-to-1=69.0%
2025-04-29 17:59:01,667 [WARNING] Iter 0: tree 11 < 3 pts, skip
2025-04-29 17:59:01,880 [WARNING] Iter 1: tree 26 < 3 pts, skip
2025-04-29 17:59:02,039 [WARNING] Iter 30: tree 278 < 3 pts, skip
2025-04-29 17:59:02,137 [WARNING] Iter 26: tree 94 < 3 pts, skip
2025-04-29 17:59:02,367 [WARNING] Iter 10: tree 141 < 3 pts, skip
2025-04-29 17:59:02,592 [WARNING] Iter 5: tree 299 < 3 pts, skip
2025-04-29 17:59:02,775 [WARNING] Iter 25: tree 115 < 3 pts, skip
2025-04-29 17:59:02,834 [INFO] Iter 30 | R=1.50 Vres=0.50 MinP=1 | runtime=50.96s | 1-to-1=58.6%
2025-04-29 17:59:03,198 [WARNING] Iter 31: tree 123 < 3 pts, skip
2025-04-29 17:59:03,363 [WARNING] Iter 25: tree 122 < 3 pts, skip
2025-04-29 17:59:03,374 [WARNING] Iter 25: tree 123 < 3 pts, skip
2025-04-29 17:59:03,429 [WARNING] Iter 10: tree 156 < 3 pts, skip
2025-04-29 17:59:03,611 [WARNING] Iter 10: tree 163 < 3 pts, skip
2025-04-29 17:59:03,616 [WARNING] Iter 10: tree 164 < 3 pts, skip
2025-04-29 17:59:03,649 [WARNING] Iter 31: tree 136 < 3 pts, skip
2025-04-29 17:59:03,811 [WARNING] Iter 25: tree 135 < 3 pts, skip
2025-04-29 17:59:03,829 [WARNING] Iter 26: tree 118 < 3 pts, skip
2025-04-29 17:59:04,031 [WARNING] Iter 10: tree 176 < 3 pts, skip
2025-04-29 17:59:04,121 [WARNING] Iter 20: tree 54 < 3 pts, skip
2025-04-29 17:59:04,136 [WARNING] Iter 11: tree 122 < 3 pts, skip
2025-04-29 17:59:04,230 [WARNING] Iter 20: tree 59 < 3 pts, skip
2025-04-29 17:59:04,618 [WARNING] Iter 5: tree 342 < 3 pts, skip
2025-04-29 17:59:04,663 [WARNING] Iter 26: tree 133 < 3 pts, skip
2025-04-29 17:59:04,668 [WARNING] Iter 25: tree 157 < 3 pts, skip
2025-04-29 17:59:04,985 [WARNING] Iter 20: tree 72 < 3 pts, skip
2025-04-29 17:59:05,016 [WARNING] Iter 10: tree 199 < 3 pts, skip
2025-04-29 17:59:05,062 [WARNING] Iter 11: tree 147 < 3 pts, skip
2025-04-29 17:59:05,221 [WARNING] Iter 26: tree 143 < 3 pts, skip
2025-04-29 17:59:05,258 [WARNING] Iter 6: tree 137 < 3 pts, skip
2025-04-29 17:59:05,264 [WARNING] Iter 5: tree 355 < 3 pts, skip
2025-04-29 17:59:05,325 [WARNING] Iter 10: tree 209 < 3 pts, skip
2025-04-29 17:59:05,414 [WARNING] Iter 10: tree 213 < 3 pts, skip
2025-04-29 17:59:05,452 [WARNING] Iter 25: tree 174 < 3 pts, skip
2025-04-29 17:59:05,484 [WARNING] Iter 5: tree 363 < 3 pts, skip
2025-04-29 17:59:05,594 [WARNING] Iter 26: tree 151 < 3 pts, skip
2025-04-29 17:59:07,758 [WARNING] Iter 25: tree 187 < 3 pts, skip
2025-04-29 17:59:07,790 [WARNING] Iter 5: tree 381 < 3 pts, skip
2025-04-29 17:59:07,837 [WARNING] Iter 25: tree 189 < 3 pts, skip
2025-04-29 17:59:07,933 [WARNING] Iter 5: tree 384 < 3 pts, skip
2025-04-29 17:59:07,988 [WARNING] Iter 26: tree 165 < 3 pts, skip
2025-04-29 17:59:07,990 [WARNING] Iter 0: tree 89 < 3 pts, skip
2025-04-29 17:59:08,038 [INFO] Iter 23 | R=1.00 Vres=2.50 MinP=4 | runtime=54.89s | 1-to-1=48.3%
2025-04-29 17:59:08,091 [WARNING] Iter 25: tree 194 < 3 pts, skip
2025-04-29 17:59:08,350 [WARNING] Iter 26: tree 170 < 3 pts, skip
2025-04-29 17:59:08,424 [WARNING] Iter 25: tree 199 < 3 pts, skip
2025-04-29 17:59:08,879 [WARNING] Iter 26: tree 173 < 3 pts, skip
2025-04-29 17:59:08,893 [WARNING] Iter 21: tree 85 < 3 pts, skip
2025-04-29 17:59:08,912 [WARNING] Iter 5: tree 394 < 3 pts, skip
2025-04-29 17:59:09,026 [WARNING] Iter 11: tree 180 < 3 pts, skip
2025-04-29 17:59:09,028 [WARNING] Iter 5: tree 397 < 3 pts, skip
2025-04-29 17:59:09,034 [WARNING] Iter 0: tree 99 < 3 pts, skip
2025-04-29 17:59:09,222 [WARNING] Iter 26: tree 183 < 3 pts, skip
2025-04-29 17:59:09,226 [WARNING] Iter 5: tree 403 < 3 pts, skip
2025-04-29 17:59:09,279 [WARNING] Iter 26: tree 185 < 3 pts, skip
2025-04-29 17:59:09,316 [INFO] Iter 28 | R=1.00 Vres=3.00 MinP=4 | runtime=54.88s | 1-to-1=75.9%
2025-04-29 17:59:09,322 [WARNING] Iter 20: tree 114 < 3 pts, skip
2025-04-29 17:59:09,355 [WARNING] Iter 5: tree 405 < 3 pts, skip
2025-04-29 17:59:09,371 [WARNING] Iter 6: tree 178 < 3 pts, skip
2025-04-29 17:59:09,565 [WARNING] Iter 25: tree 209 < 3 pts, skip
2025-04-29 17:59:09,594 [WARNING] Iter 10: tree 243 < 3 pts, skip
2025-04-29 17:59:09,670 [WARNING] Iter 11: tree 189 < 3 pts, skip
2025-04-29 17:59:09,785 [INFO] Iter 27 | R=1.00 Vres=3.00 MinP=3 | runtime=59.20s | 1-to-1=75.9%
2025-04-29 17:59:09,963 [WARNING] Iter 25: tree 214 < 3 pts, skip
2025-04-29 17:59:10,019 [WARNING] Iter 20: tree 125 < 3 pts, skip
2025-04-29 17:59:10,411 [WARNING] Iter 25: tree 218 < 3 pts, skip
2025-04-29 17:59:10,563 [INFO] Iter 19 | R=1.00 Vres=2.00 MinP=5 | runtime=54.90s | 1-to-1=75.9%
2025-04-29 17:59:10,572 [WARNING] Iter 21: tree 109 < 3 pts, skip
2025-04-29 17:59:10,790 [INFO] Iter 31 | R=1.50 Vres=0.50 MinP=2 | runtime=54.70s | 1-to-1=65.5%
2025-04-29 17:59:10,980 [INFO] Iter 29 | R=1.00 Vres=3.00 MinP=5 | runtime=59.22s | 1-to-1=75.9%
2025-04-29 17:59:11,005 [WARNING] Iter 11: tree 197 < 3 pts, skip
2025-04-29 17:59:11,233 [INFO] Iter 18 | R=1.00 Vres=2.00 MinP=4 | runtime=59.21s | 1-to-1=72.4%
2025-04-29 17:59:11,260 [WARNING] Iter 10: tree 256 < 3 pts, skip
2025-04-29 17:59:11,267 [WARNING] Iter 25: tree 223 < 3 pts, skip
2025-04-29 17:59:11,493 [WARNING] Iter 10: tree 258 < 3 pts, skip
2025-04-29 17:59:11,548 [WARNING] Iter 25: tree 226 < 3 pts, skip
2025-04-29 17:59:11,574 [WARNING] Iter 25: tree 227 < 3 pts, skip
2025-04-29 17:59:11,625 [WARNING] Iter 25: tree 229 < 3 pts, skip
2025-04-29 17:59:11,633 [WARNING] Iter 5: tree 427 < 3 pts, skip
2025-04-29 17:59:11,823 [WARNING] Iter 10: tree 267 < 3 pts, skip
2025-04-29 17:59:11,842 [WARNING] Iter 21: tree 126 < 3 pts, skip
2025-04-29 17:59:11,974 [WARNING] Iter 25: tree 240 < 3 pts, skip
2025-04-29 17:59:11,986 [WARNING] Iter 5: tree 436 < 3 pts, skip
2025-04-29 17:59:12,006 [WARNING] Iter 5: tree 437 < 3 pts, skip
2025-04-29 17:59:12,030 [WARNING] Iter 20: tree 147 < 3 pts, skip
2025-04-29 17:59:12,036 [WARNING] Iter 20: tree 148 < 3 pts, skip
2025-04-29 17:59:12,056 [WARNING] Iter 25: tree 243 < 3 pts, skip
2025-04-29 17:59:12,072 [WARNING] Iter 25: tree 244 < 3 pts, skip
2025-04-29 17:59:12,077 [WARNING] Iter 25: tree 245 < 3 pts, skip
2025-04-29 17:59:12,095 [WARNING] Iter 6: tree 209 < 3 pts, skip
2025-04-29 17:59:12,114 [WARNING] Iter 5: tree 443 < 3 pts, skip
2025-04-29 17:59:12,136 [WARNING] Iter 25: tree 247 < 3 pts, skip
2025-04-29 17:59:12,139 [WARNING] Iter 25: tree 248 < 3 pts, skip
2025-04-29 17:59:12,145 [WARNING] Iter 5: tree 446 < 3 pts, skip
2025-04-29 17:59:12,149 [WARNING] Iter 25: tree 249 < 3 pts, skip
2025-04-29 17:59:12,466 [WARNING] Iter 25: tree 252 < 3 pts, skip
2025-04-29 17:59:12,505 [INFO] Iter 14 | R=1.00 Vres=1.50 MinP=5 | runtime=54.87s | 1-to-1=75.9%
2025-04-29 17:59:12,533 [WARNING] Iter 5: tree 451 < 3 pts, skip
2025-04-29 17:59:12,821 [WARNING] Iter 5: tree 454 < 3 pts, skip
2025-04-29 17:59:12,839 [WARNING] Iter 11: tree 221 < 3 pts, skip
2025-04-29 17:59:12,911 [WARNING] Iter 11: tree 224 < 3 pts, skip
2025-04-29 17:59:12,985 [WARNING] Iter 20: tree 163 < 3 pts, skip
2025-04-29 17:59:12,999 [WARNING] Iter 10: tree 288 < 3 pts, skip
2025-04-29 17:59:13,029 [WARNING] Iter 5: tree 462 < 3 pts, skip
2025-04-29 17:59:13,040 [WARNING] Iter 20: tree 166 < 3 pts, skip
2025-04-29 17:59:13,060 [WARNING] Iter 10: tree 291 < 3 pts, skip
2025-04-29 17:59:13,079 [WARNING] Iter 5: tree 465 < 3 pts, skip
2025-04-29 17:59:13,095 [WARNING] Iter 5: tree 466 < 3 pts, skip
2025-04-29 17:59:13,103 [WARNING] Iter 26: tree 241 < 3 pts, skip
2025-04-29 17:59:13,150 [WARNING] Iter 26: tree 243 < 3 pts, skip
2025-04-29 17:59:13,151 [WARNING] Iter 11: tree 233 < 3 pts, skip
2025-04-29 17:59:13,161 [WARNING] Iter 26: tree 244 < 3 pts, skip
2025-04-29 17:59:13,261 [WARNING] Iter 21: tree 153 < 3 pts, skip
2025-04-29 17:59:13,329 [WARNING] Iter 11: tree 237 < 3 pts, skip
2025-04-29 17:59:13,378 [INFO] Iter 26 | R=1.00 Vres=3.00 MinP=2 | runtime=54.71s | 1-to-1=75.9%
2025-04-29 17:59:13,408 [WARNING] Iter 0: tree 159 < 3 pts, skip
2025-04-29 17:59:13,655 [WARNING] Iter 11: tree 240 < 3 pts, skip
2025-04-29 17:59:13,673 [WARNING] Iter 10: tree 301 < 3 pts, skip
2025-04-29 17:59:13,690 [WARNING] Iter 6: tree 233 < 3 pts, skip
2025-04-29 17:59:13,702 [INFO] Iter 9 | R=1.00 Vres=1.00 MinP=5 | runtime=59.19s | 1-to-1=72.4%
2025-04-29 17:59:14,044 [WARNING] Iter 10: tree 305 < 3 pts, skip
2025-04-29 17:59:14,106 [INFO] Iter 13 | R=1.00 Vres=1.50 MinP=4 | runtime=59.18s | 1-to-1=75.9%
2025-04-29 17:59:14,133 [WARNING] Iter 21: tree 164 < 3 pts, skip
2025-04-29 17:59:14,141 [WARNING] Iter 10: tree 307 < 3 pts, skip
2025-04-29 17:59:14,326 [WARNING] Iter 21: tree 165 < 3 pts, skip
2025-04-29 17:59:14,345 [WARNING] Iter 5: tree 488 < 3 pts, skip
2025-04-29 17:59:14,348 [WARNING] Iter 20: tree 184 < 3 pts, skip
2025-04-29 17:59:14,396 [WARNING] Iter 0: tree 170 < 3 pts, skip
2025-04-29 17:59:14,402 [WARNING] Iter 21: tree 168 < 3 pts, skip
2025-04-29 17:59:14,415 [WARNING] Iter 10: tree 310 < 3 pts, skip
2025-04-29 17:59:14,450 [WARNING] Iter 1: tree 188 < 3 pts, skip
2025-04-29 17:59:14,554 [WARNING] Iter 10: tree 314 < 3 pts, skip
2025-04-29 17:59:14,609 [WARNING] Iter 6: tree 248 < 3 pts, skip
2025-04-29 17:59:14,623 [WARNING] Iter 25: tree 290 < 3 pts, skip
2025-04-29 17:59:14,631 [WARNING] Iter 10: tree 318 < 3 pts, skip
2025-04-29 17:59:14,725 [WARNING] Iter 10: tree 321 < 3 pts, skip
2025-04-29 17:59:14,735 [WARNING] Iter 21: tree 177 < 3 pts, skip
2025-04-29 17:59:14,766 [INFO] Iter 12 | R=1.00 Vres=1.50 MinP=3 | runtime=53.79s | 1-to-1=75.9%
2025-04-29 17:59:14,797 [WARNING] Iter 10: tree 325 < 3 pts, skip
2025-04-29 17:59:14,957 [WARNING] Iter 21: tree 180 < 3 pts, skip
2025-04-29 17:59:14,968 [WARNING] Iter 21: tree 181 < 3 pts, skip
2025-04-29 17:59:15,022 [WARNING] Iter 10: tree 328 < 3 pts, skip
2025-04-29 17:59:15,181 [WARNING] Iter 10: tree 336 < 3 pts, skip
2025-04-29 17:59:15,188 [WARNING] Iter 25: tree 305 < 3 pts, skip
2025-04-29 17:59:15,234 [WARNING] Iter 10: tree 339 < 3 pts, skip
2025-04-29 17:59:15,254 [WARNING] Iter 10: tree 340 < 3 pts, skip
2025-04-29 17:59:15,302 [WARNING] Iter 20: tree 211 < 3 pts, skip
2025-04-29 17:59:15,311 [WARNING] Iter 21: tree 195 < 3 pts, skip
2025-04-29 17:59:15,323 [WARNING] Iter 6: tree 270 < 3 pts, skip
2025-04-29 17:59:15,358 [WARNING] Iter 10: tree 343 < 3 pts, skip
2025-04-29 17:59:15,360 [WARNING] Iter 25: tree 312 < 3 pts, skip
2025-04-29 17:59:15,363 [WARNING] Iter 6: tree 272 < 3 pts, skip
2025-04-29 17:59:15,370 [WARNING] Iter 5: tree 514 < 3 pts, skip
2025-04-29 17:59:15,370 [WARNING] Iter 20: tree 214 < 3 pts, skip
2025-04-29 17:59:15,381 [WARNING] Iter 21: tree 198 < 3 pts, skip
2025-04-29 17:59:15,451 [WARNING] Iter 25: tree 315 < 3 pts, skip
2025-04-29 17:59:15,454 [WARNING] Iter 5: tree 516 < 3 pts, skip
2025-04-29 17:59:15,482 [WARNING] Iter 20: tree 217 < 3 pts, skip
2025-04-29 17:59:15,508 [WARNING] Iter 25: tree 316 < 3 pts, skip
2025-04-29 17:59:15,565 [WARNING] Iter 20: tree 219 < 3 pts, skip
2025-04-29 17:59:15,593 [WARNING] Iter 21: tree 203 < 3 pts, skip
2025-04-29 17:59:15,670 [WARNING] Iter 25: tree 320 < 3 pts, skip
2025-04-29 17:59:15,693 [WARNING] Iter 25: tree 322 < 3 pts, skip
2025-04-29 17:59:15,698 [WARNING] Iter 25: tree 323 < 3 pts, skip
2025-04-29 17:59:15,719 [WARNING] Iter 25: tree 324 < 3 pts, skip
2025-04-29 17:59:15,724 [WARNING] Iter 25: tree 325 < 3 pts, skip
2025-04-29 17:59:15,734 [WARNING] Iter 25: tree 326 < 3 pts, skip
2025-04-29 17:59:15,740 [WARNING] Iter 25: tree 327 < 3 pts, skip
2025-04-29 17:59:15,825 [WARNING] Iter 6: tree 289 < 3 pts, skip
2025-04-29 17:59:15,869 [WARNING] Iter 20: tree 230 < 3 pts, skip
2025-04-29 17:59:15,889 [INFO] Iter 25 | R=1.00 Vres=3.00 MinP=1 | runtime=54.75s | 1-to-1=62.1%
2025-04-29 17:59:16,147 [WARNING] Iter 20: tree 234 < 3 pts, skip
2025-04-29 17:59:16,188 [WARNING] Iter 20: tree 236 < 3 pts, skip
2025-04-29 17:59:16,192 [WARNING] Iter 20: tree 237 < 3 pts, skip
2025-04-29 17:59:16,220 [WARNING] Iter 20: tree 240 < 3 pts, skip
2025-04-29 17:59:16,223 [WARNING] Iter 10: tree 363 < 3 pts, skip
2025-04-29 17:59:16,278 [WARNING] Iter 21: tree 223 < 3 pts, skip
2025-04-29 17:59:16,290 [WARNING] Iter 5: tree 541 < 3 pts, skip
2025-04-29 17:59:16,303 [WARNING] Iter 20: tree 245 < 3 pts, skip
2025-04-29 17:59:16,319 [WARNING] Iter 10: tree 369 < 3 pts, skip
2025-04-29 17:59:16,328 [WARNING] Iter 20: tree 247 < 3 pts, skip
2025-04-29 17:59:16,357 [WARNING] Iter 6: tree 305 < 3 pts, skip
2025-04-29 17:59:16,413 [WARNING] Iter 6: tree 308 < 3 pts, skip
2025-04-29 17:59:16,464 [WARNING] Iter 20: tree 251 < 3 pts, skip
2025-04-29 17:59:16,496 [WARNING] Iter 11: tree 317 < 3 pts, skip
2025-04-29 17:59:16,521 [WARNING] Iter 20: tree 254 < 3 pts, skip
2025-04-29 17:59:16,522 [WARNING] Iter 5: tree 553 < 3 pts, skip
2025-04-29 17:59:16,526 [WARNING] Iter 11: tree 319 < 3 pts, skip
2025-04-29 17:59:16,526 [WARNING] Iter 20: tree 255 < 3 pts, skip
2025-04-29 17:59:16,567 [WARNING] Iter 11: tree 320 < 3 pts, skip
2025-04-29 17:59:16,579 [WARNING] Iter 21: tree 236 < 3 pts, skip
2025-04-29 17:59:16,659 [INFO] Iter 8 | R=1.00 Vres=1.00 MinP=4 | runtime=60.25s | 1-to-1=69.0%
2025-04-29 17:59:16,882 [INFO] Iter 11 | R=1.00 Vres=1.50 MinP=2 | runtime=59.19s | 1-to-1=69.0%
2025-04-29 17:59:17,102 [WARNING] Iter 5: tree 559 < 3 pts, skip
2025-04-29 17:59:17,119 [INFO] Iter 21 | R=1.00 Vres=2.50 MinP=2 | runtime=74.55s | 1-to-1=48.3%
2025-04-29 17:59:17,319 [WARNING] Iter 5: tree 562 < 3 pts, skip
2025-04-29 17:59:17,336 [WARNING] Iter 0: tree 242 < 3 pts, skip
2025-04-29 17:59:17,403 [INFO] Iter 7 | R=1.00 Vres=1.00 MinP=3 | runtime=60.36s | 1-to-1=65.5%
2025-04-29 17:59:17,415 [WARNING] Iter 20: tree 267 < 3 pts, skip
2025-04-29 17:59:17,631 [WARNING] Iter 20: tree 270 < 3 pts, skip
2025-04-29 17:59:17,645 [WARNING] Iter 0: tree 251 < 3 pts, skip
2025-04-29 17:59:17,697 [WARNING] Iter 20: tree 276 < 3 pts, skip
2025-04-29 17:59:17,738 [WARNING] Iter 20: tree 278 < 3 pts, skip
2025-04-29 17:59:17,750 [WARNING] Iter 5: tree 576 < 3 pts, skip
2025-04-29 17:59:17,766 [WARNING] Iter 5: tree 578 < 3 pts, skip
2025-04-29 17:59:17,797 [WARNING] Iter 20: tree 282 < 3 pts, skip
2025-04-29 17:59:17,800 [WARNING] Iter 5: tree 581 < 3 pts, skip
2025-04-29 17:59:17,808 [WARNING] Iter 1: tree 281 < 3 pts, skip
2025-04-29 17:59:17,809 [WARNING] Iter 20: tree 283 < 3 pts, skip
2025-04-29 17:59:17,815 [WARNING] Iter 5: tree 582 < 3 pts, skip
2025-04-29 17:59:17,825 [WARNING] Iter 10: tree 402 < 3 pts, skip
2025-04-29 17:59:17,828 [WARNING] Iter 20: tree 284 < 3 pts, skip
2025-04-29 17:59:17,909 [WARNING] Iter 5: tree 587 < 3 pts, skip
2025-04-29 17:59:17,919 [WARNING] Iter 5: tree 588 < 3 pts, skip
2025-04-29 17:59:17,944 [WARNING] Iter 5: tree 590 < 3 pts, skip
2025-04-29 17:59:17,978 [WARNING] Iter 0: tree 273 < 3 pts, skip
2025-04-29 17:59:18,035 [WARNING] Iter 0: tree 276 < 3 pts, skip
2025-04-29 17:59:18,065 [INFO] Iter 5 | R=1.00 Vres=1.00 MinP=1 | runtime=51.34s | 1-to-1=48.3%
2025-04-29 17:59:18,080 [WARNING] Iter 0: tree 279 < 3 pts, skip
2025-04-29 17:59:18,247 [WARNING] Iter 10: tree 414 < 3 pts, skip
2025-04-29 17:59:18,300 [WARNING] Iter 1: tree 299 < 3 pts, skip
2025-04-29 17:59:18,320 [WARNING] Iter 10: tree 420 < 3 pts, skip
2025-04-29 17:59:18,351 [WARNING] Iter 10: tree 423 < 3 pts, skip
2025-04-29 17:59:18,358 [WARNING] Iter 10: tree 424 < 3 pts, skip
2025-04-29 17:59:18,414 [WARNING] Iter 1: tree 309 < 3 pts, skip
2025-04-29 17:59:18,438 [WARNING] Iter 20: tree 310 < 3 pts, skip
2025-04-29 17:59:18,442 [WARNING] Iter 20: tree 311 < 3 pts, skip
2025-04-29 17:59:18,451 [WARNING] Iter 10: tree 431 < 3 pts, skip
2025-04-29 17:59:18,489 [WARNING] Iter 10: tree 433 < 3 pts, skip
2025-04-29 17:59:18,494 [WARNING] Iter 10: tree 434 < 3 pts, skip
2025-04-29 17:59:18,501 [WARNING] Iter 10: tree 435 < 3 pts, skip
2025-04-29 17:59:18,509 [WARNING] Iter 10: tree 436 < 3 pts, skip
2025-04-29 17:59:18,514 [WARNING] Iter 10: tree 437 < 3 pts, skip
2025-04-29 17:59:18,519 [WARNING] Iter 10: tree 438 < 3 pts, skip
2025-04-29 17:59:18,530 [INFO] Iter 33 | R=1.50 Vres=0.50 MinP=4 | runtime=59.18s | 1-to-1=58.6%
2025-04-29 17:59:18,775 [INFO] Iter 10 | R=1.00 Vres=1.50 MinP=1 | runtime=52.29s | 1-to-1=51.7%
2025-04-29 17:59:18,978 [WARNING] Iter 20: tree 318 < 3 pts, skip
2025-04-29 17:59:19,067 [INFO] Iter 32 | R=1.50 Vres=0.50 MinP=3 | runtime=61.24s | 1-to-1=55.2%
2025-04-29 17:59:19,072 [WARNING] Iter 20: tree 326 < 3 pts, skip
2025-04-29 17:59:19,072 [WARNING] Iter 20: tree 327 < 3 pts, skip
2025-04-29 17:59:19,201 [WARNING] Iter 20: tree 329 < 3 pts, skip
2025-04-29 17:59:19,235 [WARNING] Iter 20: tree 331 < 3 pts, skip
2025-04-29 17:59:19,254 [WARNING] Iter 20: tree 333 < 3 pts, skip
2025-04-29 17:59:19,256 [WARNING] Iter 20: tree 334 < 3 pts, skip
2025-04-29 17:59:19,275 [WARNING] Iter 20: tree 337 < 3 pts, skip
2025-04-29 17:59:19,363 [INFO] Iter 20 | R=1.00 Vres=2.50 MinP=1 | runtime=68.01s | 1-to-1=44.8%
2025-04-29 17:59:19,370 [WARNING] Iter 0: tree 324 < 3 pts, skip
2025-04-29 17:59:19,568 [WARNING] Iter 0: tree 330 < 3 pts, skip
2025-04-29 17:59:19,574 [WARNING] Iter 1: tree 343 < 3 pts, skip
2025-04-29 17:59:19,631 [WARNING] Iter 6: tree 401 < 3 pts, skip
2025-04-29 17:59:19,642 [WARNING] Iter 6: tree 403 < 3 pts, skip
2025-04-29 17:59:19,651 [WARNING] Iter 6: tree 405 < 3 pts, skip
2025-04-29 17:59:19,703 [INFO] Iter 34 | R=1.50 Vres=0.50 MinP=5 | runtime=60.76s | 1-to-1=58.6%
2025-04-29 17:59:19,986 [WARNING] Iter 0: tree 349 < 3 pts, skip
2025-04-29 17:59:20,003 [INFO] Iter 6 | R=1.00 Vres=1.00 MinP=2 | runtime=59.20s | 1-to-1=58.6%
2025-04-29 17:59:20,297 [INFO] Iter 4 | R=1.00 Vres=0.50 MinP=5 | runtime=77.61s | 1-to-1=62.1%
2025-04-29 17:59:20,423 [WARNING] Iter 1: tree 383 < 3 pts, skip
2025-04-29 17:59:20,428 [WARNING] Iter 35: tree 5 < 3 pts, skip
2025-04-29 17:59:20,460 [WARNING] Iter 0: tree 383 < 3 pts, skip
2025-04-29 17:59:20,530 [WARNING] Iter 0: tree 402 < 3 pts, skip
2025-04-29 17:59:20,542 [WARNING] Iter 1: tree 407 < 3 pts, skip
2025-04-29 17:59:20,545 [WARNING] Iter 1: tree 408 < 3 pts, skip
2025-04-29 17:59:20,583 [WARNING] Iter 0: tree 424 < 3 pts, skip
2025-04-29 17:59:20,678 [INFO] Iter 3 | R=1.00 Vres=0.50 MinP=4 | runtime=74.62s | 1-to-1=62.1%
2025-04-29 17:59:20,908 [WARNING] Iter 0: tree 457 < 3 pts, skip
2025-04-29 17:59:20,924 [WARNING] Iter 0: tree 465 < 3 pts, skip
2025-04-29 17:59:20,939 [WARNING] Iter 0: tree 474 < 3 pts, skip
2025-04-29 17:59:20,943 [WARNING] Iter 1: tree 445 < 3 pts, skip
2025-04-29 17:59:21,026 [WARNING] Iter 0: tree 519 < 3 pts, skip
2025-04-29 17:59:21,027 [WARNING] Iter 0: tree 520 < 3 pts, skip
2025-04-29 17:59:21,035 [WARNING] Iter 0: tree 525 < 3 pts, skip
2025-04-29 17:59:21,038 [WARNING] Iter 0: tree 528 < 3 pts, skip
2025-04-29 17:59:21,039 [WARNING] Iter 0: tree 530 < 3 pts, skip
2025-04-29 17:59:21,070 [WARNING] Iter 0: tree 550 < 3 pts, skip
2025-04-29 17:59:21,165 [INFO] Iter 2 | R=1.00 Vres=0.50 MinP=3 | runtime=77.66s | 1-to-1=65.5%
2025-04-29 17:59:21,168 [WARNING] Iter 0: tree 572 < 3 pts, skip
2025-04-29 17:59:21,368 [WARNING] Iter 0: tree 591 < 3 pts, skip
2025-04-29 17:59:21,374 [WARNING] Iter 0: tree 599 < 3 pts, skip
2025-04-29 17:59:21,375 [WARNING] Iter 0: tree 600 < 3 pts, skip
2025-04-29 17:59:21,412 [WARNING] Iter 0: tree 618 < 3 pts, skip
2025-04-29 17:59:21,418 [WARNING] Iter 0: tree 622 < 3 pts, skip
2025-04-29 17:59:21,423 [WARNING] Iter 0: tree 625 < 3 pts, skip
2025-04-29 17:59:21,425 [WARNING] Iter 0: tree 627 < 3 pts, skip
2025-04-29 17:59:21,425 [WARNING] Iter 0: tree 628 < 3 pts, skip
2025-04-29 17:59:21,452 [WARNING] Iter 0: tree 638 < 3 pts, skip
2025-04-29 17:59:21,452 [WARNING] Iter 0: tree 639 < 3 pts, skip
2025-04-29 17:59:21,467 [WARNING] Iter 1: tree 515 < 3 pts, skip
2025-04-29 17:59:21,486 [WARNING] Iter 0: tree 647 < 3 pts, skip
2025-04-29 17:59:21,538 [WARNING] Iter 0: tree 668 < 3 pts, skip
2025-04-29 17:59:21,579 [WARNING] Iter 0: tree 681 < 3 pts, skip
2025-04-29 17:59:21,582 [WARNING] Iter 35: tree 82 < 3 pts, skip
2025-04-29 17:59:21,590 [WARNING] Iter 1: tree 537 < 3 pts, skip
2025-04-29 17:59:21,692 [INFO] Iter 1 | R=1.00 Vres=0.50 MinP=2 | runtime=74.57s | 1-to-1=58.6%
2025-04-29 17:59:21,877 [WARNING] Iter 0: tree 701 < 3 pts, skip
2025-04-29 17:59:21,880 [WARNING] Iter 0: tree 704 < 3 pts, skip
2025-04-29 17:59:21,928 [WARNING] Iter 0: tree 734 < 3 pts, skip
2025-04-29 17:59:21,935 [WARNING] Iter 0: tree 740 < 3 pts, skip
2025-04-29 17:59:21,956 [WARNING] Iter 0: tree 752 < 3 pts, skip
2025-04-29 17:59:21,963 [WARNING] Iter 0: tree 764 < 3 pts, skip
2025-04-29 17:59:21,980 [WARNING] Iter 0: tree 767 < 3 pts, skip
2025-04-29 17:59:21,997 [WARNING] Iter 0: tree 774 < 3 pts, skip
2025-04-29 17:59:21,998 [WARNING] Iter 0: tree 775 < 3 pts, skip
2025-04-29 17:59:22,017 [WARNING] Iter 0: tree 788 < 3 pts, skip
2025-04-29 17:59:22,018 [WARNING] Iter 35: tree 128 < 3 pts, skip
2025-04-29 17:59:22,024 [WARNING] Iter 0: tree 794 < 3 pts, skip
2025-04-29 17:59:22,027 [WARNING] Iter 0: tree 799 < 3 pts, skip
2025-04-29 17:59:22,033 [WARNING] Iter 0: tree 802 < 3 pts, skip
2025-04-29 17:59:22,038 [WARNING] Iter 35: tree 145 < 3 pts, skip
2025-04-29 17:59:22,039 [WARNING] Iter 35: tree 147 < 3 pts, skip
2025-04-29 17:59:22,072 [WARNING] Iter 35: tree 160 < 3 pts, skip
2025-04-29 17:59:22,077 [WARNING] Iter 0: tree 815 < 3 pts, skip
2025-04-29 17:59:22,113 [WARNING] Iter 35: tree 170 < 3 pts, skip
2025-04-29 17:59:22,115 [INFO] Iter 0 | R=1.00 Vres=0.50 MinP=1 | runtime=75.08s | 1-to-1=44.8%
2025-04-29 17:59:22,253 [WARNING] Iter 35: tree 182 < 3 pts, skip
2025-04-29 17:59:22,349 [WARNING] Iter 35: tree 221 < 3 pts, skip
2025-04-29 17:59:22,371 [INFO] Iter 35 | R=1.50 Vres=1.00 MinP=1 | runtime=41.99s | 1-to-1=51.7%
2025-04-29 17:59:43,046 [WARNING] Iter 45: tree 3 < 3 pts, skip
2025-04-29 17:59:43,368 [WARNING] Iter 45: tree 70 < 3 pts, skip
2025-04-29 17:59:43,443 [WARNING] Iter 45: tree 101 < 3 pts, skip
2025-04-29 17:59:43,445 [WARNING] Iter 45: tree 110 < 3 pts, skip
2025-04-29 17:59:43,445 [WARNING] Iter 45: tree 111 < 3 pts, skip
2025-04-29 17:59:43,445 [WARNING] Iter 45: tree 113 < 3 pts, skip
2025-04-29 17:59:43,445 [WARNING] Iter 45: tree 115 < 3 pts, skip
2025-04-29 17:59:43,459 [WARNING] Iter 45: tree 120 < 3 pts, skip
2025-04-29 17:59:43,465 [WARNING] Iter 45: tree 132 < 3 pts, skip
2025-04-29 17:59:43,465 [WARNING] Iter 45: tree 133 < 3 pts, skip
2025-04-29 17:59:43,528 [WARNING] Iter 45: tree 166 < 3 pts, skip
2025-04-29 17:59:43,551 [INFO] Iter 45 | R=1.50 Vres=2.00 MinP=1 | runtime=29.64s | 1-to-1=58.6%
2025-04-29 17:59:45,123 [WARNING] Iter 36: tree 64 < 3 pts, skip
2025-04-29 17:59:45,200 [WARNING] Iter 36: tree 101 < 3 pts, skip
2025-04-29 17:59:45,206 [WARNING] Iter 36: tree 116 < 3 pts, skip
2025-04-29 17:59:45,206 [WARNING] Iter 36: tree 118 < 3 pts, skip
2025-04-29 17:59:45,330 [INFO] Iter 36 | R=1.50 Vres=1.00 MinP=2 | runtime=42.62s | 1-to-1=51.7%
2025-04-29 17:59:45,869 [WARNING] Iter 40: tree 3 < 3 pts, skip
2025-04-29 17:59:46,329 [WARNING] Iter 40: tree 74 < 3 pts, skip
2025-04-29 17:59:46,833 [WARNING] Iter 40: tree 101 < 3 pts, skip
2025-04-29 17:59:46,883 [WARNING] Iter 40: tree 119 < 3 pts, skip
2025-04-29 17:59:46,884 [WARNING] Iter 40: tree 121 < 3 pts, skip
2025-04-29 17:59:46,900 [WARNING] Iter 40: tree 124 < 3 pts, skip
2025-04-29 17:59:46,930 [WARNING] Iter 40: tree 135 < 3 pts, skip
2025-04-29 17:59:46,930 [WARNING] Iter 40: tree 136 < 3 pts, skip
2025-04-29 17:59:47,909 [WARNING] Iter 40: tree 176 < 3 pts, skip
2025-04-29 17:59:47,946 [INFO] Iter 40 | R=1.50 Vres=1.50 MinP=1 | runtime=34.99s | 1-to-1=65.5%
2025-04-29 17:59:50,687 [WARNING] Iter 46: tree 60 < 3 pts, skip
2025-04-29 17:59:50,825 [INFO] Iter 48 | R=1.50 Vres=2.00 MinP=4 | runtime=31.60s | 1-to-1=58.6%
2025-04-29 17:59:51,156 [INFO] Iter 47 | R=1.50 Vres=2.00 MinP=3 | runtime=31.62s | 1-to-1=58.6%
2025-04-29 17:59:51,617 [WARNING] Iter 46: tree 84 < 3 pts, skip
2025-04-29 17:59:51,675 [WARNING] Iter 46: tree 91 < 3 pts, skip
2025-04-29 17:59:51,678 [WARNING] Iter 46: tree 92 < 3 pts, skip
2025-04-29 17:59:51,690 [WARNING] Iter 46: tree 94 < 3 pts, skip
2025-04-29 17:59:53,670 [INFO] Iter 46 | R=1.50 Vres=2.00 MinP=2 | runtime=32.42s | 1-to-1=58.6%
2025-04-29 17:59:53,857 [INFO] Iter 37 | R=1.50 Vres=1.00 MinP=3 | runtime=43.04s | 1-to-1=51.7%
2025-04-29 17:59:54,260 [INFO] Iter 49 | R=1.50 Vres=2.00 MinP=5 | runtime=31.88s | 1-to-1=62.1%
2025-04-29 17:59:54,794 [INFO] Iter 42 | R=1.50 Vres=1.50 MinP=3 | runtime=35.95s | 1-to-1=69.0%
2025-04-29 17:59:54,993 [INFO] Iter 43 | R=1.50 Vres=1.50 MinP=4 | runtime=36.50s | 1-to-1=69.0%
2025-04-29 17:59:55,262 [WARNING] Iter 41: tree 60 < 3 pts, skip
2025-04-29 17:59:55,405 [WARNING] Iter 66: tree 66 < 3 pts, skip
2025-04-29 17:59:56,299 [WARNING] Iter 41: tree 85 < 3 pts, skip
2025-04-29 17:59:56,495 [WARNING] Iter 41: tree 102 < 3 pts, skip
2025-04-29 17:59:56,502 [WARNING] Iter 41: tree 104 < 3 pts, skip
2025-04-29 17:59:56,555 [INFO] Iter 44 | R=1.50 Vres=1.50 MinP=5 | runtime=38.01s | 1-to-1=69.0%
2025-04-29 17:59:56,569 [INFO] Iter 66 | R=2.00 Vres=1.00 MinP=2 | runtime=27.93s | 1-to-1=58.6%
2025-04-29 17:59:56,971 [WARNING] Iter 50: tree 3 < 3 pts, skip
2025-04-29 17:59:57,062 [INFO] Iter 38 | R=1.50 Vres=1.00 MinP=4 | runtime=41.20s | 1-to-1=55.2%
2025-04-29 17:59:58,540 [INFO] Iter 41 | R=1.50 Vres=1.50 MinP=2 | runtime=39.24s | 1-to-1=69.0%
2025-04-29 17:59:59,412 [WARNING] Iter 65: tree 4 < 3 pts, skip
2025-04-29 18:00:03,761 [WARNING] Iter 50: tree 60 < 3 pts, skip
2025-04-29 18:00:05,915 [WARNING] Iter 55: tree 3 < 3 pts, skip
2025-04-29 18:00:05,962 [WARNING] Iter 56: tree 52 < 3 pts, skip
2025-04-29 18:00:06,157 [WARNING] Iter 50: tree 99 < 3 pts, skip
2025-04-29 18:00:06,671 [WARNING] Iter 50: tree 107 < 3 pts, skip
2025-04-29 18:00:06,771 [WARNING] Iter 50: tree 109 < 3 pts, skip
2025-04-29 18:00:06,776 [WARNING] Iter 50: tree 110 < 3 pts, skip
2025-04-29 18:00:06,812 [WARNING] Iter 50: tree 112 < 3 pts, skip
2025-04-29 18:00:06,863 [WARNING] Iter 50: tree 114 < 3 pts, skip
2025-04-29 18:00:06,874 [INFO] Iter 59 | R=1.50 Vres=3.00 MinP=5 | runtime=35.64s | 1-to-1=69.0%
2025-04-29 18:00:09,389 [WARNING] Iter 56: tree 72 < 3 pts, skip
2025-04-29 18:00:09,720 [INFO] Iter 67 | R=2.00 Vres=1.00 MinP=3 | runtime=31.98s | 1-to-1=58.6%
2025-04-29 18:00:09,741 [WARNING] Iter 50: tree 127 < 3 pts, skip
2025-04-29 18:00:09,936 [WARNING] Iter 60: tree 5 < 3 pts, skip
2025-04-29 18:00:09,970 [WARNING] Iter 50: tree 129 < 3 pts, skip
2025-04-29 18:00:10,228 [WARNING] Iter 65: tree 79 < 3 pts, skip
2025-04-29 18:00:12,203 [WARNING] Iter 65: tree 85 < 3 pts, skip
2025-04-29 18:00:12,300 [WARNING] Iter 65: tree 89 < 3 pts, skip
2025-04-29 18:00:12,319 [WARNING] Iter 50: tree 145 < 3 pts, skip
2025-04-29 18:00:12,357 [WARNING] Iter 56: tree 95 < 3 pts, skip
2025-04-29 18:00:12,444 [WARNING] Iter 56: tree 97 < 3 pts, skip
2025-04-29 18:00:12,502 [INFO] Iter 50 | R=1.50 Vres=2.50 MinP=1 | runtime=38.01s | 1-to-1=55.2%
2025-04-29 18:00:12,869 [WARNING] Iter 65: tree 97 < 3 pts, skip
2025-04-29 18:00:13,689 [INFO] Iter 56 | R=1.50 Vres=3.00 MinP=2 | runtime=36.64s | 1-to-1=72.4%
2025-04-29 18:00:13,702 [WARNING] Iter 51: tree 50 < 3 pts, skip
2025-04-29 18:00:13,737 [WARNING] Iter 55: tree 62 < 3 pts, skip
2025-04-29 18:00:13,911 [INFO] Iter 57 | R=1.50 Vres=3.00 MinP=3 | runtime=36.46s | 1-to-1=69.0%
2025-04-29 18:00:14,265 [WARNING] Iter 65: tree 122 < 3 pts, skip
2025-04-29 18:00:14,271 [INFO] Iter 54 | R=1.50 Vres=2.50 MinP=5 | runtime=38.61s | 1-to-1=58.6%
2025-04-29 18:00:14,543 [INFO] Iter 65 | R=2.00 Vres=1.00 MinP=1 | runtime=33.35s | 1-to-1=55.2%
2025-04-29 18:00:14,834 [INFO] Iter 52 | R=1.50 Vres=2.50 MinP=3 | runtime=38.32s | 1-to-1=55.2%
2025-04-29 18:00:15,198 [WARNING] Iter 55: tree 83 < 3 pts, skip
2025-04-29 18:00:15,397 [INFO] Iter 53 | R=1.50 Vres=2.50 MinP=4 | runtime=39.23s | 1-to-1=55.2%
2025-04-29 18:00:15,505 [WARNING] Iter 55: tree 93 < 3 pts, skip
2025-04-29 18:00:15,512 [WARNING] Iter 51: tree 80 < 3 pts, skip
2025-04-29 18:00:15,645 [WARNING] Iter 51: tree 87 < 3 pts, skip
2025-04-29 18:00:15,650 [WARNING] Iter 51: tree 88 < 3 pts, skip
2025-04-29 18:00:15,653 [WARNING] Iter 51: tree 90 < 3 pts, skip
2025-04-29 18:00:15,728 [WARNING] Iter 55: tree 109 < 3 pts, skip
2025-04-29 18:00:15,740 [WARNING] Iter 55: tree 111 < 3 pts, skip
2025-04-29 18:00:15,744 [WARNING] Iter 55: tree 112 < 3 pts, skip
2025-04-29 18:00:15,748 [WARNING] Iter 55: tree 113 < 3 pts, skip
2025-04-29 18:00:15,945 [WARNING] Iter 51: tree 103 < 3 pts, skip
2025-04-29 18:00:15,965 [INFO] Iter 39 | R=1.50 Vres=1.00 MinP=5 | runtime=47.34s | 1-to-1=62.1%
2025-04-29 18:00:16,245 [WARNING] Iter 61: tree 76 < 3 pts, skip
2025-04-29 18:00:16,278 [WARNING] Iter 60: tree 93 < 3 pts, skip
2025-04-29 18:00:16,409 [WARNING] Iter 55: tree 139 < 3 pts, skip
2025-04-29 18:00:16,410 [INFO] Iter 51 | R=1.50 Vres=2.50 MinP=2 | runtime=42.37s | 1-to-1=55.2%
2025-04-29 18:00:16,447 [INFO] Iter 55 | R=1.50 Vres=3.00 MinP=1 | runtime=39.51s | 1-to-1=69.0%
2025-04-29 18:00:16,716 [WARNING] Iter 60: tree 105 < 3 pts, skip
2025-04-29 18:00:16,762 [WARNING] Iter 60: tree 109 < 3 pts, skip
2025-04-29 18:00:16,885 [WARNING] Iter 60: tree 119 < 3 pts, skip
2025-04-29 18:00:17,026 [INFO] Iter 64 | R=2.00 Vres=0.50 MinP=5 | runtime=41.16s | 1-to-1=58.6%
2025-04-29 18:00:17,267 [INFO] Iter 58 | R=1.50 Vres=3.00 MinP=4 | runtime=43.09s | 1-to-1=69.0%
2025-04-29 18:00:17,584 [INFO] Iter 63 | R=2.00 Vres=0.50 MinP=4 | runtime=41.53s | 1-to-1=62.1%
2025-04-29 18:00:17,784 [INFO] Iter 61 | R=2.00 Vres=0.50 MinP=2 | runtime=42.09s | 1-to-1=58.6%
2025-04-29 18:00:17,811 [INFO] Iter 62 | R=2.00 Vres=0.50 MinP=3 | runtime=40.01s | 1-to-1=58.6%
2025-04-29 18:00:18,141 [WARNING] Iter 60: tree 154 < 3 pts, skip
2025-04-29 18:00:18,198 [INFO] Iter 60 | R=2.00 Vres=0.50 MinP=1 | runtime=42.32s | 1-to-1=51.7%
2025-04-29 18:00:19,372 [WARNING] Iter 70: tree 3 < 3 pts, skip
2025-04-29 18:00:19,887 [WARNING] Iter 75: tree 2 < 3 pts, skip
2025-04-29 18:00:21,659 [INFO] Iter 68 | R=2.00 Vres=1.00 MinP=4 | runtime=30.29s | 1-to-1=62.1%
2025-04-29 18:00:22,348 [INFO] Iter 69 | R=2.00 Vres=1.00 MinP=5 | runtime=30.79s | 1-to-1=65.5%
2025-04-29 18:00:22,998 [WARNING] Iter 70: tree 68 < 3 pts, skip
2025-04-29 18:00:22,998 [WARNING] Iter 70: tree 70 < 3 pts, skip
2025-04-29 18:00:23,003 [WARNING] Iter 70: tree 74 < 3 pts, skip
2025-04-29 18:00:23,004 [WARNING] Iter 70: tree 75 < 3 pts, skip
2025-04-29 18:00:24,604 [WARNING] Iter 75: tree 66 < 3 pts, skip
2025-04-29 18:00:24,606 [WARNING] Iter 75: tree 67 < 3 pts, skip
2025-04-29 18:00:24,660 [WARNING] Iter 75: tree 72 < 3 pts, skip
2025-04-29 18:00:24,717 [WARNING] Iter 75: tree 77 < 3 pts, skip
2025-04-29 18:00:24,719 [WARNING] Iter 75: tree 78 < 3 pts, skip
2025-04-29 18:00:24,732 [WARNING] Iter 70: tree 96 < 3 pts, skip
2025-04-29 18:00:24,806 [INFO] Iter 70 | R=2.00 Vres=1.50 MinP=1 | runtime=27.93s | 1-to-1=62.1%
2025-04-29 18:00:25,164 [WARNING] Iter 75: tree 103 < 3 pts, skip
2025-04-29 18:00:25,198 [WARNING] Iter 76: tree 60 < 3 pts, skip
2025-04-29 18:00:25,201 [WARNING] Iter 76: tree 61 < 3 pts, skip
2025-04-29 18:00:25,239 [INFO] Iter 75 | R=2.00 Vres=2.00 MinP=1 | runtime=22.78s | 1-to-1=41.4%
2025-04-29 18:00:25,510 [INFO] Iter 77 | R=2.00 Vres=2.00 MinP=3 | runtime=22.60s | 1-to-1=41.4%
2025-04-29 18:00:25,791 [INFO] Iter 78 | R=2.00 Vres=2.00 MinP=4 | runtime=22.37s | 1-to-1=41.4%
2025-04-29 18:00:25,799 [INFO] Iter 76 | R=2.00 Vres=2.00 MinP=2 | runtime=23.48s | 1-to-1=41.4%
2025-04-29 18:00:28,111 [INFO] Iter 72 | R=2.00 Vres=1.50 MinP=3 | runtime=29.87s | 1-to-1=65.5%
2025-04-29 18:00:28,332 [INFO] Iter 79 | R=2.00 Vres=2.00 MinP=5 | runtime=24.44s | 1-to-1=44.8%
2025-04-29 18:00:29,723 [WARNING] Iter 80: tree 2 < 3 pts, skip
2025-04-29 18:00:29,745 [WARNING] Iter 71: tree 61 < 3 pts, skip
2025-04-29 18:00:29,979 [INFO] Iter 71 | R=2.00 Vres=1.50 MinP=2 | runtime=33.61s | 1-to-1=65.5%
2025-04-29 18:00:30,485 [INFO] Iter 74 | R=2.00 Vres=1.50 MinP=5 | runtime=31.10s | 1-to-1=65.5%
2025-04-29 18:00:30,749 [INFO] Iter 73 | R=2.00 Vres=1.50 MinP=4 | runtime=32.24s | 1-to-1=65.5%
2025-04-29 18:00:31,139 [WARNING] Iter 80: tree 68 < 3 pts, skip
2025-04-29 18:00:31,140 [WARNING] Iter 80: tree 69 < 3 pts, skip
2025-04-29 18:00:31,140 [WARNING] Iter 80: tree 71 < 3 pts, skip
2025-04-29 18:00:31,170 [WARNING] Iter 80: tree 79 < 3 pts, skip
2025-04-29 18:00:31,178 [WARNING] Iter 80: tree 81 < 3 pts, skip
2025-04-29 18:00:31,221 [WARNING] Iter 80: tree 92 < 3 pts, skip
2025-04-29 18:00:31,263 [WARNING] Iter 81: tree 62 < 3 pts, skip
2025-04-29 18:00:31,265 [INFO] Iter 80 | R=2.00 Vres=2.50 MinP=1 | runtime=28.95s | 1-to-1=48.3%
2025-04-29 18:00:31,265 [WARNING] Iter 81: tree 63 < 3 pts, skip
2025-04-29 18:00:31,413 [WARNING] Iter 81: tree 72 < 3 pts, skip
2025-04-29 18:00:31,478 [INFO] Iter 81 | R=2.00 Vres=2.50 MinP=2 | runtime=27.46s | 1-to-1=48.3%
2025-04-29 18:00:36,565 [WARNING] Iter 85: tree 2 < 3 pts, skip
2025-04-29 18:00:36,944 [WARNING] Iter 85: tree 58 < 3 pts, skip
2025-04-29 18:00:36,950 [WARNING] Iter 85: tree 67 < 3 pts, skip
2025-04-29 18:00:36,950 [WARNING] Iter 85: tree 68 < 3 pts, skip
2025-04-29 18:00:36,950 [WARNING] Iter 85: tree 69 < 3 pts, skip
2025-04-29 18:00:36,981 [WARNING] Iter 85: tree 84 < 3 pts, skip
2025-04-29 18:00:36,993 [INFO] Iter 85 | R=2.00 Vres=3.00 MinP=1 | runtime=21.87s | 1-to-1=62.1%
2025-04-29 18:00:41,036 [INFO] Iter 82 | R=2.00 Vres=2.50 MinP=3 | runtime=30.34s | 1-to-1=37.9%
2025-04-29 18:00:41,042 [INFO] Iter 88 | R=2.00 Vres=3.00 MinP=4 | runtime=23.01s | 1-to-1=62.1%
2025-04-29 18:00:42,766 [INFO] Iter 89 | R=2.00 Vres=3.00 MinP=5 | runtime=24.93s | 1-to-1=62.1%
2025-04-29 18:00:42,997 [INFO] Iter 87 | R=2.00 Vres=3.00 MinP=3 | runtime=25.48s | 1-to-1=62.1%
2025-04-29 18:00:44,055 [WARNING] Iter 86: tree 60 < 3 pts, skip
2025-04-29 18:00:44,233 [INFO] Iter 86 | R=2.00 Vres=3.00 MinP=2 | runtime=26.70s | 1-to-1=65.5%
2025-04-29 18:00:45,946 [WARNING] Iter 105: tree 2 < 3 pts, skip
2025-04-29 18:00:46,723 [WARNING] Iter 95: tree 3 < 3 pts, skip
2025-04-29 18:00:47,282 [INFO] Iter 84 | R=2.00 Vres=2.50 MinP=5 | runtime=29.80s | 1-to-1=37.9%
2025-04-29 18:00:48,518 [WARNING] Iter 100: tree 2 < 3 pts, skip
2025-04-29 18:00:49,388 [INFO] Iter 96 | R=2.50 Vres=1.00 MinP=2 | runtime=26.02s | 1-to-1=48.3%
2025-04-29 18:00:49,599 [WARNING] Iter 105: tree 61 < 3 pts, skip
2025-04-29 18:00:49,599 [WARNING] Iter 105: tree 62 < 3 pts, skip
2025-04-29 18:00:49,991 [WARNING] Iter 105: tree 75 < 3 pts, skip
2025-04-29 18:00:51,728 [INFO] Iter 105 | R=2.50 Vres=2.00 MinP=1 | runtime=17.04s | 1-to-1=31.0%
2025-04-29 18:00:52,123 [WARNING] Iter 95: tree 65 < 3 pts, skip
2025-04-29 18:00:52,193 [INFO] Iter 106 | R=2.50 Vres=2.00 MinP=2 | runtime=16.72s | 1-to-1=31.0%
2025-04-29 18:00:52,211 [WARNING] Iter 95: tree 71 < 3 pts, skip
2025-04-29 18:00:52,743 [WARNING] Iter 95: tree 83 < 3 pts, skip
2025-04-29 18:00:52,846 [INFO] Iter 95 | R=2.50 Vres=1.00 MinP=1 | runtime=25.54s | 1-to-1=44.8%
2025-04-29 18:00:53,406 [WARNING] Iter 100: tree 54 < 3 pts, skip
2025-04-29 18:00:53,412 [WARNING] Iter 100: tree 55 < 3 pts, skip
2025-04-29 18:00:53,967 [INFO] Iter 83 | R=2.00 Vres=2.50 MinP=4 | runtime=35.73s | 1-to-1=37.9%
2025-04-29 18:00:53,987 [WARNING] Iter 100: tree 68 < 3 pts, skip
2025-04-29 18:00:54,253 [INFO] Iter 100 | R=2.50 Vres=1.50 MinP=1 | runtime=24.09s | 1-to-1=58.6%
2025-04-29 18:00:57,324 [INFO] Iter 107 | R=2.50 Vres=2.00 MinP=3 | runtime=17.38s | 1-to-1=31.0%
2025-04-29 18:00:57,807 [WARNING] Iter 90: tree 4 < 3 pts, skip
2025-04-29 18:00:58,482 [INFO] Iter 101 | R=2.50 Vres=1.50 MinP=2 | runtime=25.43s | 1-to-1=62.1%
2025-04-29 18:00:58,821 [INFO] Iter 98 | R=2.50 Vres=1.00 MinP=4 | runtime=30.27s | 1-to-1=51.7%
2025-04-29 18:00:59,571 [INFO] Iter 109 | R=2.50 Vres=2.00 MinP=5 | runtime=16.94s | 1-to-1=34.5%
2025-04-29 18:00:59,733 [INFO] Iter 99 | R=2.50 Vres=1.00 MinP=5 | runtime=30.43s | 1-to-1=55.2%
2025-04-29 18:01:01,061 [INFO] Iter 108 | R=2.50 Vres=2.00 MinP=4 | runtime=18.75s | 1-to-1=31.0%
2025-04-29 18:01:01,610 [WARNING] Iter 110: tree 2 < 3 pts, skip
2025-04-29 18:01:01,629 [INFO] Iter 104 | R=2.50 Vres=1.50 MinP=5 | runtime=24.07s | 1-to-1=62.1%
2025-04-29 18:01:04,158 [WARNING] Iter 90: tree 81 < 3 pts, skip
2025-04-29 18:01:04,323 [INFO] Iter 103 | R=2.50 Vres=1.50 MinP=4 | runtime=26.70s | 1-to-1=62.1%
2025-04-29 18:01:04,326 [INFO] Iter 102 | R=2.50 Vres=1.50 MinP=3 | runtime=26.79s | 1-to-1=62.1%
2025-04-29 18:01:05,593 [INFO] Iter 97 | R=2.50 Vres=1.00 MinP=3 | runtime=33.77s | 1-to-1=48.3%
2025-04-29 18:01:05,750 [WARNING] Iter 90: tree 88 < 3 pts, skip
2025-04-29 18:01:06,015 [INFO] Iter 112 | R=2.50 Vres=2.50 MinP=3 | runtime=21.02s | 1-to-1=27.6%
2025-04-29 18:01:06,737 [INFO] Iter 91 | R=2.50 Vres=0.50 MinP=2 | runtime=35.60s | 1-to-1=58.6%
2025-04-29 18:01:06,756 [WARNING] Iter 90: tree 110 < 3 pts, skip
2025-04-29 18:01:07,367 [INFO] Iter 90 | R=2.50 Vres=0.50 MinP=1 | runtime=36.27s | 1-to-1=51.7%
2025-04-29 18:01:07,621 [WARNING] Iter 110: tree 53 < 3 pts, skip
2025-04-29 18:01:07,642 [WARNING] Iter 110: tree 55 < 3 pts, skip
2025-04-29 18:01:07,712 [WARNING] Iter 110: tree 59 < 3 pts, skip
2025-04-29 18:01:07,839 [INFO] Iter 110 | R=2.50 Vres=2.50 MinP=1 | runtime=23.68s | 1-to-1=44.8%
2025-04-29 18:01:08,734 [WARNING] Iter 111: tree 50 < 3 pts, skip
2025-04-29 18:01:08,903 [INFO] Iter 111 | R=2.50 Vres=2.50 MinP=2 | runtime=23.62s | 1-to-1=44.8%
2025-04-29 18:01:09,166 [INFO] Iter 94 | R=2.50 Vres=0.50 MinP=5 | runtime=36.62s | 1-to-1=55.2%
2025-04-29 18:01:09,573 [INFO] Iter 113 | R=2.50 Vres=2.50 MinP=4 | runtime=25.28s | 1-to-1=27.6%
2025-04-29 18:01:11,140 [INFO] Iter 93 | R=2.50 Vres=0.50 MinP=4 | runtime=39.43s | 1-to-1=62.1%
2025-04-29 18:01:11,391 [INFO] Iter 114 | R=2.50 Vres=2.50 MinP=5 | runtime=21.80s | 1-to-1=27.6%
2025-04-29 18:01:11,408 [INFO] Iter 92 | R=2.50 Vres=0.50 MinP=3 | runtime=40.32s | 1-to-1=58.6%
2025-04-29 18:01:11,666 [WARNING] Iter 115: tree 2 < 3 pts, skip
2025-04-29 18:01:11,776 [INFO] Iter 118 | R=2.50 Vres=3.00 MinP=4 | runtime=17.95s | 1-to-1=69.0%
2025-04-29 18:01:12,020 [INFO] Iter 117 | R=2.50 Vres=3.00 MinP=3 | runtime=18.14s | 1-to-1=69.0%
2025-04-29 18:01:12,582 [INFO] Iter 116 | R=2.50 Vres=3.00 MinP=2 | runtime=21.65s | 1-to-1=69.0%
2025-04-29 18:01:12,984 [INFO] Iter 119 | R=2.50 Vres=3.00 MinP=5 | runtime=20.12s | 1-to-1=69.0%
2025-04-29 18:01:13,147 [WARNING] Iter 115: tree 56 < 3 pts, skip
2025-04-29 18:01:13,147 [WARNING] Iter 115: tree 57 < 3 pts, skip
2025-04-29 18:01:13,173 [WARNING] Iter 115: tree 62 < 3 pts, skip
2025-04-29 18:01:13,193 [INFO] Iter 115 | R=2.50 Vres=3.00 MinP=1 | runtime=24.48s | 1-to-1=65.5%
2025-04-29 18:01:19,402 [WARNING] Iter 120: tree 66 < 3 pts, skip
2025-04-29 18:01:19,450 [INFO] Iter 120 | R=3.00 Vres=0.50 MinP=1 | runtime=30.33s | 1-to-1=48.3%
2025-04-29 18:01:21,484 [WARNING] Iter 125: tree 53 < 3 pts, skip
2025-04-29 18:01:21,523 [INFO] Iter 125 | R=3.00 Vres=1.00 MinP=1 | runtime=25.93s | 1-to-1=44.8%
2025-04-29 18:01:27,778 [INFO] Iter 126 | R=3.00 Vres=1.00 MinP=2 | runtime=26.55s | 1-to-1=48.3%
2025-04-29 18:01:28,184 [INFO] Iter 136 | R=3.00 Vres=2.00 MinP=2 | runtime=15.42s | 1-to-1=34.5%
2025-04-29 18:01:33,121 [WARNING] Iter 130: tree 47 < 3 pts, skip
2025-04-29 18:01:33,250 [WARNING] Iter 135: tree 49 < 3 pts, skip
2025-04-29 18:01:33,604 [INFO] Iter 130 | R=3.00 Vres=1.50 MinP=1 | runtime=22.88s | 1-to-1=58.6%
2025-04-29 18:01:33,952 [INFO] Iter 137 | R=3.00 Vres=2.00 MinP=3 | runtime=16.50s | 1-to-1=34.5%
2025-04-29 18:01:34,524 [INFO] Iter 131 | R=3.00 Vres=1.50 MinP=2 | runtime=22.65s | 1-to-1=62.1%
2025-04-29 18:01:34,650 [INFO] Iter 138 | R=3.00 Vres=2.00 MinP=4 | runtime=15.81s | 1-to-1=34.5%
2025-04-29 18:01:35,861 [INFO] Iter 135 | R=3.00 Vres=2.00 MinP=1 | runtime=17.98s | 1-to-1=34.5%
2025-04-29 18:01:36,495 [INFO] Iter 122 | R=3.00 Vres=0.50 MinP=3 | runtime=30.73s | 1-to-1=58.6%
2025-04-29 18:01:36,812 [INFO] Iter 127 | R=3.00 Vres=1.00 MinP=3 | runtime=25.03s | 1-to-1=48.3%
2025-04-29 18:01:38,618 [INFO] Iter 139 | R=3.00 Vres=2.00 MinP=5 | runtime=17.73s | 1-to-1=37.9%
2025-04-29 18:01:39,119 [INFO] Iter 132 | R=3.00 Vres=1.50 MinP=3 | runtime=24.03s | 1-to-1=62.1%
2025-04-29 18:01:41,867 [INFO] Iter 129 | R=3.00 Vres=1.00 MinP=5 | runtime=26.31s | 1-to-1=55.2%
2025-04-29 18:01:42,542 [INFO] Iter 128 | R=3.00 Vres=1.00 MinP=4 | runtime=26.56s | 1-to-1=51.7%
2025-04-29 18:01:43,618 [INFO] Iter 124 | R=3.00 Vres=0.50 MinP=5 | runtime=32.53s | 1-to-1=55.2%
2025-04-29 18:01:43,991 [WARNING] Iter 140: tree 44 < 3 pts, skip
2025-04-29 18:01:44,193 [INFO] Iter 121 | R=3.00 Vres=0.50 MinP=2 | runtime=35.10s | 1-to-1=58.6%
2025-04-29 18:01:44,623 [INFO] Iter 134 | R=3.00 Vres=1.50 MinP=5 | runtime=22.31s | 1-to-1=62.1%
2025-04-29 18:01:44,942 [INFO] Iter 140 | R=3.00 Vres=2.50 MinP=1 | runtime=18.76s | 1-to-1=48.3%
2025-04-29 18:01:45,271 [INFO] Iter 123 | R=3.00 Vres=0.50 MinP=4 | runtime=31.75s | 1-to-1=62.1%
2025-04-29 18:01:46,058 [INFO] Iter 133 | R=3.00 Vres=1.50 MinP=4 | runtime=25.25s | 1-to-1=62.1%
2025-04-29 18:01:46,818 [INFO] Iter 143 | R=3.00 Vres=2.50 MinP=4 | runtime=18.76s | 1-to-1=48.3%
2025-04-29 18:01:47,382 [WARNING] Iter 141: tree 42 < 3 pts, skip
2025-04-29 18:01:47,540 [INFO] Iter 141 | R=3.00 Vres=2.50 MinP=2 | runtime=19.14s | 1-to-1=48.3%
2025-04-29 18:01:47,886 [INFO] Iter 144 | R=3.00 Vres=2.50 MinP=5 | runtime=19.89s | 1-to-1=48.3%
2025-04-29 18:01:48,186 [INFO] Iter 142 | R=3.00 Vres=2.50 MinP=3 | runtime=22.08s | 1-to-1=48.3%
2025-04-29 18:01:48,718 [INFO] Iter 148 | R=3.00 Vres=3.00 MinP=4 | runtime=19.36s | 1-to-1=69.0%
2025-04-29 18:01:48,742 [INFO] Iter 147 | R=3.00 Vres=3.00 MinP=3 | runtime=18.30s | 1-to-1=69.0%
2025-04-29 18:01:49,093 [INFO] Iter 146 | R=3.00 Vres=3.00 MinP=2 | runtime=19.61s | 1-to-1=69.0%
2025-04-29 18:01:49,319 [WARNING] Iter 145: tree 48 < 3 pts, skip
2025-04-29 18:01:49,328 [INFO] Iter 149 | R=3.00 Vres=3.00 MinP=5 | runtime=18.40s | 1-to-1=69.0%
2025-04-29 18:01:49,536 [INFO] Iter 145 | R=3.00 Vres=3.00 MinP=1 | runtime=19.97s | 1-to-1=65.5%
2025-04-29 18:01:50,926 [WARNING] Iter 150: tree 63 < 3 pts, skip
2025-04-29 18:01:51,337 [INFO] Iter 150 | R=3.50 Vres=0.50 MinP=1 | runtime=28.61s | 1-to-1=65.5%
2025-04-29 18:01:51,562 [INFO] Iter 151 | R=3.50 Vres=0.50 MinP=2 | runtime=28.86s | 1-to-1=72.4%
2025-04-29 18:01:51,913 [WARNING] Iter 155: tree 51 < 3 pts, skip
2025-04-29 18:01:51,970 [INFO] Iter 155 | R=3.50 Vres=1.00 MinP=1 | runtime=20.60s | 1-to-1=51.7%
2025-04-29 18:01:52,239 [INFO] Iter 152 | R=3.50 Vres=0.50 MinP=3 | runtime=30.48s | 1-to-1=72.4%
2025-04-29 18:01:53,706 [INFO] Iter 153 | R=3.50 Vres=0.50 MinP=4 | runtime=29.85s | 1-to-1=75.9%
2025-04-29 18:02:01,746 [INFO] Iter 162 | R=3.50 Vres=1.50 MinP=3 | runtime=19.05s | 1-to-1=62.1%
2025-04-29 18:02:02,614 [WARNING] Iter 165: tree 41 < 3 pts, skip
2025-04-29 18:02:03,060 [INFO] Iter 165 | R=3.50 Vres=2.00 MinP=1 | runtime=13.87s | 1-to-1=27.6%
2025-04-29 18:02:06,348 [INFO] Iter 158 | R=3.50 Vres=1.00 MinP=4 | runtime=21.76s | 1-to-1=58.6%
2025-04-29 18:02:07,458 [INFO] Iter 159 | R=3.50 Vres=1.00 MinP=5 | runtime=21.85s | 1-to-1=62.1%
2025-04-29 18:02:07,706 [INFO] Iter 161 | R=3.50 Vres=1.50 MinP=2 | runtime=19.65s | 1-to-1=62.1%
2025-04-29 18:02:08,095 [INFO] Iter 157 | R=3.50 Vres=1.00 MinP=3 | runtime=23.14s | 1-to-1=55.2%
2025-04-29 18:02:08,230 [WARNING] Iter 160: tree 44 < 3 pts, skip
2025-04-29 18:02:08,401 [INFO] Iter 160 | R=3.50 Vres=1.50 MinP=1 | runtime=20.19s | 1-to-1=58.6%
2025-04-29 18:02:09,082 [INFO] Iter 154 | R=3.50 Vres=0.50 MinP=5 | runtime=29.76s | 1-to-1=69.0%
2025-04-29 18:02:09,351 [INFO] Iter 156 | R=3.50 Vres=1.00 MinP=2 | runtime=23.91s | 1-to-1=55.2%
2025-04-29 18:02:10,454 [INFO] Iter 168 | R=3.50 Vres=2.00 MinP=4 | runtime=15.43s | 1-to-1=27.6%
2025-04-29 18:02:13,605 [INFO] Iter 164 | R=3.50 Vres=1.50 MinP=5 | runtime=20.70s | 1-to-1=62.1%
2025-04-29 18:02:13,763 [INFO] Iter 163 | R=3.50 Vres=1.50 MinP=4 | runtime=21.19s | 1-to-1=62.1%
2025-04-29 18:02:14,266 [INFO] Iter 167 | R=3.50 Vres=2.00 MinP=3 | runtime=16.17s | 1-to-1=27.6%
2025-04-29 18:02:14,931 [INFO] Iter 169 | R=3.50 Vres=2.00 MinP=5 | runtime=15.09s | 1-to-1=27.6%
2025-04-29 18:02:15,483 [WARNING] Iter 170: tree 39 < 3 pts, skip
2025-04-29 18:02:15,751 [INFO] Iter 166 | R=3.50 Vres=2.00 MinP=2 | runtime=18.03s | 1-to-1=27.6%
2025-04-29 18:02:16,015 [INFO] Iter 170 | R=3.50 Vres=2.50 MinP=1 | runtime=15.61s | 1-to-1=31.0%
2025-04-29 18:02:16,454 [WARNING] Iter 171: tree 37 < 3 pts, skip
2025-04-29 18:02:16,809 [INFO] Iter 171 | R=3.50 Vres=2.50 MinP=2 | runtime=16.61s | 1-to-1=31.0%
2025-04-29 18:02:17,867 [INFO] Iter 179 | R=3.50 Vres=3.00 MinP=5 | runtime=15.74s | 1-to-1=69.0%
2025-04-29 18:02:18,237 [INFO] Iter 176 | R=3.50 Vres=3.00 MinP=2 | runtime=14.65s | 1-to-1=69.0%
2025-04-29 18:02:18,281 [INFO] Iter 173 | R=3.50 Vres=2.50 MinP=4 | runtime=16.98s | 1-to-1=31.0%
2025-04-29 18:02:18,525 [WARNING] Iter 175: tree 44 < 3 pts, skip
2025-04-29 18:02:18,533 [INFO] Iter 178 | R=3.50 Vres=3.00 MinP=4 | runtime=16.26s | 1-to-1=69.0%
2025-04-29 18:02:19,324 [INFO] Iter 172 | R=3.50 Vres=2.50 MinP=3 | runtime=18.56s | 1-to-1=31.0%
2025-04-29 18:02:19,329 [INFO] Iter 175 | R=3.50 Vres=3.00 MinP=1 | runtime=17.08s | 1-to-1=65.5%
2025-04-29 18:02:19,568 [INFO] Iter 174 | R=3.50 Vres=2.50 MinP=5 | runtime=17.08s | 1-to-1=31.0%
2025-04-29 18:02:19,812 [INFO] Iter 177 | R=3.50 Vres=3.00 MinP=3 | runtime=15.14s | 1-to-1=69.0%
2025-04-29 18:02:23,663 [INFO] Iter 185 | R=4.00 Vres=1.00 MinP=1 | runtime=20.79s | 1-to-1=48.3%
2025-04-29 18:02:23,933 [INFO] Iter 180 | R=4.00 Vres=0.50 MinP=1 | runtime=24.49s | 1-to-1=69.0%
2025-04-29 18:02:24,508 [INFO] Iter 182 | R=4.00 Vres=0.50 MinP=3 | runtime=25.59s | 1-to-1=72.4%
2025-04-29 18:02:24,718 [INFO] Iter 186 | R=4.00 Vres=1.00 MinP=2 | runtime=21.41s | 1-to-1=51.7%
2025-04-29 18:02:24,747 [INFO] Iter 181 | R=4.00 Vres=0.50 MinP=2 | runtime=27.08s | 1-to-1=72.4%
2025-04-29 18:02:25,814 [INFO] Iter 184 | R=4.00 Vres=0.50 MinP=5 | runtime=28.91s | 1-to-1=62.1%
2025-04-29 18:02:26,034 [INFO] Iter 183 | R=4.00 Vres=0.50 MinP=4 | runtime=28.53s | 1-to-1=65.5%
2025-04-29 18:02:27,710 [INFO] Iter 187 | R=4.00 Vres=1.00 MinP=3 | runtime=20.79s | 1-to-1=44.8%
2025-04-29 18:02:29,150 [INFO] Iter 195 | R=4.00 Vres=2.00 MinP=1 | runtime=13.61s | 1-to-1=27.6%
2025-04-29 18:02:32,294 [INFO] Iter 188 | R=4.00 Vres=1.00 MinP=4 | runtime=20.18s | 1-to-1=48.3%
2025-04-29 18:02:32,895 [INFO] Iter 190 | R=4.00 Vres=1.50 MinP=1 | runtime=18.09s | 1-to-1=51.7%
2025-04-29 18:02:34,622 [INFO] Iter 193 | R=4.00 Vres=1.50 MinP=4 | runtime=17.59s | 1-to-1=48.3%
2025-04-29 18:02:35,396 [INFO] Iter 196 | R=4.00 Vres=2.00 MinP=2 | runtime=14.71s | 1-to-1=27.6%
2025-04-29 18:02:35,512 [INFO] Iter 198 | R=4.00 Vres=2.00 MinP=4 | runtime=12.85s | 1-to-1=27.6%
2025-04-29 18:02:36,144 [INFO] Iter 192 | R=4.00 Vres=1.50 MinP=3 | runtime=18.71s | 1-to-1=48.3%
2025-04-29 18:02:38,161 [INFO] Iter 194 | R=4.00 Vres=1.50 MinP=5 | runtime=18.46s | 1-to-1=48.3%
2025-04-29 18:02:38,415 [INFO] Iter 197 | R=4.00 Vres=2.00 MinP=3 | runtime=13.73s | 1-to-1=27.6%
2025-04-29 18:02:38,642 [INFO] Iter 191 | R=4.00 Vres=1.50 MinP=2 | runtime=19.13s | 1-to-1=55.2%
2025-04-29 18:02:38,805 [INFO] Iter 199 | R=4.00 Vres=2.00 MinP=5 | runtime=14.45s | 1-to-1=27.6%
2025-04-29 18:02:41,753 [INFO] Iter 201 | R=4.00 Vres=2.50 MinP=2 | runtime=14.06s | 1-to-1=31.0%
2025-04-29 18:02:41,942 [INFO] Iter 189 | R=4.00 Vres=1.00 MinP=5 | runtime=22.76s | 1-to-1=48.3%
2025-04-29 18:02:42,815 [INFO] Iter 202 | R=4.00 Vres=2.50 MinP=3 | runtime=14.09s | 1-to-1=31.0%
2025-04-29 18:02:43,016 [INFO] Iter 203 | R=4.00 Vres=2.50 MinP=4 | runtime=14.00s | 1-to-1=31.0%
2025-04-29 18:02:43,621 [INFO] Iter 200 | R=4.00 Vres=2.50 MinP=1 | runtime=15.84s | 1-to-1=31.0%
2025-04-29 18:02:43,631 [INFO] Iter 205 | R=4.00 Vres=3.00 MinP=1 | runtime=12.83s | 1-to-1=58.6%
2025-04-29 18:02:43,907 [INFO] Iter 207 | R=4.00 Vres=3.00 MinP=3 | runtime=13.55s | 1-to-1=58.6%
2025-04-29 18:02:44,145 [INFO] Iter 204 | R=4.00 Vres=2.50 MinP=5 | runtime=14.42s | 1-to-1=31.0%
2025-04-29 18:02:44,292 [INFO] Iter 208 | R=4.00 Vres=3.00 MinP=4 | runtime=13.75s | 1-to-1=58.6%
2025-04-29 18:02:44,584 [INFO] Iter 209 | R=4.00 Vres=3.00 MinP=5 | runtime=14.01s | 1-to-1=58.6%
2025-04-29 18:02:44,874 [INFO] Iter 206 | R=4.00 Vres=3.00 MinP=2 | runtime=16.11s | 1-to-1=62.1%
2025-04-29 18:02:53,185 [INFO] Iter 215 | R=4.50 Vres=1.00 MinP=1 | runtime=18.37s | 1-to-1=37.9%
2025-04-29 18:02:53,671 [INFO] Iter 211 | R=4.50 Vres=0.50 MinP=2 | runtime=23.84s | 1-to-1=72.4%
2025-04-29 18:02:54,164 [INFO] Iter 220 | R=4.50 Vres=1.50 MinP=1 | runtime=15.39s | 1-to-1=37.9%
2025-04-29 18:02:54,511 [INFO] Iter 217 | R=4.50 Vres=1.00 MinP=3 | runtime=18.52s | 1-to-1=34.5%
2025-04-29 18:02:55,086 [INFO] Iter 218 | R=4.50 Vres=1.00 MinP=4 | runtime=20.29s | 1-to-1=34.5%
2025-04-29 18:02:55,467 [INFO] Iter 216 | R=4.50 Vres=1.00 MinP=2 | runtime=19.57s | 1-to-1=41.4%
2025-04-29 18:02:55,960 [INFO] Iter 210 | R=4.50 Vres=0.50 MinP=1 | runtime=26.68s | 1-to-1=69.0%
2025-04-29 18:02:56,721 [INFO] Iter 219 | R=4.50 Vres=1.00 MinP=5 | runtime=19.64s | 1-to-1=34.5%
2025-04-29 18:02:58,926 [INFO] Iter 226 | R=4.50 Vres=2.00 MinP=2 | runtime=13.14s | 1-to-1=27.6%
2025-04-29 18:02:59,149 [INFO] Iter 225 | R=4.50 Vres=2.00 MinP=1 | runtime=13.25s | 1-to-1=27.6%
2025-04-29 18:02:59,468 [INFO] Iter 222 | R=4.50 Vres=1.50 MinP=3 | runtime=15.93s | 1-to-1=31.0%
2025-04-29 18:02:59,626 [INFO] Iter 212 | R=4.50 Vres=0.50 MinP=3 | runtime=25.33s | 1-to-1=72.4%
2025-04-29 18:03:02,676 [INFO] Iter 214 | R=4.50 Vres=0.50 MinP=5 | runtime=25.34s | 1-to-1=58.6%
2025-04-29 18:03:05,197 [INFO] Iter 221 | R=4.50 Vres=1.50 MinP=2 | runtime=17.98s | 1-to-1=37.9%
2025-04-29 18:03:06,612 [INFO] Iter 227 | R=4.50 Vres=2.00 MinP=3 | runtime=14.63s | 1-to-1=27.6%
2025-04-29 18:03:07,114 [INFO] Iter 228 | R=4.50 Vres=2.00 MinP=4 | runtime=14.25s | 1-to-1=27.6%
2025-04-29 18:03:07,405 [INFO] Iter 224 | R=4.50 Vres=1.50 MinP=5 | runtime=17.12s | 1-to-1=31.0%
2025-04-29 18:03:08,618 [INFO] Iter 213 | R=4.50 Vres=0.50 MinP=4 | runtime=28.92s | 1-to-1=62.1%
2025-04-29 18:03:09,302 [INFO] Iter 223 | R=4.50 Vres=1.50 MinP=4 | runtime=19.10s | 1-to-1=31.0%
2025-04-29 18:03:09,351 [INFO] Iter 230 | R=4.50 Vres=2.50 MinP=1 | runtime=15.52s | 1-to-1=31.0%
2025-04-29 18:03:09,787 [INFO] Iter 229 | R=4.50 Vres=2.00 MinP=5 | runtime=15.60s | 1-to-1=27.6%
2025-04-29 18:03:10,367 [INFO] Iter 239 | R=4.50 Vres=3.00 MinP=5 | runtime=14.28s | 1-to-1=37.9%
2025-04-29 18:03:10,590 [INFO] Iter 234 | R=4.50 Vres=2.50 MinP=5 | runtime=13.36s | 1-to-1=31.0%
2025-04-29 18:03:10,885 [INFO] Iter 236 | R=4.50 Vres=3.00 MinP=2 | runtime=14.96s | 1-to-1=41.4%
2025-04-29 18:03:11,167 [INFO] Iter 232 | R=4.50 Vres=2.50 MinP=3 | runtime=14.21s | 1-to-1=31.0%
2025-04-29 18:03:11,169 [INFO] Iter 237 | R=4.50 Vres=3.00 MinP=3 | runtime=14.73s | 1-to-1=37.9%
2025-04-29 18:03:11,388 [INFO] Iter 238 | R=4.50 Vres=3.00 MinP=4 | runtime=14.56s | 1-to-1=37.9%
2025-04-29 18:03:11,588 [INFO] Iter 231 | R=4.50 Vres=2.50 MinP=2 | runtime=14.56s | 1-to-1=31.0%
2025-04-29 18:03:11,755 [INFO] Iter 233 | R=4.50 Vres=2.50 MinP=4 | runtime=15.80s | 1-to-1=31.0%
2025-04-29 18:03:11,771 [INFO] Iter 235 | R=4.50 Vres=3.00 MinP=1 | runtime=14.92s | 1-to-1=37.9%
2025-04-29 18:03:13,348 [INFO] Iter 241 | R=5.00 Vres=0.50 MinP=2 | runtime=24.36s | 1-to-1=62.1%
2025-04-29 18:03:13,474 [INFO] Iter 240 | R=5.00 Vres=0.50 MinP=1 | runtime=22.36s | 1-to-1=62.1%
2025-04-29 18:03:13,954 [INFO] Iter 245 | R=5.00 Vres=1.00 MinP=1 | runtime=17.08s | 1-to-1=34.5%
2025-04-29 18:03:17,871 [INFO] Iter 247 | R=5.00 Vres=1.00 MinP=3 | runtime=17.64s | 1-to-1=31.0%
2025-04-29 18:03:18,255 [INFO] Iter 246 | R=5.00 Vres=1.00 MinP=2 | runtime=18.44s | 1-to-1=37.9%
2025-04-29 18:03:20,923 [INFO] Iter 250 | R=5.00 Vres=1.50 MinP=1 | runtime=16.28s | 1-to-1=34.5%
2025-04-29 18:03:21,687 [INFO] Iter 252 | R=5.00 Vres=1.50 MinP=3 | runtime=16.02s | 1-to-1=31.0%
2025-04-29 18:03:22,177 [INFO] Iter 248 | R=5.00 Vres=1.00 MinP=4 | runtime=19.29s | 1-to-1=31.0%
2025-04-29 18:03:25,204 [INFO] Iter 251 | R=5.00 Vres=1.50 MinP=2 | runtime=18.28s | 1-to-1=37.9%
2025-04-29 18:03:25,224 [INFO] Iter 242 | R=5.00 Vres=0.50 MinP=3 | runtime=22.74s | 1-to-1=62.1%
2025-04-29 18:03:25,372 [INFO] Iter 253 | R=5.00 Vres=1.50 MinP=4 | runtime=17.87s | 1-to-1=31.0%
2025-04-29 18:03:26,147 [INFO] Iter 255 | R=5.00 Vres=2.00 MinP=1 | runtime=12.25s | 1-to-1=27.6%
2025-04-29 18:03:27,505 [INFO] Iter 243 | R=5.00 Vres=0.50 MinP=4 | runtime=23.87s | 1-to-1=58.6%
2025-04-29 18:03:27,757 [INFO] Iter 244 | R=5.00 Vres=0.50 MinP=5 | runtime=23.92s | 1-to-1=58.6%
2025-04-29 18:03:28,134 [INFO] Iter 256 | R=5.00 Vres=2.00 MinP=2 | runtime=11.67s | 1-to-1=27.6%
2025-04-29 18:03:28,613 [INFO] Iter 249 | R=5.00 Vres=1.00 MinP=5 | runtime=20.07s | 1-to-1=31.0%
2025-04-29 18:03:31,064 [INFO] Iter 259 | R=5.00 Vres=2.00 MinP=5 | runtime=11.43s | 1-to-1=24.1%
2025-04-29 18:03:33,139 [INFO] Iter 257 | R=5.00 Vres=2.00 MinP=3 | runtime=12.91s | 1-to-1=24.1%
2025-04-29 18:03:33,519 [INFO] Iter 258 | R=5.00 Vres=2.00 MinP=4 | runtime=12.59s | 1-to-1=24.1%
2025-04-29 18:03:34,141 [INFO] Iter 262 | R=5.00 Vres=2.50 MinP=3 | runtime=11.62s | 1-to-1=20.7%
2025-04-29 18:03:35,588 [INFO] Iter 260 | R=5.00 Vres=2.50 MinP=1 | runtime=12.15s | 1-to-1=20.7%
2025-04-29 18:03:36,206 [INFO] Iter 254 | R=5.00 Vres=1.50 MinP=5 | runtime=18.61s | 1-to-1=31.0%
2025-04-29 18:03:36,408 [INFO] Iter 266 | R=5.00 Vres=3.00 MinP=2 | runtime=13.45s | 1-to-1=41.4%
2025-04-29 18:03:36,611 [INFO] Iter 267 | R=5.00 Vres=3.00 MinP=3 | runtime=13.42s | 1-to-1=37.9%
2025-04-29 18:03:36,644 [INFO] Iter 265 | R=5.00 Vres=3.00 MinP=1 | runtime=13.74s | 1-to-1=37.9%
2025-04-29 18:03:36,991 [INFO] Iter 261 | R=5.00 Vres=2.50 MinP=2 | runtime=13.45s | 1-to-1=20.7%
2025-04-29 18:03:37,003 [INFO] Iter 263 | R=5.00 Vres=2.50 MinP=4 | runtime=14.35s | 1-to-1=20.7%
2025-04-29 18:03:37,347 [INFO] Iter 269 | R=5.00 Vres=3.00 MinP=5 | runtime=13.38s | 1-to-1=37.9%
2025-04-29 18:03:37,522 [INFO] Iter 268 | R=5.00 Vres=3.00 MinP=4 | runtime=13.35s | 1-to-1=37.9%
2025-04-29 18:03:37,696 [INFO] Iter 264 | R=5.00 Vres=2.50 MinP=5 | runtime=14.87s | 1-to-1=20.7%
2025-04-29 18:03:41,438 [INFO] Iter 271 | R=5.50 Vres=0.50 MinP=2 | runtime=24.58s | 1-to-1=55.2%
2025-04-29 18:03:44,156 [INFO] Iter 275 | R=5.50 Vres=1.00 MinP=1 | runtime=17.79s | 1-to-1=27.6%
2025-04-29 18:03:45,836 [INFO] Iter 270 | R=5.50 Vres=0.50 MinP=1 | runtime=25.12s | 1-to-1=55.2%
2025-04-29 18:03:45,998 [INFO] Iter 276 | R=5.50 Vres=1.00 MinP=2 | runtime=18.92s | 1-to-1=31.0%
2025-04-29 18:03:46,872 [INFO] Iter 272 | R=5.50 Vres=0.50 MinP=3 | runtime=23.85s | 1-to-1=55.2%
2025-04-29 18:03:47,177 [INFO] Iter 273 | R=5.50 Vres=0.50 MinP=4 | runtime=24.83s | 1-to-1=51.7%
2025-04-29 18:03:48,158 [INFO] Iter 278 | R=5.50 Vres=1.00 MinP=4 | runtime=18.15s | 1-to-1=27.6%
2025-04-29 18:03:48,343 [INFO] Iter 286 | R=5.50 Vres=2.00 MinP=2 | runtime=11.65s | 1-to-1=17.2%
2025-04-29 18:03:49,247 [INFO] Iter 282 | R=5.50 Vres=1.50 MinP=3 | runtime=14.33s | 1-to-1=27.6%
2025-04-29 18:03:49,635 [INFO] Iter 274 | R=5.50 Vres=0.50 MinP=5 | runtime=25.88s | 1-to-1=51.7%
2025-04-29 18:03:50,529 [INFO] Iter 281 | R=5.50 Vres=1.50 MinP=2 | runtime=14.34s | 1-to-1=31.0%
2025-04-29 18:03:50,705 [INFO] Iter 280 | R=5.50 Vres=1.50 MinP=1 | runtime=14.59s | 1-to-1=27.6%
2025-04-29 18:03:51,714 [INFO] Iter 285 | R=5.50 Vres=2.00 MinP=1 | runtime=12.90s | 1-to-1=17.2%
2025-04-29 18:03:53,241 [INFO] Iter 277 | R=5.50 Vres=1.00 MinP=3 | runtime=19.83s | 1-to-1=27.6%
2025-04-29 18:03:56,340 [INFO] Iter 279 | R=5.50 Vres=1.00 MinP=5 | runtime=20.45s | 1-to-1=27.6%
2025-04-29 18:03:56,952 [INFO] Iter 284 | R=5.50 Vres=1.50 MinP=5 | runtime=15.34s | 1-to-1=27.6%
2025-04-29 18:03:57,509 [INFO] Iter 287 | R=5.50 Vres=2.00 MinP=3 | runtime=15.15s | 1-to-1=17.2%
2025-04-29 18:03:57,557 [INFO] Iter 283 | R=5.50 Vres=1.50 MinP=4 | runtime=16.62s | 1-to-1=27.6%
2025-04-29 18:03:58,142 [INFO] Iter 288 | R=5.50 Vres=2.00 MinP=4 | runtime=13.81s | 1-to-1=17.2%
2025-04-29 18:03:58,813 [INFO] Iter 289 | R=5.50 Vres=2.00 MinP=5 | runtime=13.32s | 1-to-1=17.2%
2025-04-29 18:04:00,390 [INFO] Iter 290 | R=5.50 Vres=2.50 MinP=1 | runtime=13.37s | 1-to-1=17.2%
2025-04-29 18:04:00,649 [INFO] Iter 297 | R=5.50 Vres=3.00 MinP=3 | runtime=11.93s | 1-to-1=34.5%
2025-04-29 18:04:01,266 [INFO] Iter 299 | R=5.50 Vres=3.00 MinP=5 | runtime=12.01s | 1-to-1=34.5%
2025-04-29 18:04:01,306 [INFO] Iter 291 | R=5.50 Vres=2.50 MinP=2 | runtime=14.90s | 1-to-1=17.2%
2025-04-29 18:04:01,669 [INFO] Iter 294 | R=5.50 Vres=2.50 MinP=5 | runtime=12.67s | 1-to-1=17.2%
2025-04-29 18:04:01,914 [INFO] Iter 296 | R=5.50 Vres=3.00 MinP=2 | runtime=12.32s | 1-to-1=34.5%
2025-04-29 18:04:02,143 [INFO] Iter 295 | R=5.50 Vres=3.00 MinP=1 | runtime=12.86s | 1-to-1=31.0%
2025-04-29 18:04:02,395 [INFO] Iter 292 | R=5.50 Vres=2.50 MinP=3 | runtime=14.65s | 1-to-1=17.2%
2025-04-29 18:04:02,859 [INFO] Iter 298 | R=5.50 Vres=3.00 MinP=4 | runtime=15.22s | 1-to-1=34.5%
2025-04-29 18:04:05,492 [INFO] Iter 293 | R=5.50 Vres=2.50 MinP=4 | runtime=17.73s | 1-to-1=17.2%
2025-04-29 18:04:10,469 [INFO] Iter 300 | R=6.00 Vres=0.50 MinP=1 | runtime=23.94s | 1-to-1=48.3%
2025-04-29 18:04:10,765 [INFO] Iter 301 | R=6.00 Vres=0.50 MinP=2 | runtime=23.77s | 1-to-1=48.3%
2025-04-29 18:04:10,902 [INFO] Iter 306 | R=6.00 Vres=1.00 MinP=2 | runtime=15.40s | 1-to-1=24.1%
2025-04-29 18:04:11,324 [INFO] Iter 305 | R=6.00 Vres=1.00 MinP=1 | runtime=15.26s | 1-to-1=20.7%
2025-04-29 18:04:11,621 [INFO] Iter 310 | R=6.00 Vres=1.50 MinP=1 | runtime=12.63s | 1-to-1=24.1%
2025-04-29 18:04:11,951 [INFO] Iter 311 | R=6.00 Vres=1.50 MinP=2 | runtime=12.83s | 1-to-1=27.6%
2025-04-29 18:04:13,158 [INFO] Iter 312 | R=6.00 Vres=1.50 MinP=3 | runtime=13.20s | 1-to-1=24.1%
2025-04-29 18:04:13,562 [INFO] Iter 307 | R=6.00 Vres=1.00 MinP=3 | runtime=16.46s | 1-to-1=20.7%
2025-04-29 18:04:14,597 [INFO] Iter 302 | R=6.00 Vres=0.50 MinP=3 | runtime=22.30s | 1-to-1=48.3%
2025-04-29 18:04:17,063 [INFO] Iter 313 | R=6.00 Vres=1.50 MinP=4 | runtime=14.45s | 1-to-1=24.1%
2025-04-29 18:04:17,083 [INFO] Iter 314 | R=6.00 Vres=1.50 MinP=5 | runtime=13.86s | 1-to-1=24.1%
2025-04-29 18:04:20,477 [INFO] Iter 308 | R=6.00 Vres=1.00 MinP=4 | runtime=17.93s | 1-to-1=20.7%
2025-04-29 18:04:21,294 [INFO] Iter 315 | R=6.00 Vres=2.00 MinP=1 | runtime=14.77s | 1-to-1=20.7%
2025-04-29 18:04:22,158 [INFO] Iter 316 | R=6.00 Vres=2.00 MinP=2 | runtime=11.63s | 1-to-1=20.7%
2025-04-29 18:04:23,716 [INFO] Iter 303 | R=6.00 Vres=0.50 MinP=4 | runtime=22.91s | 1-to-1=44.8%
2025-04-29 18:04:23,989 [INFO] Iter 317 | R=6.00 Vres=2.00 MinP=3 | runtime=11.24s | 1-to-1=20.7%
2025-04-29 18:04:25,405 [INFO] Iter 320 | R=6.00 Vres=2.50 MinP=1 | runtime=11.62s | 1-to-1=17.2%
2025-04-29 18:04:25,420 [INFO] Iter 318 | R=6.00 Vres=2.00 MinP=4 | runtime=11.00s | 1-to-1=20.7%
2025-04-29 18:04:25,649 [INFO] Iter 319 | R=6.00 Vres=2.00 MinP=5 | runtime=12.03s | 1-to-1=20.7%
2025-04-29 18:04:25,994 [INFO] Iter 309 | R=6.00 Vres=1.00 MinP=5 | runtime=19.68s | 1-to-1=20.7%
2025-04-29 18:04:26,791 [INFO] Iter 321 | R=6.00 Vres=2.50 MinP=2 | runtime=11.69s | 1-to-1=17.2%
2025-04-29 18:04:26,816 [INFO] Iter 324 | R=6.00 Vres=2.50 MinP=5 | runtime=10.77s | 1-to-1=17.2%
2025-04-29 18:04:27,378 [INFO] Iter 304 | R=6.00 Vres=0.50 MinP=5 | runtime=23.91s | 1-to-1=44.8%
2025-04-29 18:04:27,651 [INFO] Iter 323 | R=6.00 Vres=2.50 MinP=4 | runtime=11.43s | 1-to-1=17.2%
2025-04-29 18:04:28,008 [INFO] Iter 327 | R=6.00 Vres=3.00 MinP=3 | runtime=11.09s | 1-to-1=27.6%
2025-04-29 18:04:28,614 [INFO] Iter 326 | R=6.00 Vres=3.00 MinP=2 | runtime=12.62s | 1-to-1=27.6%
2025-04-29 18:04:28,640 [INFO] Iter 328 | R=6.00 Vres=3.00 MinP=4 | runtime=12.60s | 1-to-1=27.6%
2025-04-29 18:04:28,762 [INFO] Iter 322 | R=6.00 Vres=2.50 MinP=3 | runtime=12.67s | 1-to-1=17.2%
2025-04-29 18:04:29,118 [INFO] Iter 329 | R=6.00 Vres=3.00 MinP=5 | runtime=12.37s | 1-to-1=27.6%
2025-04-29 18:04:29,388 [INFO] Iter 325 | R=6.00 Vres=3.00 MinP=1 | runtime=11.79s | 1-to-1=24.1%
2025-04-29 18:04:34,044 [INFO] Iter 336 | R=6.50 Vres=1.00 MinP=2 | runtime=15.40s | 1-to-1=20.7%
2025-04-29 18:04:35,038 [INFO] Iter 338 | R=6.50 Vres=1.00 MinP=4 | runtime=14.90s | 1-to-1=17.2%
2025-04-29 18:04:36,460 [INFO] Iter 331 | R=6.50 Vres=0.50 MinP=2 | runtime=20.84s | 1-to-1=48.3%
2025-04-29 18:04:36,741 [INFO] Iter 337 | R=6.50 Vres=1.00 MinP=3 | runtime=16.39s | 1-to-1=17.2%
2025-04-29 18:04:36,924 [INFO] Iter 330 | R=6.50 Vres=0.50 MinP=1 | runtime=24.61s | 1-to-1=48.3%
2025-04-29 18:04:37,961 [INFO] Iter 340 | R=6.50 Vres=1.50 MinP=1 | runtime=15.69s | 1-to-1=24.1%
2025-04-29 18:04:38,091 [INFO] Iter 342 | R=6.50 Vres=1.50 MinP=3 | runtime=13.50s | 1-to-1=27.6%
2025-04-29 18:04:38,445 [INFO] Iter 335 | R=6.50 Vres=1.00 MinP=1 | runtime=18.84s | 1-to-1=17.2%
2025-04-29 18:04:39,445 [INFO] Iter 339 | R=6.50 Vres=1.00 MinP=5 | runtime=17.38s | 1-to-1=17.2%
2025-04-29 18:04:40,763 [INFO] Iter 341 | R=6.50 Vres=1.50 MinP=2 | runtime=14.44s | 1-to-1=27.6%
2025-04-29 18:04:44,165 [INFO] Iter 332 | R=6.50 Vres=0.50 MinP=3 | runtime=20.66s | 1-to-1=48.3%
2025-04-29 18:04:47,710 [INFO] Iter 343 | R=6.50 Vres=1.50 MinP=4 | runtime=13.28s | 1-to-1=27.6%
2025-04-29 18:04:48,015 [INFO] Iter 346 | R=6.50 Vres=2.00 MinP=2 | runtime=10.88s | 1-to-1=13.8%
2025-04-29 18:04:48,872 [INFO] Iter 345 | R=6.50 Vres=2.00 MinP=1 | runtime=11.83s | 1-to-1=13.8%
2025-04-29 18:04:49,565 [INFO] Iter 344 | R=6.50 Vres=1.50 MinP=5 | runtime=14.95s | 1-to-1=20.7%
2025-04-29 18:04:49,637 [INFO] Iter 347 | R=6.50 Vres=2.00 MinP=3 | runtime=11.51s | 1-to-1=13.8%
2025-04-29 18:04:51,063 [INFO] Iter 350 | R=6.50 Vres=2.50 MinP=1 | runtime=10.96s | 1-to-1=6.9%
2025-04-29 18:04:51,591 [INFO] Iter 334 | R=6.50 Vres=0.50 MinP=5 | runtime=23.74s | 1-to-1=44.8%
2025-04-29 18:04:51,790 [INFO] Iter 351 | R=6.50 Vres=2.50 MinP=2 | runtime=10.77s | 1-to-1=6.9%
2025-04-29 18:04:51,829 [INFO] Iter 333 | R=6.50 Vres=0.50 MinP=4 | runtime=25.58s | 1-to-1=44.8%
2025-04-29 18:04:52,149 [INFO] Iter 349 | R=6.50 Vres=2.00 MinP=5 | runtime=11.19s | 1-to-1=13.8%
2025-04-29 18:04:52,553 [INFO] Iter 348 | R=6.50 Vres=2.00 MinP=4 | runtime=11.77s | 1-to-1=13.8%
2025-04-29 18:04:53,215 [INFO] Iter 357 | R=6.50 Vres=3.00 MinP=3 | runtime=10.39s | 1-to-1=17.2%
2025-04-29 18:04:53,506 [INFO] Iter 352 | R=6.50 Vres=2.50 MinP=3 | runtime=12.13s | 1-to-1=6.9%
2025-04-29 18:04:53,785 [INFO] Iter 354 | R=6.50 Vres=2.50 MinP=5 | runtime=11.54s | 1-to-1=6.9%
2025-04-29 18:04:53,810 [INFO] Iter 353 | R=6.50 Vres=2.50 MinP=4 | runtime=10.67s | 1-to-1=6.9%
2025-04-29 18:04:54,512 [INFO] Iter 355 | R=6.50 Vres=3.00 MinP=1 | runtime=11.29s | 1-to-1=13.8%
2025-04-29 18:04:54,847 [INFO] Iter 358 | R=6.50 Vres=3.00 MinP=4 | runtime=11.58s | 1-to-1=17.2%
2025-04-29 18:04:55,134 [INFO] Iter 356 | R=6.50 Vres=3.00 MinP=2 | runtime=12.34s | 1-to-1=17.2%
2025-04-29 18:04:55,497 [INFO] Iter 359 | R=6.50 Vres=3.00 MinP=5 | runtime=13.25s | 1-to-1=10.3%
2025-04-29 18:05:00,744 [INFO] Iter 365 | R=7.00 Vres=1.00 MinP=1 | runtime=14.92s | 1-to-1=17.2%
2025-04-29 18:05:01,253 [INFO] Iter 360 | R=7.00 Vres=0.50 MinP=1 | runtime=23.04s | 1-to-1=37.9%
2025-04-29 18:05:01,706 [INFO] Iter 370 | R=7.00 Vres=1.50 MinP=1 | runtime=13.87s | 1-to-1=20.7%
2025-04-29 18:05:02,042 [INFO] Iter 361 | R=7.00 Vres=0.50 MinP=2 | runtime=23.54s | 1-to-1=37.9%
2025-04-29 18:05:02,052 [INFO] Iter 366 | R=7.00 Vres=1.00 MinP=2 | runtime=17.59s | 1-to-1=20.7%
2025-04-29 18:05:03,366 [INFO] Iter 368 | R=7.00 Vres=1.00 MinP=4 | runtime=16.76s | 1-to-1=17.2%
2025-04-29 18:05:03,372 [INFO] Iter 369 | R=7.00 Vres=1.00 MinP=5 | runtime=16.59s | 1-to-1=10.3%
2025-04-29 18:05:03,641 [INFO] Iter 367 | R=7.00 Vres=1.00 MinP=3 | runtime=16.43s | 1-to-1=17.2%
2025-04-29 18:05:05,476 [INFO] Iter 371 | R=7.00 Vres=1.50 MinP=2 | runtime=15.39s | 1-to-1=24.1%
2025-04-29 18:05:07,180 [INFO] Iter 362 | R=7.00 Vres=0.50 MinP=3 | runtime=23.61s | 1-to-1=31.0%
2025-04-29 18:05:11,646 [INFO] Iter 372 | R=7.00 Vres=1.50 MinP=3 | runtime=14.35s | 1-to-1=24.1%
2025-04-29 18:05:11,937 [INFO] Iter 363 | R=7.00 Vres=0.50 MinP=4 | runtime=23.47s | 1-to-1=31.0%
2025-04-29 18:05:12,699 [INFO] Iter 364 | R=7.00 Vres=0.50 MinP=5 | runtime=22.30s | 1-to-1=31.0%
2025-04-29 18:05:13,085 [INFO] Iter 373 | R=7.00 Vres=1.50 MinP=4 | runtime=12.34s | 1-to-1=24.1%
2025-04-29 18:05:14,436 [INFO] Iter 374 | R=7.00 Vres=1.50 MinP=5 | runtime=13.40s | 1-to-1=17.2%
2025-04-29 18:05:15,064 [INFO] Iter 375 | R=7.00 Vres=2.00 MinP=1 | runtime=12.49s | 1-to-1=6.9%
2025-04-29 18:05:15,417 [INFO] Iter 376 | R=7.00 Vres=2.00 MinP=2 | runtime=12.09s | 1-to-1=6.9%
2025-04-29 18:05:15,747 [INFO] Iter 383 | R=7.00 Vres=2.50 MinP=4 | runtime=10.36s | 1-to-1=6.9%
2025-04-29 18:05:15,790 [INFO] Iter 382 | R=7.00 Vres=2.50 MinP=3 | runtime=10.73s | 1-to-1=6.9%
2025-04-29 18:05:16,309 [INFO] Iter 377 | R=7.00 Vres=2.00 MinP=3 | runtime=12.81s | 1-to-1=6.9%
2025-04-29 18:05:16,346 [INFO] Iter 384 | R=7.00 Vres=2.50 MinP=5 | runtime=11.23s | 1-to-1=6.9%
2025-04-29 18:05:17,198 [INFO] Iter 379 | R=7.00 Vres=2.00 MinP=5 | runtime=12.63s | 1-to-1=6.9%
2025-04-29 18:05:17,206 [INFO] Iter 378 | R=7.00 Vres=2.00 MinP=4 | runtime=12.52s | 1-to-1=6.9%
2025-04-29 18:05:17,555 [INFO] Iter 381 | R=7.00 Vres=2.50 MinP=2 | runtime=12.30s | 1-to-1=6.9%
2025-04-29 18:05:17,910 [INFO] Iter 386 | R=7.00 Vres=3.00 MinP=2 | runtime=10.80s | 1-to-1=17.2%
2025-04-29 18:05:19,085 [INFO] Iter 380 | R=7.00 Vres=2.50 MinP=1 | runtime=13.69s | 1-to-1=6.9%
2025-04-29 18:05:19,592 [INFO] Iter 387 | R=7.00 Vres=3.00 MinP=3 | runtime=12.61s | 1-to-1=17.2%
2025-04-29 18:05:22,917 [INFO] Iter 389 | R=7.00 Vres=3.00 MinP=5 | runtime=11.04s | 1-to-1=10.3%
2025-04-29 18:05:23,237 [INFO] Iter 385 | R=7.00 Vres=3.00 MinP=1 | runtime=13.45s | 1-to-1=13.8%
2025-04-29 18:05:24,098 [INFO] Iter 388 | R=7.00 Vres=3.00 MinP=4 | runtime=14.52s | 1-to-1=17.2%
2025-04-29 18:05:25,556 [INFO] Iter 400 | R=7.50 Vres=1.50 MinP=1 | runtime=11.56s | 1-to-1=17.2%
2025-04-29 18:05:26,315 [INFO] Iter 390 | R=7.50 Vres=0.50 MinP=1 | runtime=21.98s | 1-to-1=31.0%
2025-04-29 18:05:27,171 [INFO] Iter 398 | R=7.50 Vres=1.00 MinP=4 | runtime=15.09s | 1-to-1=17.2%
2025-04-29 18:05:27,378 [INFO] Iter 395 | R=7.50 Vres=1.00 MinP=1 | runtime=15.37s | 1-to-1=13.8%
2025-04-29 18:05:27,424 [INFO] Iter 396 | R=7.50 Vres=1.00 MinP=2 | runtime=14.79s | 1-to-1=17.2%
2025-04-29 18:05:27,677 [INFO] Iter 391 | R=7.50 Vres=0.50 MinP=2 | runtime=21.55s | 1-to-1=31.0%
2025-04-29 18:05:29,774 [INFO] Iter 399 | R=7.50 Vres=1.00 MinP=5 | runtime=17.15s | 1-to-1=10.3%
2025-04-29 18:05:31,009 [INFO] Iter 401 | R=7.50 Vres=1.50 MinP=2 | runtime=15.41s | 1-to-1=20.7%
2025-04-29 18:05:31,047 [INFO] Iter 397 | R=7.50 Vres=1.00 MinP=3 | runtime=19.27s | 1-to-1=17.2%
2025-04-29 18:05:32,658 [INFO] Iter 405 | R=7.50 Vres=2.00 MinP=1 | runtime=10.16s | 1-to-1=6.9%
2025-04-29 18:05:35,477 [INFO] Iter 402 | R=7.50 Vres=1.50 MinP=3 | runtime=11.60s | 1-to-1=20.7%
2025-04-29 18:05:36,996 [INFO] Iter 394 | R=7.50 Vres=0.50 MinP=5 | runtime=21.88s | 1-to-1=24.1%
2025-04-29 18:05:37,011 [INFO] Iter 403 | R=7.50 Vres=1.50 MinP=4 | runtime=11.78s | 1-to-1=20.7%
2025-04-29 18:05:39,866 [INFO] Iter 404 | R=7.50 Vres=1.50 MinP=5 | runtime=12.63s | 1-to-1=13.8%
2025-04-29 18:05:41,137 [INFO] Iter 393 | R=7.50 Vres=0.50 MinP=4 | runtime=23.22s | 1-to-1=24.1%
2025-04-29 18:05:41,143 [INFO] Iter 392 | R=7.50 Vres=0.50 MinP=3 | runtime=25.26s | 1-to-1=24.1%
2025-04-29 18:05:41,948 [INFO] Iter 414 | R=7.50 Vres=2.50 MinP=5 | runtime=10.46s | 1-to-1=6.9%
2025-04-29 18:05:42,134 [INFO] Iter 413 | R=7.50 Vres=2.50 MinP=4 | runtime=11.03s | 1-to-1=6.9%
2025-04-29 18:05:42,464 [INFO] Iter 409 | R=7.50 Vres=2.00 MinP=5 | runtime=12.36s | 1-to-1=6.9%
2025-04-29 18:05:42,706 [INFO] Iter 412 | R=7.50 Vres=2.50 MinP=3 | runtime=10.83s | 1-to-1=6.9%
2025-04-29 18:05:42,715 [INFO] Iter 411 | R=7.50 Vres=2.50 MinP=2 | runtime=10.22s | 1-to-1=6.9%
2025-04-29 18:05:42,718 [INFO] Iter 410 | R=7.50 Vres=2.50 MinP=1 | runtime=11.84s | 1-to-1=6.9%
2025-04-29 18:05:42,728 [INFO] Iter 406 | R=7.50 Vres=2.00 MinP=2 | runtime=12.93s | 1-to-1=6.9%
2025-04-29 18:05:43,311 [INFO] Iter 407 | R=7.50 Vres=2.00 MinP=3 | runtime=11.81s | 1-to-1=6.9%
2025-04-29 18:05:44,057 [INFO] Iter 408 | R=7.50 Vres=2.00 MinP=4 | runtime=13.67s | 1-to-1=6.9%
2025-04-29 18:05:44,078 [INFO] Iter 415 | R=7.50 Vres=3.00 MinP=1 | runtime=10.41s | 1-to-1=13.8%
2025-04-29 18:05:44,504 [INFO] Iter 416 | R=7.50 Vres=3.00 MinP=2 | runtime=10.95s | 1-to-1=17.2%
2025-04-29 18:05:47,320 [INFO] Iter 417 | R=7.50 Vres=3.00 MinP=3 | runtime=11.52s | 1-to-1=17.2%
2025-04-29 18:05:47,935 [INFO] Iter 418 | R=7.50 Vres=3.00 MinP=4 | runtime=11.04s | 1-to-1=17.2%
2025-04-29 18:05:50,737 [INFO] Iter 419 | R=7.50 Vres=3.00 MinP=5 | runtime=13.88s | 1-to-1=10.3%
2025-04-29 18:05:51,062 [INFO] Iter 427 | R=8.00 Vres=1.00 MinP=3 | runtime=15.30s | 1-to-1=6.9%
2025-04-29 18:05:51,585 [INFO] Iter 425 | R=8.00 Vres=1.00 MinP=1 | runtime=13.61s | 1-to-1=3.4%
2025-04-29 18:05:52,095 [INFO] Iter 426 | R=8.00 Vres=1.00 MinP=2 | runtime=13.43s | 1-to-1=6.9%
2025-04-29 18:05:52,535 [INFO] Iter 421 | R=8.00 Vres=0.50 MinP=2 | runtime=19.61s | 1-to-1=31.0%
2025-04-29 18:05:53,349 [INFO] Iter 430 | R=8.00 Vres=1.50 MinP=1 | runtime=14.33s | 1-to-1=10.3%
2025-04-29 18:05:53,373 [INFO] Iter 429 | R=8.00 Vres=1.00 MinP=5 | runtime=14.63s | 1-to-1=6.9%
2025-04-29 18:05:55,240 [INFO] Iter 428 | R=8.00 Vres=1.00 MinP=4 | runtime=14.39s | 1-to-1=6.9%
2025-04-29 18:05:55,758 [INFO] Iter 420 | R=8.00 Vres=0.50 MinP=1 | runtime=22.41s | 1-to-1=31.0%
2025-04-29 18:05:57,262 [INFO] Iter 431 | R=8.00 Vres=1.50 MinP=2 | runtime=15.52s | 1-to-1=10.3%
2025-04-29 18:05:59,024 [INFO] Iter 422 | R=8.00 Vres=0.50 MinP=3 | runtime=22.55s | 1-to-1=24.1%
2025-04-29 18:06:00,145 [INFO] Iter 432 | R=8.00 Vres=1.50 MinP=3 | runtime=14.77s | 1-to-1=10.3%
2025-04-29 18:06:01,532 [INFO] Iter 423 | R=8.00 Vres=0.50 MinP=4 | runtime=23.41s | 1-to-1=24.1%
2025-04-29 18:06:02,284 [INFO] Iter 434 | R=8.00 Vres=1.50 MinP=5 | runtime=13.12s | 1-to-1=10.3%
2025-04-29 18:06:05,749 [INFO] Iter 424 | R=8.00 Vres=0.50 MinP=5 | runtime=23.11s | 1-to-1=24.1%
2025-04-29 18:06:06,671 [INFO] Iter 442 | R=8.00 Vres=2.50 MinP=3 | runtime=9.58s | 1-to-1=3.4%
2025-04-29 18:06:07,513 [INFO] Iter 433 | R=8.00 Vres=1.50 MinP=4 | runtime=15.29s | 1-to-1=10.3%
2025-04-29 18:06:08,617 [INFO] Iter 439 | R=8.00 Vres=2.00 MinP=5 | runtime=10.57s | 1-to-1=3.4%
2025-04-29 18:06:08,731 [INFO] Iter 438 | R=8.00 Vres=2.00 MinP=4 | runtime=11.04s | 1-to-1=3.4%
2025-04-29 18:06:08,962 [INFO] Iter 447 | R=8.00 Vres=3.00 MinP=3 | runtime=10.55s | 1-to-1=3.4%
2025-04-29 18:06:09,008 [INFO] Iter 445 | R=8.00 Vres=3.00 MinP=1 | runtime=11.10s | 1-to-1=3.4%
2025-04-29 18:06:09,726 [INFO] Iter 444 | R=8.00 Vres=2.50 MinP=5 | runtime=11.76s | 1-to-1=3.4%
2025-04-29 18:06:09,740 [INFO] Iter 435 | R=8.00 Vres=2.00 MinP=1 | runtime=12.91s | 1-to-1=3.4%
2025-04-29 18:06:10,669 [INFO] Iter 437 | R=8.00 Vres=2.00 MinP=3 | runtime=13.41s | 1-to-1=3.4%
2025-04-29 18:06:10,990 [INFO] Iter 441 | R=8.00 Vres=2.50 MinP=2 | runtime=12.07s | 1-to-1=3.4%
2025-04-29 18:06:11,233 [INFO] Iter 446 | R=8.00 Vres=3.00 MinP=2 | runtime=10.78s | 1-to-1=3.4%
2025-04-29 18:06:11,482 [INFO] Iter 448 | R=8.00 Vres=3.00 MinP=4 | runtime=10.85s | 1-to-1=3.4%
2025-04-29 18:06:11,693 [INFO] Iter 443 | R=8.00 Vres=2.50 MinP=4 | runtime=11.87s | 1-to-1=3.4%
2025-04-29 18:06:11,701 [INFO] Iter 436 | R=8.00 Vres=2.00 MinP=2 | runtime=13.60s | 1-to-1=3.4%
2025-04-29 18:06:11,959 [INFO] Iter 440 | R=8.00 Vres=2.50 MinP=1 | runtime=12.42s | 1-to-1=3.4%
2025-04-29 18:06:16,510 [INFO] Iter 449 | R=8.00 Vres=3.00 MinP=5 | runtime=9.21s | 1-to-1=3.4%
2025-04-29 18:06:18,557 [INFO] Iter 455 | R=8.50 Vres=1.00 MinP=1 | runtime=14.29s | 1-to-1=3.4%
2025-04-29 18:06:18,983 [INFO] Iter 458 | R=8.50 Vres=1.00 MinP=4 | runtime=14.23s | 1-to-1=6.9%
2025-04-29 18:06:19,036 [INFO] Iter 460 | R=8.50 Vres=1.50 MinP=1 | runtime=12.22s | 1-to-1=6.9%
2025-04-29 18:06:20,388 [INFO] Iter 457 | R=8.50 Vres=1.00 MinP=3 | runtime=15.28s | 1-to-1=6.9%
2025-04-29 18:06:20,840 [INFO] Iter 459 | R=8.50 Vres=1.00 MinP=5 | runtime=14.34s | 1-to-1=6.9%
2025-04-29 18:06:21,890 [INFO] Iter 450 | R=8.50 Vres=0.50 MinP=1 | runtime=20.34s | 1-to-1=13.8%
2025-04-29 18:06:21,933 [INFO] Iter 453 | R=8.50 Vres=0.50 MinP=4 | runtime=19.16s | 1-to-1=13.8%
2025-04-29 18:06:22,334 [INFO] Iter 456 | R=8.50 Vres=1.00 MinP=2 | runtime=16.08s | 1-to-1=6.9%
2025-04-29 18:06:22,659 [INFO] Iter 461 | R=8.50 Vres=1.50 MinP=2 | runtime=11.75s | 1-to-1=6.9%
2025-04-29 18:06:25,833 [INFO] Iter 463 | R=8.50 Vres=1.50 MinP=4 | runtime=12.24s | 1-to-1=6.9%
2025-04-29 18:06:29,891 [INFO] Iter 454 | R=8.50 Vres=0.50 MinP=5 | runtime=21.81s | 1-to-1=13.8%
2025-04-29 18:06:30,369 [INFO] Iter 451 | R=8.50 Vres=0.50 MinP=2 | runtime=23.09s | 1-to-1=13.8%
2025-04-29 18:06:30,668 [INFO] Iter 452 | R=8.50 Vres=0.50 MinP=3 | runtime=22.79s | 1-to-1=13.8%
2025-04-29 18:06:30,699 [INFO] Iter 464 | R=8.50 Vres=1.50 MinP=5 | runtime=12.66s | 1-to-1=6.9%
2025-04-29 18:06:31,248 [INFO] Iter 462 | R=8.50 Vres=1.50 MinP=3 | runtime=14.98s | 1-to-1=6.9%
2025-04-29 18:06:32,819 [INFO] Iter 465 | R=8.50 Vres=2.00 MinP=1 | runtime=11.00s | 1-to-1=3.4%
2025-04-29 18:06:33,475 [INFO] Iter 476 | R=8.50 Vres=3.00 MinP=2 | runtime=9.32s | 1-to-1=3.4%
2025-04-29 18:06:35,003 [INFO] Iter 467 | R=8.50 Vres=2.00 MinP=3 | runtime=10.42s | 1-to-1=3.4%
2025-04-29 18:06:35,618 [INFO] Iter 477 | R=8.50 Vres=3.00 MinP=3 | runtime=8.65s | 1-to-1=3.4%
2025-04-29 18:06:36,067 [INFO] Iter 470 | R=8.50 Vres=2.50 MinP=1 | runtime=9.55s | 1-to-1=3.4%
2025-04-29 18:06:36,270 [INFO] Iter 469 | R=8.50 Vres=2.00 MinP=5 | runtime=10.75s | 1-to-1=3.4%
2025-04-29 18:06:36,283 [INFO] Iter 479 | R=8.50 Vres=3.00 MinP=5 | runtime=10.41s | 1-to-1=3.4%
2025-04-29 18:06:36,571 [INFO] Iter 466 | R=8.50 Vres=2.00 MinP=2 | runtime=11.88s | 1-to-1=3.4%
2025-04-29 18:06:36,875 [INFO] Iter 473 | R=8.50 Vres=2.50 MinP=4 | runtime=10.01s | 1-to-1=3.4%
2025-04-29 18:06:36,890 [INFO] Iter 471 | R=8.50 Vres=2.50 MinP=2 | runtime=10.53s | 1-to-1=3.4%
2025-04-29 18:06:36,900 [INFO] Iter 474 | R=8.50 Vres=2.50 MinP=5 | runtime=9.79s | 1-to-1=3.4%
2025-04-29 18:06:37,139 [INFO] Iter 475 | R=8.50 Vres=3.00 MinP=1 | runtime=9.10s | 1-to-1=3.4%
2025-04-29 18:06:37,337 [INFO] Iter 472 | R=8.50 Vres=2.50 MinP=3 | runtime=10.69s | 1-to-1=3.4%
2025-04-29 18:06:37,351 [INFO] Iter 478 | R=8.50 Vres=3.00 MinP=4 | runtime=9.97s | 1-to-1=3.4%
2025-04-29 18:06:37,352 [INFO] Iter 468 | R=8.50 Vres=2.00 MinP=4 | runtime=11.16s | 1-to-1=3.4%
2025-04-29 18:06:43,465 [INFO] Iter 487 | R=9.00 Vres=1.00 MinP=3 | runtime=14.10s | 1-to-1=6.9%
2025-04-29 18:06:44,497 [INFO] Iter 485 | R=9.00 Vres=1.00 MinP=1 | runtime=14.87s | 1-to-1=3.4%
2025-04-29 18:06:46,555 [INFO] Iter 480 | R=9.00 Vres=0.50 MinP=1 | runtime=23.40s | 1-to-1=10.3%
2025-04-29 18:06:45,760 [INFO] Iter 486 | R=9.00 Vres=1.00 MinP=2 | runtime=14.21s | 1-to-1=6.9%
2025-04-29 18:06:47,004 [INFO] Iter 489 | R=9.00 Vres=1.00 MinP=5 | runtime=14.05s | 1-to-1=6.9%
2025-04-29 18:06:47,027 [INFO] Iter 490 | R=9.00 Vres=1.50 MinP=1 | runtime=11.47s | 1-to-1=6.9%
2025-04-29 18:06:49,402 [INFO] Iter 488 | R=9.00 Vres=1.00 MinP=4 | runtime=17.31s | 1-to-1=6.9%
2025-04-29 18:06:50,364 [INFO] Iter 495 | R=9.00 Vres=2.00 MinP=1 | runtime=10.17s | 1-to-1=3.4%
2025-04-29 18:06:51,242 [INFO] Iter 496 | R=9.00 Vres=2.00 MinP=2 | runtime=9.31s | 1-to-1=3.4%
2025-04-29 18:06:52,480 [INFO] Iter 481 | R=9.00 Vres=0.50 MinP=2 | runtime=24.73s | 1-to-1=10.3%
2025-04-29 18:06:52,497 [INFO] Iter 484 | R=9.00 Vres=0.50 MinP=5 | runtime=20.86s | 1-to-1=10.3%
2025-04-29 18:06:53,934 [INFO] Iter 482 | R=9.00 Vres=0.50 MinP=3 | runtime=22.74s | 1-to-1=10.3%
2025-04-29 18:06:54,256 [INFO] Iter 491 | R=9.00 Vres=1.50 MinP=2 | runtime=14.93s | 1-to-1=6.9%
2025-04-29 18:06:56,695 [INFO] Iter 492 | R=9.00 Vres=1.50 MinP=3 | runtime=11.43s | 1-to-1=6.9%
2025-04-29 18:06:59,105 [INFO] Iter 483 | R=9.00 Vres=0.50 MinP=4 | runtime=22.33s | 1-to-1=10.3%
2025-04-29 18:06:59,415 [INFO] Iter 493 | R=9.00 Vres=1.50 MinP=4 | runtime=11.34s | 1-to-1=6.9%
2025-04-29 18:07:01,908 [INFO] Iter 494 | R=9.00 Vres=1.50 MinP=5 | runtime=13.53s | 1-to-1=6.9%
2025-04-29 18:07:02,541 [INFO] Iter 497 | R=9.00 Vres=2.00 MinP=3 | runtime=10.12s | 1-to-1=3.4%
2025-04-29 18:07:02,579 [INFO] Iter 508 | R=9.00 Vres=3.00 MinP=4 | runtime=8.89s | 1-to-1=3.4%
2025-04-29 18:07:02,968 [INFO] Iter 503 | R=9.00 Vres=2.50 MinP=4 | runtime=9.97s | 1-to-1=3.4%
2025-04-29 18:07:03,362 [INFO] Iter 502 | R=9.00 Vres=2.50 MinP=3 | runtime=10.35s | 1-to-1=3.4%
2025-04-29 18:07:03,616 [INFO] Iter 506 | R=9.00 Vres=3.00 MinP=2 | runtime=9.71s | 1-to-1=3.4%
2025-04-29 18:07:03,770 [INFO] Iter 504 | R=9.00 Vres=2.50 MinP=5 | runtime=10.19s | 1-to-1=3.4%
2025-04-29 18:07:03,941 [INFO] Iter 507 | R=9.00 Vres=3.00 MinP=3 | runtime=9.99s | 1-to-1=3.4%
2025-04-29 18:07:03,987 [INFO] Iter 501 | R=9.00 Vres=2.50 MinP=2 | runtime=9.40s | 1-to-1=3.4%
2025-04-29 18:07:04,280 [INFO] Iter 498 | R=9.00 Vres=2.00 MinP=4 | runtime=9.98s | 1-to-1=3.4%
2025-04-29 18:07:04,704 [INFO] Iter 500 | R=9.00 Vres=2.50 MinP=1 | runtime=11.54s | 1-to-1=3.4%
2025-04-29 18:07:04,708 [INFO] Iter 499 | R=9.00 Vres=2.00 MinP=5 | runtime=12.02s | 1-to-1=3.4%
2025-04-29 18:07:05,134 [INFO] Iter 509 | R=9.00 Vres=3.00 MinP=5 | runtime=10.09s | 1-to-1=3.4%
2025-04-29 18:07:05,316 [INFO] Iter 505 | R=9.00 Vres=3.00 MinP=1 | runtime=11.05s | 1-to-1=3.4%
2025-04-29 18:07:12,287 [INFO] Iter 511 | R=9.50 Vres=0.50 MinP=2 | runtime=20.58s | 1-to-1=10.3%
2025-04-29 18:07:14,336 [INFO] Iter 510 | R=9.50 Vres=0.50 MinP=1 | runtime=21.35s | 1-to-1=10.3%
2025-04-29 18:07:14,719 [INFO] Iter 518 | R=9.50 Vres=1.00 MinP=4 | runtime=13.71s | 1-to-1=3.4%
2025-04-29 18:07:14,732 [INFO] Iter 516 | R=9.50 Vres=1.00 MinP=2 | runtime=13.24s | 1-to-1=3.4%
2025-04-29 18:07:15,177 [INFO] Iter 512 | R=9.50 Vres=0.50 MinP=3 | runtime=20.96s | 1-to-1=10.3%
2025-04-29 18:07:15,540 [INFO] Iter 523 | R=9.50 Vres=1.50 MinP=4 | runtime=10.57s | 1-to-1=3.4%
2025-04-29 18:07:15,756 [INFO] Iter 522 | R=9.50 Vres=1.50 MinP=3 | runtime=12.46s | 1-to-1=3.4%
2025-04-29 18:07:15,778 [INFO] Iter 517 | R=9.50 Vres=1.00 MinP=3 | runtime=15.73s | 1-to-1=3.4%
2025-04-29 18:07:16,179 [INFO] Iter 521 | R=9.50 Vres=1.50 MinP=2 | runtime=10.63s | 1-to-1=3.4%
2025-04-29 18:07:16,211 [INFO] Iter 520 | R=9.50 Vres=1.50 MinP=1 | runtime=11.25s | 1-to-1=3.4%
2025-04-29 18:07:16,219 [INFO] Iter 515 | R=9.50 Vres=1.00 MinP=1 | runtime=13.24s | 1-to-1=3.4%
2025-04-29 18:07:20,166 [INFO] Iter 519 | R=9.50 Vres=1.00 MinP=5 | runtime=15.69s | 1-to-1=3.4%
2025-04-29 18:07:26,302 [INFO] Iter 524 | R=9.50 Vres=1.50 MinP=5 | runtime=15.56s | 1-to-1=3.4%
2025-04-29 18:07:27,708 [INFO] Iter 514 | R=9.50 Vres=0.50 MinP=5 | runtime=23.49s | 1-to-1=10.3%
2025-04-29 18:07:27,712 [INFO] Iter 537 | R=9.50 Vres=3.00 MinP=3 | runtime=7.46s | 1-to-1=3.4%
2025-04-29 18:07:28,471 [INFO] Iter 527 | R=9.50 Vres=2.00 MinP=3 | runtime=10.61s | 1-to-1=3.4%
2025-04-29 18:07:28,481 [INFO] Iter 528 | R=9.50 Vres=2.00 MinP=4 | runtime=9.65s | 1-to-1=3.4%
2025-04-29 18:07:28,749 [INFO] Iter 526 | R=9.50 Vres=2.00 MinP=2 | runtime=10.99s | 1-to-1=3.4%
2025-04-29 18:07:29,411 [INFO] Iter 525 | R=9.50 Vres=2.00 MinP=1 | runtime=13.32s | 1-to-1=3.4%
2025-04-29 18:07:29,439 [INFO] Iter 539 | R=9.50 Vres=3.00 MinP=5 | runtime=7.34s | 1-to-1=3.4%
2025-04-29 18:07:29,607 [INFO] Iter 513 | R=9.50 Vres=0.50 MinP=4 | runtime=24.63s | 1-to-1=10.3%
2025-04-29 18:07:30,621 [INFO] Iter 534 | R=9.50 Vres=2.50 MinP=5 | runtime=9.45s | 1-to-1=3.4%
2025-04-29 18:07:30,830 [INFO] Iter 538 | R=9.50 Vres=3.00 MinP=4 | runtime=8.69s | 1-to-1=3.4%
2025-04-29 18:07:31,093 [INFO] Iter 536 | R=9.50 Vres=3.00 MinP=2 | runtime=8.87s | 1-to-1=3.4%
2025-04-29 18:07:31,319 [INFO] Iter 531 | R=9.50 Vres=2.50 MinP=2 | runtime=10.13s | 1-to-1=3.4%
2025-04-29 18:07:31,537 [INFO] Iter 535 | R=9.50 Vres=3.00 MinP=1 | runtime=8.40s | 1-to-1=3.4%
2025-04-29 18:07:31,913 [INFO] Iter 530 | R=9.50 Vres=2.50 MinP=1 | runtime=10.35s | 1-to-1=3.4%
2025-04-29 18:07:31,945 [INFO] Iter 529 | R=9.50 Vres=2.00 MinP=5 | runtime=10.64s | 1-to-1=3.4%
2025-04-29 18:07:31,955 [INFO] Iter 532 | R=9.50 Vres=2.50 MinP=3 | runtime=9.86s | 1-to-1=3.4%
2025-04-29 18:07:33,459 [INFO] Iter 533 | R=9.50 Vres=2.50 MinP=4 | runtime=11.28s | 1-to-1=3.4%
2025-04-29 18:07:39,043 [INFO] Iter 541 | R=10.00 Vres=0.50 MinP=2 | runtime=20.08s | 1-to-1=10.3%
2025-04-29 18:07:39,613 [INFO] Iter 550 | R=10.00 Vres=1.50 MinP=1 | runtime=10.48s | 1-to-1=3.4%
2025-04-29 18:07:39,639 [INFO] Iter 540 | R=10.00 Vres=0.50 MinP=1 | runtime=20.65s | 1-to-1=10.3%
2025-04-29 18:07:40,019 [INFO] Iter 545 | R=10.00 Vres=1.00 MinP=1 | runtime=13.16s | 1-to-1=3.4%
2025-04-29 18:07:40,470 [INFO] Iter 547 | R=10.00 Vres=1.00 MinP=3 | runtime=15.29s | 1-to-1=3.4%
2025-04-29 18:07:40,669 [INFO] Iter 551 | R=10.00 Vres=1.50 MinP=2 | runtime=13.63s | 1-to-1=3.4%
2025-04-29 18:07:40,901 [INFO] Iter 549 | R=10.00 Vres=1.00 MinP=5 | runtime=14.85s | 1-to-1=3.4%
2025-04-29 18:07:40,903 [INFO] Iter 552 | R=10.00 Vres=1.50 MinP=3 | runtime=12.41s | 1-to-1=3.4%
2025-04-29 18:07:41,944 [INFO] Iter 546 | R=10.00 Vres=1.00 MinP=2 | runtime=14.80s | 1-to-1=3.4%
2025-04-29 18:07:41,947 [INFO] Iter 548 | R=10.00 Vres=1.00 MinP=4 | runtime=15.79s | 1-to-1=3.4%
2025-04-29 18:07:41,963 [INFO] Iter 553 | R=10.00 Vres=1.50 MinP=4 | runtime=11.31s | 1-to-1=3.4%
2025-04-29 18:07:48,651 [INFO] Iter 542 | R=10.00 Vres=0.50 MinP=3 | runtime=20.78s | 1-to-1=10.3%
2025-04-29 18:07:49,666 [INFO] Iter 543 | R=10.00 Vres=0.50 MinP=4 | runtime=18.77s | 1-to-1=10.3%
2025-04-29 18:07:53,229 [INFO] Iter 554 | R=10.00 Vres=1.50 MinP=5 | runtime=10.63s | 1-to-1=3.4%
2025-04-29 18:07:53,887 [INFO] Iter 544 | R=10.00 Vres=0.50 MinP=5 | runtime=21.16s | 1-to-1=10.3%
2025-04-29 18:07:54,710 [INFO] Iter 556 | R=10.00 Vres=2.00 MinP=2 | runtime=9.66s | 1-to-1=3.4%
2025-04-29 18:07:54,748 [INFO] Iter 568 | R=10.00 Vres=3.00 MinP=4 | runtime=8.14s | 1-to-1=3.4%
2025-04-29 18:07:55,220 [INFO] Iter 559 | R=10.00 Vres=2.00 MinP=5 | runtime=9.28s | 1-to-1=3.4%
2025-04-29 18:07:55,756 [INFO] Iter 558 | R=10.00 Vres=2.00 MinP=4 | runtime=9.65s | 1-to-1=3.4%
2025-04-29 18:07:55,788 [INFO] Iter 562 | R=10.00 Vres=2.50 MinP=3 | runtime=9.48s | 1-to-1=3.4%
2025-04-29 18:07:56,140 [INFO] Iter 564 | R=10.00 Vres=2.50 MinP=5 | runtime=7.89s | 1-to-1=3.4%
2025-04-29 18:07:56,153 [INFO] Iter 560 | R=10.00 Vres=2.50 MinP=1 | runtime=8.98s | 1-to-1=3.4%
2025-04-29 18:07:56,445 [INFO] Iter 563 | R=10.00 Vres=2.50 MinP=4 | runtime=9.27s | 1-to-1=3.4%
2025-04-29 18:07:56,714 [INFO] Iter 557 | R=10.00 Vres=2.00 MinP=3 | runtime=10.29s | 1-to-1=3.4%
2025-04-29 18:07:56,953 [INFO] Iter 566 | R=10.00 Vres=3.00 MinP=2 | runtime=8.71s | 1-to-1=3.4%
2025-04-29 18:07:56,984 [INFO] Iter 569 | R=10.00 Vres=3.00 MinP=5 | runtime=7.84s | 1-to-1=3.4%
2025-04-29 18:07:57,374 [INFO] Iter 555 | R=10.00 Vres=2.00 MinP=1 | runtime=11.37s | 1-to-1=3.4%
2025-04-29 18:07:57,574 [INFO] Iter 561 | R=10.00 Vres=2.50 MinP=2 | runtime=9.80s | 1-to-1=3.4%
2025-04-29 18:07:57,746 [INFO] Iter 567 | R=10.00 Vres=3.00 MinP=3 | runtime=9.97s | 1-to-1=3.4%
2025-04-29 18:07:58,096 [INFO] Iter 565 | R=10.00 Vres=3.00 MinP=1 | runtime=11.12s | 1-to-1=3.4%
2025-04-29 18:07:58,341 [INFO] ✅  Sweep finished – results written to whm_100_unfiltered/segmentation_stats_public.csv
2025-04-29 18:11:12,544 [INFO] Iter 218 | R=4.50 Vres=1.00 MinP=4 | runtime=33.26s | 1-to-1=34.5%
2025-04-29 18:11:13,271 [INFO] Iter 219 | R=4.50 Vres=1.00 MinP=5 | runtime=33.12s | 1-to-1=34.5%
2025-04-29 18:11:15,792 [INFO] Iter 220 | R=4.50 Vres=1.50 MinP=1 | runtime=28.65s | 1-to-1=37.9%
2025-04-29 18:11:19,475 [INFO] Iter 221 | R=4.50 Vres=1.50 MinP=2 | runtime=29.07s | 1-to-1=37.9%
2025-04-29 18:11:19,716 [INFO] Iter 222 | R=4.50 Vres=1.50 MinP=3 | runtime=28.67s | 1-to-1=31.0%
2025-04-29 18:11:21,607 [INFO] Iter 223 | R=4.50 Vres=1.50 MinP=4 | runtime=28.72s | 1-to-1=31.0%
2025-04-29 18:11:22,114 [INFO] Iter 225 | R=4.50 Vres=2.00 MinP=1 | runtime=22.45s | 1-to-1=27.6%
2025-04-29 18:11:22,195 [INFO] Iter 224 | R=4.50 Vres=1.50 MinP=5 | runtime=28.32s | 1-to-1=31.0%
2025-04-29 18:11:37,155 [INFO] Iter 226 | R=4.50 Vres=2.00 MinP=2 | runtime=22.19s | 1-to-1=27.6%
2025-04-29 18:11:37,910 [INFO] Iter 227 | R=4.50 Vres=2.00 MinP=3 | runtime=22.47s | 1-to-1=27.6%
2025-04-29 18:11:40,083 [INFO] Iter 228 | R=4.50 Vres=2.00 MinP=4 | runtime=22.84s | 1-to-1=27.6%
2025-04-29 18:11:44,050 [INFO] Iter 229 | R=4.50 Vres=2.00 MinP=5 | runtime=22.77s | 1-to-1=27.6%
2025-04-29 18:11:46,613 [INFO] Iter 230 | R=4.50 Vres=2.50 MinP=1 | runtime=24.85s | 1-to-1=31.0%
2025-04-29 18:11:48,831 [INFO] Iter 231 | R=4.50 Vres=2.50 MinP=2 | runtime=25.04s | 1-to-1=31.0%
2025-04-29 18:11:49,464 [INFO] Iter 233 | R=4.50 Vres=2.50 MinP=4 | runtime=25.31s | 1-to-1=31.0%
2025-04-29 18:11:49,569 [INFO] Iter 232 | R=4.50 Vres=2.50 MinP=3 | runtime=25.11s | 1-to-1=31.0%
2025-04-29 18:12:03,633 [INFO] Iter 234 | R=4.50 Vres=2.50 MinP=5 | runtime=24.36s | 1-to-1=31.0%
2025-04-29 18:12:04,711 [INFO] Iter 235 | R=4.50 Vres=3.00 MinP=1 | runtime=24.24s | 1-to-1=37.9%
2025-04-29 18:12:07,155 [INFO] Iter 236 | R=4.50 Vres=3.00 MinP=2 | runtime=24.98s | 1-to-1=41.4%
2025-04-29 18:12:11,013 [INFO] Iter 237 | R=4.50 Vres=3.00 MinP=3 | runtime=25.27s | 1-to-1=37.9%
2025-04-29 18:12:12,970 [INFO] Iter 238 | R=4.50 Vres=3.00 MinP=4 | runtime=24.78s | 1-to-1=37.9%
2025-04-29 18:12:15,147 [INFO] Iter 239 | R=4.50 Vres=3.00 MinP=5 | runtime=24.78s | 1-to-1=37.9%
