2025-03-03 12:44:27,502 [INFO] Reading LAS file from: delft_250\whm_250.laz
2025-03-03 12:44:29,909 [INFO] Thinning not applied. Keeping all points.
2025-03-03 12:44:29,909 [INFO] Point Attributes:
2025-03-03 12:44:29,934 [INFO] X                         int32                     Min: 431000                    Max: 681000
2025-03-03 12:44:29,955 [INFO] Y                         int32                     Min: 987000                    Max: 1237000
2025-03-03 12:44:29,982 [INFO] Z                         int32                     Min: -1418                     Max: 35317
2025-03-03 12:44:30,003 [INFO] intensity                 uint16                    Min: 266                       Max: 65535
2025-03-03 12:44:30,043 [INFO] return_number             uint8                     Min: 1                         Max: 11
2025-03-03 12:44:30,078 [INFO] number_of_returns         uint8                     Min: 1                         Max: 11
2025-03-03 12:44:30,113 [INFO] synthetic                 uint8                     Min: 0                         Max: 0
2025-03-03 12:44:30,146 [INFO] key_point                 uint8                     Min: 0                         Max: 0
2025-03-03 12:44:30,180 [INFO] withheld                  uint8                     Min: 0                         Max: 0
2025-03-03 12:44:30,214 [INFO] overlap                   uint8                     Min: 0                         Max: 0
2025-03-03 12:44:30,247 [INFO] scanner_channel           uint8                     Min: 0                         Max: 0
2025-03-03 12:44:30,281 [INFO] scan_direction_flag       uint8                     Min: 0                         Max: 1
2025-03-03 12:44:30,314 [INFO] edge_of_flight_line       uint8                     Min: 0                         Max: 0
2025-03-03 12:44:30,338 [INFO] classification            uint8                     Min: 1                         Max: 26
2025-03-03 12:44:30,367 [INFO] user_data                 uint8                     Min: 1                         Max: 1
2025-03-03 12:44:30,390 [INFO] scan_angle                int16                     Min: 1510                      Max: 3325
2025-03-03 12:44:30,418 [INFO] point_source_id           uint16                    Min: 1059                      Max: 1060
2025-03-03 12:44:30,442 [INFO] gps_time                  float64                   Min: 359859913.2917922         Max: 359862482.6579376
2025-03-03 12:44:30,468 [INFO] red                       uint16                    Min: 47                        Max: 255
2025-03-03 12:44:30,489 [INFO] green                     uint16                    Min: 71                        Max: 255
2025-03-03 12:44:30,515 [INFO] blue                      uint16                    Min: 54                        Max: 255
2025-03-03 12:44:30,536 [INFO] nir                       uint16                    Min: 26                        Max: 255
2025-03-03 12:44:32,202 [INFO] Calculated NDVI.
2025-03-03 12:44:33,787 [INFO] Calculated normalized green (norm_g).
2025-03-03 12:44:35,750 [INFO] Calculated MTVI2.
2025-03-03 12:44:36,644 [INFO] Applied filtering based on return numbers.
2025-03-03 12:44:40,570 [INFO] Removed outliers using nb_neighbors=20, std_ratio=2.00
2025-03-03 12:44:42,217 [INFO] LAS file saved to delft_250\forest.laz
2025-03-03 12:44:45,813 [INFO] XYZ file saved to delft_250\forest.xyz
2025-03-03 12:44:45,813 [INFO] ============================================================Processing complete.
