2025-04-29 13:17:58,506 [INFO] 🔰  Public-tree matching sweep started
2025-04-29 13:18:01,150 [INFO] Public trees inside bbox: 29
2025-04-29 13:18:24,965 [WARNING] Iter 6: tree 255 < 3 pts, skip
2025-04-29 13:18:24,970 [WARNING] Iter 6: tree 264 < 3 pts, skip
2025-04-29 13:18:24,977 [WARNING] Iter 6: tree 280 < 3 pts, skip
2025-04-29 13:18:24,979 [WARNING] Iter 6: tree 283 < 3 pts, skip
2025-04-29 13:18:25,001 [INFO] Iter 6 | R=1.00 Vres=1.50 MinP=1 | runtime=23.04s | 1-to-1=72.4%
2025-04-29 13:18:25,988 [INFO] Iter 7 | R=1.00 Vres=1.50 MinP=3 | runtime=23.96s | 1-to-1=82.8%
2025-04-29 13:18:29,830 [WARNING] Iter 3: tree 356 < 3 pts, skip
2025-04-29 13:18:29,834 [WARNING] Iter 3: tree 360 < 3 pts, skip
2025-04-29 13:18:29,863 [WARNING] Iter 3: tree 381 < 3 pts, skip
2025-04-29 13:18:29,866 [WARNING] Iter 3: tree 384 < 3 pts, skip
2025-04-29 13:18:29,883 [INFO] Iter 3 | R=1.00 Vres=1.00 MinP=1 | runtime=27.71s | 1-to-1=65.5%
2025-04-29 13:18:30,345 [INFO] Iter 4 | R=1.00 Vres=1.00 MinP=3 | runtime=28.22s | 1-to-1=79.3%
2025-04-29 13:18:30,395 [INFO] Iter 5 | R=1.00 Vres=1.00 MinP=5 | runtime=28.20s | 1-to-1=86.2%
2025-04-29 13:18:41,215 [WARNING] Iter 0: tree 507 < 3 pts, skip
2025-04-29 13:18:41,217 [WARNING] Iter 0: tree 511 < 3 pts, skip
2025-04-29 13:18:41,226 [WARNING] Iter 0: tree 538 < 3 pts, skip
2025-04-29 13:18:41,226 [WARNING] Iter 0: tree 541 < 3 pts, skip
2025-04-29 13:18:41,239 [INFO] Iter 0 | R=1.00 Vres=0.50 MinP=1 | runtime=39.26s | 1-to-1=55.2%
2025-04-29 13:18:43,113 [INFO] Iter 1 | R=1.00 Vres=0.50 MinP=3 | runtime=41.16s | 1-to-1=69.0%
2025-04-29 13:18:44,655 [INFO] Iter 2 | R=1.00 Vres=0.50 MinP=5 | runtime=42.77s | 1-to-1=69.0%
2025-04-29 13:18:47,446 [WARNING] Iter 9: tree 227 < 3 pts, skip
2025-04-29 13:18:47,451 [WARNING] Iter 9: tree 237 < 3 pts, skip
2025-04-29 13:18:47,456 [WARNING] Iter 9: tree 249 < 3 pts, skip
2025-04-29 13:18:47,457 [WARNING] Iter 9: tree 250 < 3 pts, skip
2025-04-29 13:18:47,468 [INFO] Iter 9 | R=1.00 Vres=2.00 MinP=1 | runtime=20.79s | 1-to-1=58.6%
2025-04-29 13:18:50,522 [INFO] Iter 8 | R=1.00 Vres=1.50 MinP=5 | runtime=24.75s | 1-to-1=82.8%
2025-04-29 13:18:52,315 [INFO] Iter 10 | R=1.00 Vres=2.00 MinP=3 | runtime=21.68s | 1-to-1=65.5%
2025-04-29 13:18:52,903 [INFO] Iter 11 | R=1.00 Vres=2.00 MinP=5 | runtime=21.87s | 1-to-1=72.4%
2025-04-29 13:18:54,745 [WARNING] Iter 12: tree 164 < 3 pts, skip
2025-04-29 13:18:54,749 [WARNING] Iter 12: tree 170 < 3 pts, skip
2025-04-29 13:18:54,784 [WARNING] Iter 12: tree 191 < 3 pts, skip
2025-04-29 13:18:54,785 [WARNING] Iter 12: tree 193 < 3 pts, skip
2025-04-29 13:18:54,801 [INFO] Iter 12 | R=1.00 Vres=2.50 MinP=1 | runtime=23.58s | 1-to-1=69.0%
2025-04-29 13:19:05,082 [WARNING] Iter 15: tree 178 < 3 pts, skip
2025-04-29 13:19:05,086 [WARNING] Iter 15: tree 189 < 3 pts, skip
2025-04-29 13:19:05,087 [WARNING] Iter 15: tree 190 < 3 pts, skip
2025-04-29 13:19:05,093 [WARNING] Iter 15: tree 199 < 3 pts, skip
2025-04-29 13:19:05,106 [INFO] Iter 15 | R=1.00 Vres=3.00 MinP=1 | runtime=19.76s | 1-to-1=72.4%
2025-04-29 13:19:05,285 [INFO] Iter 13 | R=1.00 Vres=2.50 MinP=3 | runtime=23.29s | 1-to-1=72.4%
2025-04-29 13:19:06,432 [INFO] Iter 14 | R=1.00 Vres=2.50 MinP=5 | runtime=22.63s | 1-to-1=75.9%
2025-04-29 13:19:07,587 [INFO] Iter 16 | R=1.00 Vres=3.00 MinP=3 | runtime=19.36s | 1-to-1=79.3%
2025-04-29 13:19:11,298 [INFO] Iter 17 | R=1.00 Vres=3.00 MinP=5 | runtime=20.12s | 1-to-1=79.3%
2025-04-29 13:19:25,226 [WARNING] Iter 18: tree 164 < 3 pts, skip
2025-04-29 13:19:25,228 [WARNING] Iter 18: tree 168 < 3 pts, skip
2025-04-29 13:19:25,253 [INFO] Iter 18 | R=1.50 Vres=0.50 MinP=1 | runtime=32.01s | 1-to-1=62.1%
2025-04-29 13:19:25,998 [WARNING] Iter 24: tree 110 < 3 pts, skip
2025-04-29 13:19:26,004 [WARNING] Iter 24: tree 119 < 3 pts, skip
2025-04-29 13:19:26,027 [INFO] Iter 24 | R=1.50 Vres=1.50 MinP=1 | runtime=17.52s | 1-to-1=72.4%
2025-04-29 13:19:26,769 [INFO] Iter 19 | R=1.50 Vres=0.50 MinP=3 | runtime=32.90s | 1-to-1=62.1%
2025-04-29 13:19:27,798 [WARNING] Iter 21: tree 133 < 3 pts, skip
2025-04-29 13:19:27,800 [WARNING] Iter 21: tree 137 < 3 pts, skip
2025-04-29 13:19:27,819 [INFO] Iter 21 | R=1.50 Vres=1.00 MinP=1 | runtime=21.91s | 1-to-1=62.1%
2025-04-29 13:19:28,318 [INFO] Iter 22 | R=1.50 Vres=1.00 MinP=3 | runtime=22.19s | 1-to-1=65.5%
2025-04-29 13:19:29,693 [INFO] Iter 23 | R=1.50 Vres=1.00 MinP=5 | runtime=22.58s | 1-to-1=75.9%
2025-04-29 13:19:30,636 [INFO] Iter 20 | R=1.50 Vres=0.50 MinP=5 | runtime=35.03s | 1-to-1=65.5%
2025-04-29 13:19:31,047 [INFO] Iter 25 | R=1.50 Vres=1.50 MinP=3 | runtime=18.96s | 1-to-1=75.9%
2025-04-29 13:19:41,711 [WARNING] Iter 27: tree 100 < 3 pts, skip
2025-04-29 13:19:41,715 [WARNING] Iter 27: tree 110 < 3 pts, skip
2025-04-29 13:19:41,728 [INFO] Iter 27 | R=1.50 Vres=2.00 MinP=1 | runtime=15.09s | 1-to-1=69.0%
2025-04-29 13:19:43,217 [INFO] Iter 28 | R=1.50 Vres=2.00 MinP=3 | runtime=15.61s | 1-to-1=69.0%
2025-04-29 13:19:43,550 [WARNING] Iter 30: tree 87 < 3 pts, skip
2025-04-29 13:19:43,552 [WARNING] Iter 30: tree 93 < 3 pts, skip
2025-04-29 13:19:43,567 [INFO] Iter 30 | R=1.50 Vres=2.50 MinP=1 | runtime=14.53s | 1-to-1=69.0%
2025-04-29 13:19:44,634 [INFO] Iter 29 | R=1.50 Vres=2.00 MinP=5 | runtime=15.76s | 1-to-1=72.4%
2025-04-29 13:19:44,955 [INFO] Iter 26 | R=1.50 Vres=1.50 MinP=5 | runtime=18.43s | 1-to-1=75.9%
2025-04-29 13:19:45,219 [INFO] Iter 31 | R=1.50 Vres=2.50 MinP=3 | runtime=14.19s | 1-to-1=69.0%
2025-04-29 13:19:45,496 [WARNING] Iter 33: tree 89 < 3 pts, skip
2025-04-29 13:19:45,502 [WARNING] Iter 33: tree 99 < 3 pts, skip
2025-04-29 13:19:45,502 [WARNING] Iter 33: tree 100 < 3 pts, skip
2025-04-29 13:19:45,523 [INFO] Iter 33 | R=1.50 Vres=3.00 MinP=1 | runtime=13.23s | 1-to-1=75.9%
2025-04-29 13:19:46,172 [INFO] Iter 32 | R=1.50 Vres=2.50 MinP=5 | runtime=14.75s | 1-to-1=72.4%
2025-04-29 13:19:56,674 [INFO] Iter 34 | R=1.50 Vres=3.00 MinP=3 | runtime=14.31s | 1-to-1=79.3%
2025-04-29 13:19:58,072 [INFO] Iter 35 | R=1.50 Vres=3.00 MinP=5 | runtime=14.14s | 1-to-1=79.3%
2025-04-29 13:20:02,384 [INFO] Iter 39 | R=2.00 Vres=1.00 MinP=1 | runtime=16.51s | 1-to-1=65.5%
2025-04-29 13:20:04,104 [INFO] Iter 40 | R=2.00 Vres=1.00 MinP=3 | runtime=17.96s | 1-to-1=69.0%
2025-04-29 13:20:06,369 [INFO] Iter 41 | R=2.00 Vres=1.00 MinP=5 | runtime=19.60s | 1-to-1=75.9%
2025-04-29 13:20:10,438 [INFO] Iter 36 | R=2.00 Vres=0.50 MinP=1 | runtime=26.20s | 1-to-1=51.7%
2025-04-29 13:20:11,210 [INFO] Iter 42 | R=2.00 Vres=1.50 MinP=1 | runtime=13.68s | 1-to-1=75.9%
2025-04-29 13:20:12,607 [INFO] Iter 43 | R=2.00 Vres=1.50 MinP=3 | runtime=13.85s | 1-to-1=79.3%
2025-04-29 13:20:12,756 [INFO] Iter 37 | R=2.00 Vres=0.50 MinP=3 | runtime=27.22s | 1-to-1=58.6%
2025-04-29 13:20:14,190 [INFO] Iter 38 | R=2.00 Vres=0.50 MinP=5 | runtime=28.58s | 1-to-1=65.5%
2025-04-29 13:20:18,327 [INFO] Iter 44 | R=2.00 Vres=1.50 MinP=5 | runtime=15.24s | 1-to-1=79.3%
2025-04-29 13:20:18,410 [INFO] Iter 45 | R=2.00 Vres=2.00 MinP=1 | runtime=13.63s | 1-to-1=69.0%
2025-04-29 13:20:21,049 [INFO] Iter 46 | R=2.00 Vres=2.00 MinP=3 | runtime=13.96s | 1-to-1=69.0%
2025-04-29 13:20:25,299 [INFO] Iter 51 | R=2.00 Vres=3.00 MinP=1 | runtime=10.44s | 1-to-1=72.4%
2025-04-29 13:20:25,549 [INFO] Iter 47 | R=2.00 Vres=2.00 MinP=5 | runtime=14.31s | 1-to-1=72.4%
2025-04-29 13:20:26,239 [INFO] Iter 48 | R=2.00 Vres=2.50 MinP=1 | runtime=14.25s | 1-to-1=58.6%
2025-04-29 13:20:26,877 [INFO] Iter 49 | R=2.00 Vres=2.50 MinP=3 | runtime=13.38s | 1-to-1=58.6%
2025-04-29 13:20:27,120 [INFO] Iter 50 | R=2.00 Vres=2.50 MinP=5 | runtime=13.49s | 1-to-1=58.6%
2025-04-29 13:20:30,266 [INFO] Iter 52 | R=2.00 Vres=3.00 MinP=3 | runtime=11.26s | 1-to-1=75.9%
2025-04-29 13:20:31,461 [INFO] Iter 53 | R=2.00 Vres=3.00 MinP=5 | runtime=12.35s | 1-to-1=75.9%
2025-04-29 13:20:41,107 [INFO] Iter 57 | R=2.50 Vres=1.00 MinP=1 | runtime=14.17s | 1-to-1=62.1%
2025-04-29 13:20:42,264 [INFO] Iter 60 | R=2.50 Vres=1.50 MinP=1 | runtime=11.20s | 1-to-1=69.0%
2025-04-29 13:20:42,689 [INFO] Iter 58 | R=2.50 Vres=1.00 MinP=3 | runtime=15.06s | 1-to-1=65.5%
2025-04-29 13:20:43,796 [INFO] Iter 61 | R=2.50 Vres=1.50 MinP=3 | runtime=11.58s | 1-to-1=72.4%
2025-04-29 13:20:44,223 [INFO] Iter 59 | R=2.50 Vres=1.00 MinP=5 | runtime=16.32s | 1-to-1=72.4%
2025-04-29 13:20:44,681 [INFO] Iter 54 | R=2.50 Vres=0.50 MinP=1 | runtime=22.81s | 1-to-1=55.2%
2025-04-29 13:20:50,018 [INFO] Iter 55 | R=2.50 Vres=0.50 MinP=3 | runtime=24.04s | 1-to-1=62.1%
2025-04-29 13:20:50,760 [INFO] Iter 56 | R=2.50 Vres=0.50 MinP=5 | runtime=24.49s | 1-to-1=69.0%
2025-04-29 13:20:53,914 [INFO] Iter 63 | R=2.50 Vres=2.00 MinP=1 | runtime=10.95s | 1-to-1=62.1%
2025-04-29 13:20:54,366 [INFO] Iter 64 | R=2.50 Vres=2.00 MinP=3 | runtime=10.88s | 1-to-1=62.1%
2025-04-29 13:20:54,760 [INFO] Iter 62 | R=2.50 Vres=1.50 MinP=5 | runtime=12.84s | 1-to-1=72.4%
2025-04-29 13:20:56,251 [INFO] Iter 65 | R=2.50 Vres=2.00 MinP=5 | runtime=11.86s | 1-to-1=65.5%
2025-04-29 13:20:56,992 [INFO] Iter 66 | R=2.50 Vres=2.50 MinP=1 | runtime=11.98s | 1-to-1=55.2%
2025-04-29 13:20:57,720 [INFO] Iter 67 | R=2.50 Vres=2.50 MinP=3 | runtime=12.27s | 1-to-1=55.2%
2025-04-29 13:21:00,125 [INFO] Iter 69 | R=2.50 Vres=3.00 MinP=1 | runtime=8.77s | 1-to-1=72.4%
2025-04-29 13:21:03,268 [INFO] Iter 68 | R=2.50 Vres=2.50 MinP=5 | runtime=12.51s | 1-to-1=55.2%
2025-04-29 13:21:03,343 [INFO] Iter 70 | R=2.50 Vres=3.00 MinP=3 | runtime=8.72s | 1-to-1=72.4%
2025-04-29 13:21:04,801 [INFO] Iter 71 | R=2.50 Vres=3.00 MinP=5 | runtime=9.82s | 1-to-1=72.4%
2025-04-29 13:21:13,675 [INFO] Iter 75 | R=3.00 Vres=1.00 MinP=1 | runtime=15.28s | 1-to-1=58.6%
2025-04-29 13:21:16,130 [INFO] Iter 76 | R=3.00 Vres=1.00 MinP=3 | runtime=15.28s | 1-to-1=62.1%
2025-04-29 13:21:16,484 [INFO] Iter 78 | R=3.00 Vres=1.50 MinP=1 | runtime=12.24s | 1-to-1=65.5%
2025-04-29 13:21:16,760 [INFO] Iter 72 | R=3.00 Vres=0.50 MinP=1 | runtime=21.20s | 1-to-1=55.2%
2025-04-29 13:21:17,086 [INFO] Iter 79 | R=3.00 Vres=1.50 MinP=3 | runtime=11.50s | 1-to-1=69.0%
2025-04-29 13:21:19,116 [INFO] Iter 73 | R=3.00 Vres=0.50 MinP=3 | runtime=22.22s | 1-to-1=65.5%
2025-04-29 13:21:20,239 [INFO] Iter 77 | R=3.00 Vres=1.00 MinP=5 | runtime=16.36s | 1-to-1=69.0%
2025-04-29 13:21:21,010 [INFO] Iter 74 | R=3.00 Vres=0.50 MinP=5 | runtime=23.31s | 1-to-1=65.5%
2025-04-29 13:21:25,744 [INFO] Iter 80 | R=3.00 Vres=1.50 MinP=5 | runtime=11.41s | 1-to-1=69.0%
2025-04-29 13:21:27,020 [INFO] Iter 81 | R=3.00 Vres=2.00 MinP=1 | runtime=10.03s | 1-to-1=62.1%
2025-04-29 13:21:27,507 [INFO] Iter 84 | R=3.00 Vres=2.50 MinP=1 | runtime=9.42s | 1-to-1=55.2%
2025-04-29 13:21:27,558 [INFO] Iter 82 | R=3.00 Vres=2.00 MinP=3 | runtime=10.05s | 1-to-1=62.1%
2025-04-29 13:21:27,704 [INFO] Iter 83 | R=3.00 Vres=2.00 MinP=5 | runtime=10.04s | 1-to-1=65.5%
2025-04-29 13:21:30,167 [INFO] Iter 87 | R=3.00 Vres=3.00 MinP=1 | runtime=8.52s | 1-to-1=69.0%
2025-04-29 13:21:30,225 [INFO] Iter 85 | R=3.00 Vres=2.50 MinP=3 | runtime=10.29s | 1-to-1=55.2%
2025-04-29 13:21:31,087 [INFO] Iter 86 | R=3.00 Vres=2.50 MinP=5 | runtime=10.21s | 1-to-1=55.2%
2025-04-29 13:21:34,996 [INFO] Iter 88 | R=3.00 Vres=3.00 MinP=3 | runtime=8.56s | 1-to-1=72.4%
2025-04-29 13:21:35,740 [INFO] Iter 89 | R=3.00 Vres=3.00 MinP=5 | runtime=8.16s | 1-to-1=72.4%
2025-04-29 13:21:43,320 [INFO] Iter 93 | R=3.50 Vres=1.00 MinP=1 | runtime=12.58s | 1-to-1=55.2%
2025-04-29 13:21:43,812 [INFO] Iter 94 | R=3.50 Vres=1.00 MinP=3 | runtime=12.83s | 1-to-1=58.6%
2025-04-29 13:21:44,474 [INFO] Iter 95 | R=3.50 Vres=1.00 MinP=5 | runtime=12.73s | 1-to-1=65.5%
2025-04-29 13:21:45,822 [INFO] Iter 96 | R=3.50 Vres=1.50 MinP=1 | runtime=10.17s | 1-to-1=62.1%
2025-04-29 13:21:46,633 [INFO] Iter 97 | R=3.50 Vres=1.50 MinP=3 | runtime=10.29s | 1-to-1=65.5%
2025-04-29 13:21:47,965 [INFO] Iter 91 | R=3.50 Vres=0.50 MinP=3 | runtime=19.58s | 1-to-1=65.5%
2025-04-29 13:21:48,178 [INFO] Iter 92 | R=3.50 Vres=0.50 MinP=5 | runtime=19.73s | 1-to-1=65.5%
2025-04-29 13:21:48,224 [INFO] Iter 90 | R=3.50 Vres=0.50 MinP=1 | runtime=19.92s | 1-to-1=58.6%
2025-04-29 13:21:54,183 [INFO] Iter 98 | R=3.50 Vres=1.50 MinP=5 | runtime=10.11s | 1-to-1=58.6%
2025-04-29 13:21:54,253 [INFO] Iter 99 | R=3.50 Vres=2.00 MinP=1 | runtime=9.61s | 1-to-1=48.3%
2025-04-29 13:21:54,864 [INFO] Iter 100 | R=3.50 Vres=2.00 MinP=3 | runtime=9.78s | 1-to-1=48.3%
2025-04-29 13:21:55,850 [INFO] Iter 102 | R=3.50 Vres=2.50 MinP=1 | runtime=8.49s | 1-to-1=48.3%
2025-04-29 13:21:56,140 [INFO] Iter 101 | R=3.50 Vres=2.00 MinP=5 | runtime=9.55s | 1-to-1=48.3%
2025-04-29 13:21:56,915 [INFO] Iter 105 | R=3.50 Vres=3.00 MinP=1 | runtime=8.04s | 1-to-1=69.0%
2025-04-29 13:21:58,154 [INFO] Iter 103 | R=3.50 Vres=2.50 MinP=3 | runtime=9.14s | 1-to-1=48.3%
2025-04-29 13:21:58,486 [INFO] Iter 104 | R=3.50 Vres=2.50 MinP=5 | runtime=9.52s | 1-to-1=48.3%
2025-04-29 13:22:03,862 [INFO] Iter 107 | R=3.50 Vres=3.00 MinP=5 | runtime=8.88s | 1-to-1=65.5%
2025-04-29 13:22:03,983 [INFO] Iter 106 | R=3.50 Vres=3.00 MinP=3 | runtime=9.01s | 1-to-1=65.5%
2025-04-29 13:22:09,398 [INFO] Iter 111 | R=4.00 Vres=1.00 MinP=1 | runtime=12.00s | 1-to-1=55.2%
2025-04-29 13:22:10,753 [INFO] Iter 112 | R=4.00 Vres=1.00 MinP=3 | runtime=11.89s | 1-to-1=58.6%
2025-04-29 13:22:10,918 [INFO] Iter 113 | R=4.00 Vres=1.00 MinP=5 | runtime=11.72s | 1-to-1=62.1%
2025-04-29 13:22:13,144 [INFO] Iter 108 | R=4.00 Vres=0.50 MinP=1 | runtime=17.62s | 1-to-1=62.1%
2025-04-29 13:22:13,951 [INFO] Iter 115 | R=4.00 Vres=1.50 MinP=3 | runtime=9.18s | 1-to-1=62.1%
2025-04-29 13:22:14,042 [INFO] Iter 114 | R=4.00 Vres=1.50 MinP=1 | runtime=9.40s | 1-to-1=58.6%
2025-04-29 13:22:14,207 [INFO] Iter 109 | R=4.00 Vres=0.50 MinP=3 | runtime=17.54s | 1-to-1=69.0%
2025-04-29 13:22:14,624 [INFO] Iter 110 | R=4.00 Vres=0.50 MinP=5 | runtime=17.84s | 1-to-1=62.1%
2025-04-29 13:22:20,176 [INFO] Iter 116 | R=4.00 Vres=1.50 MinP=5 | runtime=10.00s | 1-to-1=55.2%
2025-04-29 13:22:20,290 [INFO] Iter 117 | R=4.00 Vres=2.00 MinP=1 | runtime=8.62s | 1-to-1=48.3%
2025-04-29 13:22:20,452 [INFO] Iter 118 | R=4.00 Vres=2.00 MinP=3 | runtime=8.75s | 1-to-1=48.3%
2025-04-29 13:22:22,152 [INFO] Iter 123 | R=4.00 Vres=3.00 MinP=1 | runtime=6.88s | 1-to-1=69.0%
2025-04-29 13:22:22,765 [INFO] Iter 119 | R=4.00 Vres=2.00 MinP=5 | runtime=9.04s | 1-to-1=48.3%
2025-04-29 13:22:23,676 [INFO] Iter 121 | R=4.00 Vres=2.50 MinP=3 | runtime=8.97s | 1-to-1=48.3%
2025-04-29 13:22:23,920 [INFO] Iter 120 | R=4.00 Vres=2.50 MinP=1 | runtime=9.27s | 1-to-1=48.3%
2025-04-29 13:22:24,051 [INFO] Iter 122 | R=4.00 Vres=2.50 MinP=5 | runtime=9.06s | 1-to-1=48.3%
2025-04-29 13:22:28,252 [INFO] Iter 124 | R=4.00 Vres=3.00 MinP=3 | runtime=7.40s | 1-to-1=65.5%
2025-04-29 13:22:28,758 [INFO] Iter 125 | R=4.00 Vres=3.00 MinP=5 | runtime=7.79s | 1-to-1=65.5%
2025-04-29 13:22:34,634 [INFO] Iter 129 | R=4.50 Vres=1.00 MinP=1 | runtime=10.31s | 1-to-1=51.7%
2025-04-29 13:22:35,470 [INFO] Iter 131 | R=4.50 Vres=1.00 MinP=5 | runtime=10.62s | 1-to-1=55.2%
2025-04-29 13:22:35,609 [INFO] Iter 130 | R=4.50 Vres=1.00 MinP=3 | runtime=10.90s | 1-to-1=55.2%
2025-04-29 13:22:37,894 [INFO] Iter 132 | R=4.50 Vres=1.50 MinP=1 | runtime=8.98s | 1-to-1=51.7%
2025-04-29 13:22:38,197 [INFO] Iter 126 | R=4.50 Vres=0.50 MinP=1 | runtime=17.04s | 1-to-1=62.1%
2025-04-29 13:22:39,297 [INFO] Iter 133 | R=4.50 Vres=1.50 MinP=3 | runtime=9.96s | 1-to-1=55.2%
2025-04-29 13:22:40,355 [INFO] Iter 127 | R=4.50 Vres=0.50 MinP=3 | runtime=17.56s | 1-to-1=69.0%
2025-04-29 13:22:41,742 [INFO] Iter 128 | R=4.50 Vres=0.50 MinP=5 | runtime=18.27s | 1-to-1=55.2%
2025-04-29 13:22:44,785 [INFO] Iter 135 | R=4.50 Vres=2.00 MinP=1 | runtime=8.59s | 1-to-1=48.3%
2025-04-29 13:22:44,839 [INFO] Iter 136 | R=4.50 Vres=2.00 MinP=3 | runtime=8.40s | 1-to-1=48.3%
2025-04-29 13:22:45,011 [INFO] Iter 134 | R=4.50 Vres=1.50 MinP=5 | runtime=9.65s | 1-to-1=48.3%
2025-04-29 13:22:47,157 [INFO] Iter 137 | R=4.50 Vres=2.00 MinP=5 | runtime=8.69s | 1-to-1=48.3%
2025-04-29 13:22:47,900 [INFO] Iter 138 | R=4.50 Vres=2.50 MinP=1 | runtime=9.13s | 1-to-1=48.3%
2025-04-29 13:22:48,818 [INFO] Iter 139 | R=4.50 Vres=2.50 MinP=3 | runtime=8.97s | 1-to-1=48.3%
2025-04-29 13:22:49,832 [INFO] Iter 140 | R=4.50 Vres=2.50 MinP=5 | runtime=8.77s | 1-to-1=48.3%
2025-04-29 13:22:50,356 [INFO] Iter 141 | R=4.50 Vres=3.00 MinP=1 | runtime=8.00s | 1-to-1=62.1%
2025-04-29 13:22:53,707 [INFO] Iter 142 | R=4.50 Vres=3.00 MinP=3 | runtime=8.24s | 1-to-1=58.6%
2025-04-29 13:22:53,889 [INFO] Iter 143 | R=4.50 Vres=3.00 MinP=5 | runtime=8.21s | 1-to-1=58.6%
2025-04-29 13:22:59,762 [INFO] Iter 147 | R=5.00 Vres=1.00 MinP=1 | runtime=10.40s | 1-to-1=51.7%
2025-04-29 13:23:01,433 [INFO] Iter 149 | R=5.00 Vres=1.00 MinP=5 | runtime=10.38s | 1-to-1=55.2%
2025-04-29 13:23:01,478 [INFO] Iter 148 | R=5.00 Vres=1.00 MinP=3 | runtime=10.79s | 1-to-1=55.2%
2025-04-29 13:23:02,540 [INFO] Iter 150 | R=5.00 Vres=1.50 MinP=1 | runtime=8.10s | 1-to-1=51.7%
2025-04-29 13:23:02,603 [INFO] Iter 144 | R=5.00 Vres=0.50 MinP=1 | runtime=16.88s | 1-to-1=55.2%
2025-04-29 13:23:03,839 [INFO] Iter 151 | R=5.00 Vres=1.50 MinP=3 | runtime=9.41s | 1-to-1=55.2%
2025-04-29 13:23:06,296 [INFO] Iter 145 | R=5.00 Vres=0.50 MinP=3 | runtime=18.55s | 1-to-1=58.6%
2025-04-29 13:23:07,186 [INFO] Iter 146 | R=5.00 Vres=0.50 MinP=5 | runtime=18.72s | 1-to-1=55.2%
2025-04-29 13:23:09,864 [INFO] Iter 152 | R=5.00 Vres=1.50 MinP=5 | runtime=9.39s | 1-to-1=48.3%
2025-04-29 13:23:10,099 [INFO] Iter 153 | R=5.00 Vres=2.00 MinP=1 | runtime=7.84s | 1-to-1=48.3%
2025-04-29 13:23:10,363 [INFO] Iter 154 | R=5.00 Vres=2.00 MinP=3 | runtime=8.16s | 1-to-1=41.4%
2025-04-29 13:23:11,000 [INFO] Iter 155 | R=5.00 Vres=2.00 MinP=5 | runtime=7.97s | 1-to-1=41.4%
2025-04-29 13:23:11,552 [INFO] Iter 156 | R=5.00 Vres=2.50 MinP=1 | runtime=8.47s | 1-to-1=41.4%
2025-04-29 13:23:12,740 [INFO] Iter 157 | R=5.00 Vres=2.50 MinP=3 | runtime=8.45s | 1-to-1=41.4%
2025-04-29 13:23:14,785 [INFO] Iter 158 | R=5.00 Vres=2.50 MinP=5 | runtime=8.01s | 1-to-1=41.4%
2025-04-29 13:23:15,078 [INFO] Iter 159 | R=5.00 Vres=3.00 MinP=1 | runtime=7.47s | 1-to-1=62.1%
2025-04-29 13:23:16,437 [INFO] Iter 160 | R=5.00 Vres=3.00 MinP=3 | runtime=6.18s | 1-to-1=58.6%
2025-04-29 13:23:16,823 [INFO] Iter 161 | R=5.00 Vres=3.00 MinP=5 | runtime=6.39s | 1-to-1=58.6%
2025-04-29 13:23:16,854 [INFO] ✅  Sweep finished – results written to whm_100/segmentation_stats_public.csv
2025-04-29 15:04:28,451 [INFO] 🔰  Public-tree matching sweep started
2025-04-29 15:04:30,627 [INFO] Public trees inside bbox: 29
2025-04-29 15:04:30,630 [INFO] skip combo R=1.00 Vres=0.50 MinP=1
2025-04-29 15:04:30,631 [INFO] skip combo R=1.00 Vres=0.50 MinP=3
2025-04-29 15:04:30,631 [INFO] skip combo R=1.00 Vres=0.50 MinP=5
2025-04-29 15:04:30,631 [INFO] skip combo R=1.00 Vres=1.00 MinP=1
2025-04-29 15:04:30,631 [INFO] skip combo R=1.00 Vres=1.00 MinP=3
2025-04-29 15:04:30,631 [INFO] skip combo R=1.00 Vres=1.00 MinP=5
2025-04-29 15:04:30,632 [INFO] skip combo R=1.00 Vres=1.50 MinP=1
2025-04-29 15:04:30,632 [INFO] skip combo R=1.00 Vres=1.50 MinP=3
2025-04-29 15:04:30,632 [INFO] skip combo R=1.00 Vres=1.50 MinP=5
2025-04-29 15:04:30,633 [INFO] skip combo R=1.00 Vres=2.00 MinP=1
2025-04-29 15:04:30,633 [INFO] skip combo R=1.00 Vres=2.00 MinP=3
2025-04-29 15:04:30,634 [INFO] skip combo R=1.00 Vres=2.00 MinP=5
2025-04-29 15:04:30,634 [INFO] skip combo R=1.00 Vres=2.50 MinP=1
2025-04-29 15:04:30,634 [INFO] skip combo R=1.00 Vres=2.50 MinP=3
2025-04-29 15:04:30,634 [INFO] skip combo R=1.00 Vres=2.50 MinP=5
2025-04-29 15:04:30,635 [INFO] skip combo R=1.00 Vres=3.00 MinP=1
2025-04-29 15:04:30,635 [INFO] skip combo R=1.00 Vres=3.00 MinP=3
2025-04-29 15:04:30,638 [INFO] skip combo R=1.00 Vres=3.00 MinP=5
2025-04-29 15:04:30,650 [INFO] skip combo R=1.50 Vres=0.50 MinP=1
2025-04-29 15:04:30,650 [INFO] skip combo R=1.50 Vres=0.50 MinP=3
2025-04-29 15:04:30,650 [INFO] skip combo R=1.50 Vres=0.50 MinP=5
2025-04-29 15:04:30,651 [INFO] skip combo R=1.50 Vres=1.00 MinP=1
2025-04-29 15:04:30,653 [INFO] skip combo R=1.50 Vres=1.50 MinP=3
2025-04-29 15:04:30,652 [INFO] skip combo R=1.50 Vres=1.00 MinP=5
2025-04-29 15:04:30,653 [INFO] skip combo R=1.50 Vres=1.50 MinP=1
2025-04-29 15:04:30,651 [INFO] skip combo R=1.50 Vres=1.00 MinP=3
2025-04-29 15:04:30,653 [INFO] skip combo R=1.50 Vres=1.50 MinP=5
2025-04-29 15:04:30,653 [INFO] skip combo R=1.50 Vres=2.00 MinP=1
2025-04-29 15:04:30,653 [INFO] skip combo R=1.50 Vres=2.00 MinP=3
2025-04-29 15:04:30,656 [INFO] skip combo R=1.50 Vres=2.00 MinP=5
2025-04-29 15:04:30,656 [INFO] skip combo R=1.50 Vres=2.50 MinP=1
2025-04-29 15:04:30,657 [INFO] skip combo R=1.50 Vres=2.50 MinP=3
2025-04-29 15:04:30,657 [INFO] skip combo R=1.50 Vres=2.50 MinP=5
2025-04-29 15:04:30,657 [INFO] skip combo R=1.50 Vres=3.00 MinP=1
2025-04-29 15:04:30,657 [INFO] skip combo R=1.50 Vres=3.00 MinP=3
2025-04-29 15:04:30,658 [INFO] skip combo R=1.50 Vres=3.00 MinP=5
2025-04-29 15:04:30,658 [INFO] skip combo R=2.00 Vres=0.50 MinP=1
2025-04-29 15:04:30,658 [INFO] skip combo R=2.00 Vres=0.50 MinP=3
2025-04-29 15:04:30,659 [INFO] skip combo R=2.00 Vres=0.50 MinP=5
2025-04-29 15:04:30,659 [INFO] skip combo R=2.00 Vres=1.00 MinP=1
2025-04-29 15:04:30,659 [INFO] skip combo R=2.00 Vres=1.00 MinP=3
2025-04-29 15:04:30,659 [INFO] skip combo R=2.00 Vres=1.00 MinP=5
2025-04-29 15:04:30,660 [INFO] skip combo R=2.00 Vres=1.50 MinP=1
2025-04-29 15:04:30,660 [INFO] skip combo R=2.00 Vres=1.50 MinP=3
2025-04-29 15:04:30,660 [INFO] skip combo R=2.00 Vres=1.50 MinP=5
2025-04-29 15:04:30,660 [INFO] skip combo R=2.00 Vres=2.00 MinP=1
2025-04-29 15:04:30,661 [INFO] skip combo R=2.00 Vres=2.00 MinP=3
2025-04-29 15:04:30,661 [INFO] skip combo R=2.00 Vres=2.00 MinP=5
2025-04-29 15:04:30,661 [INFO] skip combo R=2.00 Vres=2.50 MinP=1
2025-04-29 15:04:30,663 [INFO] skip combo R=2.50 Vres=0.50 MinP=5
2025-04-29 15:04:30,663 [INFO] skip combo R=2.50 Vres=1.00 MinP=1
2025-04-29 15:04:30,663 [INFO] skip combo R=2.50 Vres=1.00 MinP=3
2025-04-29 15:04:30,662 [INFO] skip combo R=2.00 Vres=3.00 MinP=3
2025-04-29 15:04:30,662 [INFO] skip combo R=2.00 Vres=3.00 MinP=5
2025-04-29 15:04:30,663 [INFO] skip combo R=2.50 Vres=0.50 MinP=1
2025-04-29 15:04:30,663 [INFO] skip combo R=2.50 Vres=0.50 MinP=3
2025-04-29 15:04:30,661 [INFO] skip combo R=2.00 Vres=2.50 MinP=3
2025-04-29 15:04:30,662 [INFO] skip combo R=2.00 Vres=2.50 MinP=5
2025-04-29 15:04:30,665 [INFO] skip combo R=2.50 Vres=2.00 MinP=5
2025-04-29 15:04:30,665 [INFO] skip combo R=2.50 Vres=2.50 MinP=1
2025-04-29 15:04:30,664 [INFO] skip combo R=2.50 Vres=1.50 MinP=1
2025-04-29 15:04:30,664 [INFO] skip combo R=2.50 Vres=1.50 MinP=3
2025-04-29 15:04:30,664 [INFO] skip combo R=2.50 Vres=1.50 MinP=5
2025-04-29 15:04:30,664 [INFO] skip combo R=2.50 Vres=2.00 MinP=1
2025-04-29 15:04:30,664 [INFO] skip combo R=2.50 Vres=2.00 MinP=3
2025-04-29 15:04:30,662 [INFO] skip combo R=2.00 Vres=3.00 MinP=1
2025-04-29 15:04:30,663 [INFO] skip combo R=2.50 Vres=1.00 MinP=5
2025-04-29 15:04:30,665 [INFO] skip combo R=2.50 Vres=2.50 MinP=3
2025-04-29 15:04:30,665 [INFO] skip combo R=2.50 Vres=2.50 MinP=5
2025-04-29 15:04:30,665 [INFO] skip combo R=2.50 Vres=3.00 MinP=1
2025-04-29 15:04:30,666 [INFO] skip combo R=2.50 Vres=3.00 MinP=3
2025-04-29 15:04:30,666 [INFO] skip combo R=2.50 Vres=3.00 MinP=5
2025-04-29 15:04:30,666 [INFO] skip combo R=3.00 Vres=0.50 MinP=1
2025-04-29 15:04:30,666 [INFO] skip combo R=3.00 Vres=0.50 MinP=3
2025-04-29 15:04:30,666 [INFO] skip combo R=3.00 Vres=0.50 MinP=5
2025-04-29 15:04:30,667 [INFO] skip combo R=3.00 Vres=1.00 MinP=1
2025-04-29 15:04:30,667 [INFO] skip combo R=3.00 Vres=1.00 MinP=3
2025-04-29 15:04:30,667 [INFO] skip combo R=3.00 Vres=1.00 MinP=5
2025-04-29 15:04:30,667 [INFO] skip combo R=3.00 Vres=1.50 MinP=1
2025-04-29 15:04:30,667 [INFO] skip combo R=3.00 Vres=1.50 MinP=3
2025-04-29 15:04:30,668 [INFO] skip combo R=3.00 Vres=1.50 MinP=5
2025-04-29 15:04:30,668 [INFO] skip combo R=3.00 Vres=2.00 MinP=1
2025-04-29 15:04:30,668 [INFO] skip combo R=3.00 Vres=2.00 MinP=3
2025-04-29 15:04:30,668 [INFO] skip combo R=3.00 Vres=2.00 MinP=5
2025-04-29 15:04:30,668 [INFO] skip combo R=3.00 Vres=2.50 MinP=1
2025-04-29 15:04:30,669 [INFO] skip combo R=3.00 Vres=2.50 MinP=3
2025-04-29 15:04:30,669 [INFO] skip combo R=3.00 Vres=2.50 MinP=5
2025-04-29 15:04:30,669 [INFO] skip combo R=3.00 Vres=3.00 MinP=1
2025-04-29 15:04:30,669 [INFO] skip combo R=3.00 Vres=3.00 MinP=3
2025-04-29 15:04:30,670 [INFO] skip combo R=3.00 Vres=3.00 MinP=5
2025-04-29 15:04:30,670 [INFO] skip combo R=3.50 Vres=0.50 MinP=1
2025-04-29 15:04:30,670 [INFO] skip combo R=3.50 Vres=0.50 MinP=3
2025-04-29 15:04:30,670 [INFO] skip combo R=3.50 Vres=0.50 MinP=5
2025-04-29 15:04:30,671 [INFO] skip combo R=3.50 Vres=1.00 MinP=1
2025-04-29 15:04:30,671 [INFO] skip combo R=3.50 Vres=1.00 MinP=3
2025-04-29 15:04:30,671 [INFO] skip combo R=3.50 Vres=1.00 MinP=5
2025-04-29 15:04:30,671 [INFO] skip combo R=3.50 Vres=1.50 MinP=1
2025-04-29 15:04:30,672 [INFO] skip combo R=3.50 Vres=1.50 MinP=3
2025-04-29 15:04:30,672 [INFO] skip combo R=3.50 Vres=1.50 MinP=5
2025-04-29 15:04:30,672 [INFO] skip combo R=3.50 Vres=2.00 MinP=1
2025-04-29 15:04:30,672 [INFO] skip combo R=3.50 Vres=2.00 MinP=3
2025-04-29 15:04:30,673 [INFO] skip combo R=3.50 Vres=2.00 MinP=5
2025-04-29 15:04:30,673 [INFO] skip combo R=3.50 Vres=2.50 MinP=1
2025-04-29 15:04:30,673 [INFO] skip combo R=3.50 Vres=2.50 MinP=3
2025-04-29 15:04:30,674 [INFO] skip combo R=3.50 Vres=2.50 MinP=5
2025-04-29 15:04:30,674 [INFO] skip combo R=3.50 Vres=3.00 MinP=1
2025-04-29 15:04:30,675 [INFO] skip combo R=3.50 Vres=3.00 MinP=3
2025-04-29 15:04:30,675 [INFO] skip combo R=3.50 Vres=3.00 MinP=5
2025-04-29 15:04:30,675 [INFO] skip combo R=4.00 Vres=0.50 MinP=1
2025-04-29 15:04:30,675 [INFO] skip combo R=4.00 Vres=0.50 MinP=3
2025-04-29 15:04:30,676 [INFO] skip combo R=4.00 Vres=0.50 MinP=5
2025-04-29 15:04:30,676 [INFO] skip combo R=4.00 Vres=1.00 MinP=1
2025-04-29 15:04:30,676 [INFO] skip combo R=4.00 Vres=1.00 MinP=3
2025-04-29 15:04:30,676 [INFO] skip combo R=4.00 Vres=1.00 MinP=5
2025-04-29 15:04:30,676 [INFO] skip combo R=4.00 Vres=1.50 MinP=1
2025-04-29 15:04:30,677 [INFO] skip combo R=4.00 Vres=1.50 MinP=3
2025-04-29 15:04:30,677 [INFO] skip combo R=4.00 Vres=1.50 MinP=5
2025-04-29 15:04:30,677 [INFO] skip combo R=4.00 Vres=2.00 MinP=1
2025-04-29 15:04:30,677 [INFO] skip combo R=4.00 Vres=2.00 MinP=3
2025-04-29 15:04:30,677 [INFO] skip combo R=4.00 Vres=2.00 MinP=5
2025-04-29 15:04:30,677 [INFO] skip combo R=4.00 Vres=2.50 MinP=1
2025-04-29 15:04:30,678 [INFO] skip combo R=4.00 Vres=2.50 MinP=3
2025-04-29 15:04:30,678 [INFO] skip combo R=4.00 Vres=2.50 MinP=5
2025-04-29 15:04:30,678 [INFO] skip combo R=4.00 Vres=3.00 MinP=1
2025-04-29 15:04:30,678 [INFO] skip combo R=4.00 Vres=3.00 MinP=3
2025-04-29 15:04:30,678 [INFO] skip combo R=4.00 Vres=3.00 MinP=5
2025-04-29 15:04:30,679 [INFO] skip combo R=4.50 Vres=0.50 MinP=1
2025-04-29 15:04:30,679 [INFO] skip combo R=4.50 Vres=0.50 MinP=3
2025-04-29 15:04:30,679 [INFO] skip combo R=4.50 Vres=0.50 MinP=5
2025-04-29 15:04:30,679 [INFO] skip combo R=4.50 Vres=1.00 MinP=1
2025-04-29 15:04:30,679 [INFO] skip combo R=4.50 Vres=1.00 MinP=3
2025-04-29 15:04:30,679 [INFO] skip combo R=4.50 Vres=1.00 MinP=5
2025-04-29 15:04:30,680 [INFO] skip combo R=4.50 Vres=1.50 MinP=1
2025-04-29 15:04:30,680 [INFO] skip combo R=4.50 Vres=1.50 MinP=3
2025-04-29 15:04:30,680 [INFO] skip combo R=4.50 Vres=1.50 MinP=5
2025-04-29 15:04:30,680 [INFO] skip combo R=4.50 Vres=2.00 MinP=1
2025-04-29 15:04:30,680 [INFO] skip combo R=4.50 Vres=2.00 MinP=3
2025-04-29 15:04:30,680 [INFO] skip combo R=4.50 Vres=2.00 MinP=5
2025-04-29 15:04:30,681 [INFO] skip combo R=4.50 Vres=2.50 MinP=1
2025-04-29 15:04:30,681 [INFO] skip combo R=4.50 Vres=2.50 MinP=3
2025-04-29 15:04:30,681 [INFO] skip combo R=4.50 Vres=2.50 MinP=5
2025-04-29 15:04:30,681 [INFO] skip combo R=4.50 Vres=3.00 MinP=1
2025-04-29 15:04:30,681 [INFO] skip combo R=4.50 Vres=3.00 MinP=3
2025-04-29 15:04:30,681 [INFO] skip combo R=4.50 Vres=3.00 MinP=5
2025-04-29 15:04:30,682 [INFO] skip combo R=5.00 Vres=0.50 MinP=1
2025-04-29 15:04:30,682 [INFO] skip combo R=5.00 Vres=0.50 MinP=3
2025-04-29 15:04:30,682 [INFO] skip combo R=5.00 Vres=0.50 MinP=5
2025-04-29 15:04:30,682 [INFO] skip combo R=5.00 Vres=1.00 MinP=1
2025-04-29 15:04:30,682 [INFO] skip combo R=5.00 Vres=1.00 MinP=3
2025-04-29 15:04:30,682 [INFO] skip combo R=5.00 Vres=1.00 MinP=5
2025-04-29 15:04:30,683 [INFO] skip combo R=5.00 Vres=1.50 MinP=1
2025-04-29 15:04:30,683 [INFO] skip combo R=5.00 Vres=1.50 MinP=3
2025-04-29 15:04:30,683 [INFO] skip combo R=5.00 Vres=1.50 MinP=5
2025-04-29 15:04:30,683 [INFO] skip combo R=5.00 Vres=2.00 MinP=1
2025-04-29 15:04:30,684 [INFO] skip combo R=5.00 Vres=2.00 MinP=3
2025-04-29 15:04:30,684 [INFO] skip combo R=5.00 Vres=2.00 MinP=5
2025-04-29 15:04:30,684 [INFO] skip combo R=5.00 Vres=2.50 MinP=1
2025-04-29 15:04:30,685 [INFO] skip combo R=5.00 Vres=2.50 MinP=3
2025-04-29 15:04:30,685 [INFO] skip combo R=5.00 Vres=2.50 MinP=5
2025-04-29 15:04:30,685 [INFO] skip combo R=5.00 Vres=3.00 MinP=1
2025-04-29 15:04:30,685 [INFO] skip combo R=5.00 Vres=3.00 MinP=3
2025-04-29 15:04:30,686 [INFO] skip combo R=5.00 Vres=3.00 MinP=5
2025-04-29 15:04:39,367 [INFO] Iter 168 | R=5.50 Vres=1.50 MinP=1 | runtime=8.04s | 1-to-1=51.7%
2025-04-29 15:04:40,345 [INFO] Iter 169 | R=5.50 Vres=1.50 MinP=3 | runtime=8.94s | 1-to-1=48.3%
2025-04-29 15:04:41,132 [INFO] Iter 166 | R=5.50 Vres=1.00 MinP=3 | runtime=9.73s | 1-to-1=48.3%
2025-04-29 15:04:41,515 [INFO] Iter 165 | R=5.50 Vres=1.00 MinP=1 | runtime=9.92s | 1-to-1=51.7%
2025-04-29 15:04:41,673 [INFO] Iter 167 | R=5.50 Vres=1.00 MinP=5 | runtime=10.13s | 1-to-1=48.3%
2025-04-29 15:04:47,429 [INFO] Iter 162 | R=5.50 Vres=0.50 MinP=1 | runtime=16.05s | 1-to-1=55.2%
2025-04-29 15:04:47,979 [INFO] Iter 163 | R=5.50 Vres=0.50 MinP=3 | runtime=16.60s | 1-to-1=51.7%
2025-04-29 15:04:49,130 [INFO] Iter 164 | R=5.50 Vres=0.50 MinP=5 | runtime=17.63s | 1-to-1=48.3%
2025-04-29 15:04:49,231 [INFO] Iter 171 | R=5.50 Vres=2.00 MinP=1 | runtime=8.11s | 1-to-1=44.8%
2025-04-29 15:04:49,358 [INFO] Iter 170 | R=5.50 Vres=1.50 MinP=5 | runtime=9.20s | 1-to-1=41.4%
2025-04-29 15:04:50,049 [INFO] Iter 174 | R=5.50 Vres=2.50 MinP=1 | runtime=7.59s | 1-to-1=37.9%
2025-04-29 15:04:50,168 [INFO] Iter 172 | R=5.50 Vres=2.00 MinP=3 | runtime=8.18s | 1-to-1=37.9%
2025-04-29 15:04:50,458 [INFO] Iter 173 | R=5.50 Vres=2.00 MinP=5 | runtime=8.14s | 1-to-1=37.9%
2025-04-29 15:04:56,141 [INFO] Iter 175 | R=5.50 Vres=2.50 MinP=3 | runtime=8.08s | 1-to-1=37.9%
2025-04-29 15:04:56,623 [INFO] Iter 176 | R=5.50 Vres=2.50 MinP=5 | runtime=8.02s | 1-to-1=37.9%
2025-04-29 15:04:58,095 [INFO] Iter 177 | R=5.50 Vres=3.00 MinP=1 | runtime=8.33s | 1-to-1=62.1%
2025-04-29 15:04:58,375 [INFO] Iter 178 | R=5.50 Vres=3.00 MinP=3 | runtime=8.40s | 1-to-1=51.7%
2025-04-29 15:04:58,607 [INFO] Iter 179 | R=5.50 Vres=3.00 MinP=5 | runtime=8.55s | 1-to-1=51.7%
2025-04-29 15:05:08,593 [INFO] Iter 186 | R=6.00 Vres=1.50 MinP=1 | runtime=9.53s | 1-to-1=37.9%
2025-04-29 15:05:09,175 [INFO] Iter 180 | R=6.00 Vres=0.50 MinP=1 | runtime=18.32s | 1-to-1=44.8%
2025-04-29 15:05:09,665 [INFO] Iter 181 | R=6.00 Vres=0.50 MinP=3 | runtime=18.53s | 1-to-1=44.8%
2025-04-29 15:05:10,048 [INFO] Iter 187 | R=6.00 Vres=1.50 MinP=3 | runtime=10.36s | 1-to-1=41.4%
2025-04-29 15:05:10,121 [INFO] Iter 183 | R=6.00 Vres=1.00 MinP=1 | runtime=12.83s | 1-to-1=34.5%
2025-04-29 15:05:10,240 [INFO] Iter 184 | R=6.00 Vres=1.00 MinP=3 | runtime=12.54s | 1-to-1=37.9%
2025-04-29 15:05:10,748 [INFO] Iter 182 | R=6.00 Vres=0.50 MinP=5 | runtime=19.56s | 1-to-1=41.4%
2025-04-29 15:05:11,881 [INFO] Iter 185 | R=6.00 Vres=1.00 MinP=5 | runtime=13.21s | 1-to-1=37.9%
2025-04-29 15:05:19,122 [INFO] Iter 189 | R=6.00 Vres=2.00 MinP=1 | runtime=9.14s | 1-to-1=37.9%
2025-04-29 15:05:19,620 [INFO] Iter 188 | R=6.00 Vres=1.50 MinP=5 | runtime=10.01s | 1-to-1=37.9%
2025-04-29 15:05:19,836 [INFO] Iter 192 | R=6.00 Vres=2.50 MinP=1 | runtime=8.59s | 1-to-1=34.5%
2025-04-29 15:05:19,957 [INFO] Iter 193 | R=6.00 Vres=2.50 MinP=3 | runtime=8.55s | 1-to-1=34.5%
2025-04-29 15:05:20,117 [INFO] Iter 190 | R=6.00 Vres=2.00 MinP=3 | runtime=9.21s | 1-to-1=37.9%
2025-04-29 15:05:20,234 [INFO] Iter 191 | R=6.00 Vres=2.00 MinP=5 | runtime=9.11s | 1-to-1=37.9%
2025-04-29 15:05:20,592 [INFO] Iter 194 | R=6.00 Vres=2.50 MinP=5 | runtime=8.83s | 1-to-1=34.5%
2025-04-29 15:05:20,924 [INFO] Iter 195 | R=6.00 Vres=3.00 MinP=1 | runtime=8.31s | 1-to-1=48.3%
2025-04-29 15:05:28,147 [INFO] Iter 196 | R=6.00 Vres=3.00 MinP=3 | runtime=8.31s | 1-to-1=44.8%
2025-04-29 15:05:28,682 [INFO] Iter 197 | R=6.00 Vres=3.00 MinP=5 | runtime=8.34s | 1-to-1=44.8%
2025-04-29 15:05:33,430 [INFO] Iter 201 | R=6.50 Vres=1.00 MinP=1 | runtime=12.42s | 1-to-1=27.6%
2025-04-29 15:05:33,433 [INFO] Iter 202 | R=6.50 Vres=1.00 MinP=3 | runtime=12.07s | 1-to-1=31.0%
2025-04-29 15:05:34,076 [INFO] Iter 203 | R=6.50 Vres=1.00 MinP=5 | runtime=12.26s | 1-to-1=31.0%
2025-04-29 15:05:38,967 [INFO] Iter 204 | R=6.50 Vres=1.50 MinP=1 | runtime=10.14s | 1-to-1=37.9%
2025-04-29 15:05:39,926 [INFO] Iter 198 | R=6.50 Vres=0.50 MinP=1 | runtime=19.28s | 1-to-1=41.4%
2025-04-29 15:05:40,267 [INFO] Iter 199 | R=6.50 Vres=0.50 MinP=3 | runtime=19.42s | 1-to-1=41.4%
2025-04-29 15:05:40,426 [INFO] Iter 205 | R=6.50 Vres=1.50 MinP=3 | runtime=10.79s | 1-to-1=34.5%
2025-04-29 15:05:41,081 [INFO] Iter 200 | R=6.50 Vres=0.50 MinP=5 | runtime=20.16s | 1-to-1=34.5%
2025-04-29 15:05:43,134 [INFO] Iter 207 | R=6.50 Vres=2.00 MinP=1 | runtime=9.00s | 1-to-1=27.6%
2025-04-29 15:05:43,653 [INFO] Iter 208 | R=6.50 Vres=2.00 MinP=3 | runtime=8.95s | 1-to-1=27.6%
2025-04-29 15:05:45,090 [INFO] Iter 206 | R=6.50 Vres=1.50 MinP=5 | runtime=11.00s | 1-to-1=27.6%
2025-04-29 15:05:48,595 [INFO] Iter 209 | R=6.50 Vres=2.00 MinP=5 | runtime=8.82s | 1-to-1=27.6%
2025-04-29 15:05:49,161 [INFO] Iter 210 | R=6.50 Vres=2.50 MinP=1 | runtime=8.18s | 1-to-1=24.1%
2025-04-29 15:05:49,587 [INFO] Iter 212 | R=6.50 Vres=2.50 MinP=5 | runtime=8.19s | 1-to-1=20.7%
2025-04-29 15:05:49,660 [INFO] Iter 211 | R=6.50 Vres=2.50 MinP=3 | runtime=8.36s | 1-to-1=20.7%
2025-04-29 15:05:50,267 [INFO] Iter 213 | R=6.50 Vres=3.00 MinP=1 | runtime=8.46s | 1-to-1=37.9%
2025-04-29 15:05:52,711 [INFO] Iter 214 | R=6.50 Vres=3.00 MinP=3 | runtime=8.89s | 1-to-1=34.5%
2025-04-29 15:05:53,079 [INFO] Iter 215 | R=6.50 Vres=3.00 MinP=5 | runtime=8.70s | 1-to-1=34.5%
2025-04-29 15:06:02,929 [INFO] Iter 219 | R=7.00 Vres=1.00 MinP=1 | runtime=12.41s | 1-to-1=27.6%
2025-04-29 15:06:03,159 [INFO] Iter 220 | R=7.00 Vres=1.00 MinP=3 | runtime=12.59s | 1-to-1=24.1%
2025-04-29 15:06:03,405 [INFO] Iter 222 | R=7.00 Vres=1.50 MinP=1 | runtime=9.73s | 1-to-1=34.5%
2025-04-29 15:06:03,991 [INFO] Iter 221 | R=7.00 Vres=1.00 MinP=5 | runtime=12.92s | 1-to-1=24.1%
2025-04-29 15:06:04,401 [INFO] Iter 223 | R=7.00 Vres=1.50 MinP=3 | runtime=10.61s | 1-to-1=31.0%
2025-04-29 15:06:05,457 [INFO] Iter 216 | R=7.00 Vres=0.50 MinP=1 | runtime=19.67s | 1-to-1=41.4%
2025-04-29 15:06:09,206 [INFO] Iter 217 | R=7.00 Vres=0.50 MinP=3 | runtime=19.95s | 1-to-1=41.4%
2025-04-29 15:06:10,021 [INFO] Iter 218 | R=7.00 Vres=0.50 MinP=5 | runtime=20.19s | 1-to-1=34.5%
2025-04-29 15:06:12,509 [INFO] Iter 225 | R=7.00 Vres=2.00 MinP=1 | runtime=8.60s | 1-to-1=24.1%
2025-04-29 15:06:12,684 [INFO] Iter 226 | R=7.00 Vres=2.00 MinP=3 | runtime=8.52s | 1-to-1=20.7%
2025-04-29 15:06:13,369 [INFO] Iter 228 | R=7.00 Vres=2.50 MinP=1 | runtime=8.12s | 1-to-1=24.1%
2025-04-29 15:06:13,596 [INFO] Iter 227 | R=7.00 Vres=2.00 MinP=5 | runtime=8.76s | 1-to-1=20.7%
2025-04-29 15:06:13,657 [INFO] Iter 224 | R=7.00 Vres=1.50 MinP=5 | runtime=9.81s | 1-to-1=27.6%
2025-04-29 15:06:14,207 [INFO] Iter 229 | R=7.00 Vres=2.50 MinP=3 | runtime=8.04s | 1-to-1=20.7%
2025-04-29 15:06:17,712 [INFO] Iter 230 | R=7.00 Vres=2.50 MinP=5 | runtime=7.94s | 1-to-1=20.7%
2025-04-29 15:06:20,167 [INFO] Iter 231 | R=7.00 Vres=3.00 MinP=1 | runtime=9.34s | 1-to-1=31.0%
2025-04-29 15:06:23,294 [INFO] Iter 232 | R=7.00 Vres=3.00 MinP=3 | runtime=9.99s | 1-to-1=27.6%
2025-04-29 15:06:23,356 [INFO] Iter 233 | R=7.00 Vres=3.00 MinP=5 | runtime=9.83s | 1-to-1=27.6%
2025-04-29 15:06:26,231 [INFO] Iter 237 | R=7.50 Vres=1.00 MinP=1 | runtime=11.36s | 1-to-1=27.6%
2025-04-29 15:06:30,552 [INFO] Iter 238 | R=7.50 Vres=1.00 MinP=3 | runtime=12.11s | 1-to-1=20.7%
2025-04-29 15:06:33,043 [INFO] Iter 239 | R=7.50 Vres=1.00 MinP=5 | runtime=12.13s | 1-to-1=20.7%
2025-04-29 15:06:33,289 [INFO] Iter 234 | R=7.50 Vres=0.50 MinP=1 | runtime=19.06s | 1-to-1=41.4%
2025-04-29 15:06:33,725 [INFO] Iter 235 | R=7.50 Vres=0.50 MinP=3 | runtime=19.23s | 1-to-1=37.9%
2025-04-29 15:06:34,089 [INFO] Iter 240 | R=7.50 Vres=1.50 MinP=1 | runtime=9.93s | 1-to-1=24.1%
2025-04-29 15:06:34,151 [INFO] Iter 236 | R=7.50 Vres=0.50 MinP=5 | runtime=19.58s | 1-to-1=31.0%
2025-04-29 15:06:34,392 [INFO] Iter 241 | R=7.50 Vres=1.50 MinP=3 | runtime=10.20s | 1-to-1=20.7%
2025-04-29 15:06:36,778 [INFO] Iter 242 | R=7.50 Vres=1.50 MinP=5 | runtime=9.99s | 1-to-1=20.7%
2025-04-29 15:06:39,563 [INFO] Iter 243 | R=7.50 Vres=2.00 MinP=1 | runtime=8.44s | 1-to-1=20.7%
2025-04-29 15:06:42,009 [INFO] Iter 244 | R=7.50 Vres=2.00 MinP=3 | runtime=8.33s | 1-to-1=17.2%
2025-04-29 15:06:42,916 [INFO] Iter 245 | R=7.50 Vres=2.00 MinP=5 | runtime=8.61s | 1-to-1=17.2%
2025-04-29 15:06:43,000 [INFO] Iter 247 | R=7.50 Vres=2.50 MinP=3 | runtime=7.81s | 1-to-1=20.7%
2025-04-29 15:06:43,123 [INFO] Iter 246 | R=7.50 Vres=2.50 MinP=1 | runtime=8.23s | 1-to-1=24.1%
2025-04-29 15:06:43,427 [INFO] Iter 248 | R=7.50 Vres=2.50 MinP=5 | runtime=8.29s | 1-to-1=20.7%
2025-04-29 15:06:43,622 [INFO] Iter 249 | R=7.50 Vres=3.00 MinP=1 | runtime=8.35s | 1-to-1=20.7%
2025-04-29 15:06:46,010 [INFO] Iter 250 | R=7.50 Vres=3.00 MinP=3 | runtime=8.63s | 1-to-1=17.2%
2025-04-29 15:06:48,891 [INFO] Iter 251 | R=7.50 Vres=3.00 MinP=5 | runtime=8.76s | 1-to-1=17.2%
2025-04-29 15:06:55,026 [INFO] Iter 255 | R=8.00 Vres=1.00 MinP=1 | runtime=10.98s | 1-to-1=17.2%
2025-04-29 15:06:55,428 [INFO] Iter 256 | R=8.00 Vres=1.00 MinP=3 | runtime=11.04s | 1-to-1=17.2%
2025-04-29 15:06:55,507 [INFO] Iter 257 | R=8.00 Vres=1.00 MinP=5 | runtime=10.93s | 1-to-1=17.2%
2025-04-29 15:06:55,784 [INFO] Iter 258 | R=8.00 Vres=1.50 MinP=1 | runtime=8.88s | 1-to-1=17.2%
2025-04-29 15:06:58,613 [INFO] Iter 259 | R=8.00 Vres=1.50 MinP=3 | runtime=9.08s | 1-to-1=17.2%
2025-04-29 15:07:01,245 [INFO] Iter 252 | R=8.00 Vres=0.50 MinP=1 | runtime=18.57s | 1-to-1=34.5%
2025-04-29 15:07:02,167 [INFO] Iter 253 | R=8.00 Vres=0.50 MinP=3 | runtime=18.59s | 1-to-1=31.0%
2025-04-29 15:07:02,705 [INFO] Iter 254 | R=8.00 Vres=0.50 MinP=5 | runtime=18.93s | 1-to-1=24.1%
2025-04-29 15:07:03,966 [INFO] Iter 262 | R=8.00 Vres=2.00 MinP=3 | runtime=7.70s | 1-to-1=13.8%
2025-04-29 15:07:04,252 [INFO] Iter 261 | R=8.00 Vres=2.00 MinP=1 | runtime=8.06s | 1-to-1=17.2%
2025-04-29 15:07:04,760 [INFO] Iter 263 | R=8.00 Vres=2.00 MinP=5 | runtime=8.19s | 1-to-1=13.8%
2025-04-29 15:07:04,878 [INFO] Iter 260 | R=8.00 Vres=1.50 MinP=5 | runtime=9.05s | 1-to-1=13.8%
2025-04-29 15:07:08,400 [INFO] Iter 264 | R=8.00 Vres=2.50 MinP=1 | runtime=9.11s | 1-to-1=13.8%
2025-04-29 15:07:10,781 [INFO] Iter 267 | R=8.00 Vres=3.00 MinP=1 | runtime=7.35s | 1-to-1=10.3%
2025-04-29 15:07:11,071 [INFO] Iter 265 | R=8.00 Vres=2.50 MinP=3 | runtime=9.04s | 1-to-1=10.3%
2025-04-29 15:07:11,809 [INFO] Iter 266 | R=8.00 Vres=2.50 MinP=5 | runtime=8.95s | 1-to-1=10.3%
2025-04-29 15:07:12,207 [INFO] Iter 268 | R=8.00 Vres=3.00 MinP=3 | runtime=7.48s | 1-to-1=10.3%
2025-04-29 15:07:12,410 [INFO] Iter 269 | R=8.00 Vres=3.00 MinP=5 | runtime=7.31s | 1-to-1=10.3%
2025-04-29 15:07:20,875 [INFO] Iter 276 | R=8.50 Vres=1.50 MinP=1 | runtime=8.03s | 1-to-1=13.8%
2025-04-29 15:07:21,648 [INFO] Iter 273 | R=8.50 Vres=1.00 MinP=1 | runtime=10.09s | 1-to-1=13.8%
2025-04-29 15:07:21,770 [INFO] Iter 277 | R=8.50 Vres=1.50 MinP=3 | runtime=8.47s | 1-to-1=13.8%
2025-04-29 15:07:22,151 [INFO] Iter 274 | R=8.50 Vres=1.00 MinP=3 | runtime=10.23s | 1-to-1=17.2%
2025-04-29 15:07:23,071 [INFO] Iter 275 | R=8.50 Vres=1.00 MinP=5 | runtime=10.51s | 1-to-1=17.2%
2025-04-29 15:07:23,422 [INFO] Iter 270 | R=8.50 Vres=0.50 MinP=1 | runtime=17.94s | 1-to-1=20.7%
2025-04-29 15:07:23,424 [INFO] Iter 271 | R=8.50 Vres=0.50 MinP=3 | runtime=17.77s | 1-to-1=20.7%
2025-04-29 15:07:26,946 [INFO] Iter 272 | R=8.50 Vres=0.50 MinP=5 | runtime=17.96s | 1-to-1=20.7%
2025-04-29 15:07:29,931 [INFO] Iter 278 | R=8.50 Vres=1.50 MinP=5 | runtime=8.37s | 1-to-1=13.8%
2025-04-29 15:07:30,554 [INFO] Iter 279 | R=8.50 Vres=2.00 MinP=1 | runtime=8.06s | 1-to-1=13.8%
2025-04-29 15:07:30,735 [INFO] Iter 280 | R=8.50 Vres=2.00 MinP=3 | runtime=8.03s | 1-to-1=13.8%
2025-04-29 15:07:30,923 [INFO] Iter 281 | R=8.50 Vres=2.00 MinP=5 | runtime=7.85s | 1-to-1=13.8%
2025-04-29 15:07:31,485 [INFO] Iter 282 | R=8.50 Vres=2.50 MinP=1 | runtime=7.70s | 1-to-1=10.3%
2025-04-29 15:07:32,038 [INFO] Iter 284 | R=8.50 Vres=2.50 MinP=5 | runtime=7.87s | 1-to-1=10.3%
2025-04-29 15:07:32,336 [INFO] Iter 283 | R=8.50 Vres=2.50 MinP=3 | runtime=8.16s | 1-to-1=10.3%
2025-04-29 15:07:35,268 [INFO] Iter 285 | R=8.50 Vres=3.00 MinP=1 | runtime=7.59s | 1-to-1=10.3%
2025-04-29 15:07:37,927 [INFO] Iter 286 | R=8.50 Vres=3.00 MinP=3 | runtime=7.31s | 1-to-1=10.3%
2025-04-29 15:07:38,697 [INFO] Iter 287 | R=8.50 Vres=3.00 MinP=5 | runtime=7.47s | 1-to-1=10.3%
2025-04-29 15:07:44,241 [INFO] Iter 291 | R=9.00 Vres=1.00 MinP=1 | runtime=11.53s | 1-to-1=13.8%
2025-04-29 15:07:44,737 [INFO] Iter 292 | R=9.00 Vres=1.00 MinP=3 | runtime=11.65s | 1-to-1=17.2%
2025-04-29 15:07:47,396 [INFO] Iter 293 | R=9.00 Vres=1.00 MinP=5 | runtime=11.39s | 1-to-1=17.2%
2025-04-29 15:07:47,597 [INFO] Iter 294 | R=9.00 Vres=1.50 MinP=1 | runtime=8.87s | 1-to-1=13.8%
2025-04-29 15:07:48,288 [INFO] Iter 295 | R=9.00 Vres=1.50 MinP=3 | runtime=8.98s | 1-to-1=13.8%
2025-04-29 15:07:49,489 [INFO] Iter 288 | R=9.00 Vres=0.50 MinP=1 | runtime=18.00s | 1-to-1=20.7%
2025-04-29 15:07:49,894 [INFO] Iter 289 | R=9.00 Vres=0.50 MinP=3 | runtime=18.13s | 1-to-1=20.7%
2025-04-29 15:07:50,391 [INFO] Iter 290 | R=9.00 Vres=0.50 MinP=5 | runtime=18.05s | 1-to-1=20.7%
2025-04-29 15:07:53,568 [INFO] Iter 297 | R=9.00 Vres=2.00 MinP=1 | runtime=8.08s | 1-to-1=13.8%
2025-04-29 15:07:53,987 [INFO] Iter 296 | R=9.00 Vres=1.50 MinP=5 | runtime=8.99s | 1-to-1=13.8%
2025-04-29 15:07:56,275 [INFO] Iter 299 | R=9.00 Vres=2.00 MinP=5 | runtime=7.94s | 1-to-1=13.8%
2025-04-29 15:07:56,325 [INFO] Iter 298 | R=9.00 Vres=2.00 MinP=3 | runtime=8.17s | 1-to-1=13.8%
2025-04-29 15:07:57,956 [INFO] Iter 300 | R=9.00 Vres=2.50 MinP=1 | runtime=9.03s | 1-to-1=6.9%
2025-04-29 15:07:58,511 [INFO] Iter 303 | R=9.00 Vres=3.00 MinP=1 | runtime=7.35s | 1-to-1=6.9%
2025-04-29 15:07:59,132 [INFO] Iter 301 | R=9.00 Vres=2.50 MinP=3 | runtime=8.88s | 1-to-1=6.9%
2025-04-29 15:07:59,820 [INFO] Iter 302 | R=9.00 Vres=2.50 MinP=5 | runtime=9.20s | 1-to-1=6.9%
2025-04-29 15:08:01,766 [INFO] Iter 304 | R=9.00 Vres=3.00 MinP=3 | runtime=7.55s | 1-to-1=6.9%
2025-04-29 15:08:02,395 [INFO] Iter 305 | R=9.00 Vres=3.00 MinP=5 | runtime=7.65s | 1-to-1=6.9%
2025-04-29 15:08:10,500 [INFO] Iter 309 | R=9.50 Vres=1.00 MinP=1 | runtime=11.27s | 1-to-1=13.8%
2025-04-29 15:08:11,213 [INFO] Iter 310 | R=9.50 Vres=1.00 MinP=3 | runtime=11.24s | 1-to-1=13.8%
2025-04-29 15:08:11,468 [INFO] Iter 312 | R=9.50 Vres=1.50 MinP=1 | runtime=8.93s | 1-to-1=10.3%
2025-04-29 15:08:12,163 [INFO] Iter 311 | R=9.50 Vres=1.00 MinP=5 | runtime=11.54s | 1-to-1=13.8%
2025-04-29 15:08:12,251 [INFO] Iter 313 | R=9.50 Vres=1.50 MinP=3 | runtime=9.08s | 1-to-1=10.3%
2025-04-29 15:08:14,708 [INFO] Iter 306 | R=9.50 Vres=0.50 MinP=1 | runtime=17.71s | 1-to-1=20.7%
2025-04-29 15:08:14,881 [INFO] Iter 307 | R=9.50 Vres=0.50 MinP=3 | runtime=17.84s | 1-to-1=20.7%
2025-04-29 15:08:16,627 [INFO] Iter 308 | R=9.50 Vres=0.50 MinP=5 | runtime=17.97s | 1-to-1=20.7%
2025-04-29 15:08:19,794 [INFO] Iter 315 | R=9.50 Vres=2.00 MinP=1 | runtime=7.80s | 1-to-1=13.8%
2025-04-29 15:08:20,127 [INFO] Iter 314 | R=9.50 Vres=1.50 MinP=5 | runtime=8.77s | 1-to-1=10.3%
2025-04-29 15:08:20,179 [INFO] Iter 316 | R=9.50 Vres=2.00 MinP=3 | runtime=7.77s | 1-to-1=13.8%
2025-04-29 15:08:20,690 [INFO] Iter 317 | R=9.50 Vres=2.00 MinP=5 | runtime=7.79s | 1-to-1=13.8%
2025-04-29 15:08:21,630 [INFO] Iter 318 | R=9.50 Vres=2.50 MinP=1 | runtime=8.74s | 1-to-1=6.9%
2025-04-29 15:08:24,279 [INFO] Iter 319 | R=9.50 Vres=2.50 MinP=3 | runtime=8.81s | 1-to-1=6.9%
2025-04-29 15:08:24,354 [INFO] Iter 320 | R=9.50 Vres=2.50 MinP=5 | runtime=8.68s | 1-to-1=6.9%
2025-04-29 15:08:25,029 [INFO] Iter 321 | R=9.50 Vres=3.00 MinP=1 | runtime=7.66s | 1-to-1=6.9%
2025-04-29 15:08:28,205 [INFO] Iter 322 | R=9.50 Vres=3.00 MinP=3 | runtime=7.71s | 1-to-1=6.9%
2025-04-29 15:08:28,481 [INFO] Iter 323 | R=9.50 Vres=3.00 MinP=5 | runtime=7.66s | 1-to-1=6.9%
2025-04-29 15:08:36,277 [INFO] Iter 328 | R=10.00 Vres=1.00 MinP=3 | runtime=11.10s | 1-to-1=10.3%
2025-04-29 15:08:36,416 [INFO] Iter 327 | R=10.00 Vres=1.00 MinP=1 | runtime=11.33s | 1-to-1=10.3%
2025-04-29 15:08:37,120 [INFO] Iter 329 | R=10.00 Vres=1.00 MinP=5 | runtime=11.41s | 1-to-1=10.3%
2025-04-29 15:08:37,292 [INFO] Iter 330 | R=10.00 Vres=1.50 MinP=1 | runtime=8.39s | 1-to-1=10.3%
2025-04-29 15:08:38,186 [INFO] Iter 331 | R=10.00 Vres=1.50 MinP=3 | runtime=9.06s | 1-to-1=10.3%
2025-04-29 15:08:38,634 [INFO] Iter 324 | R=10.00 Vres=0.50 MinP=1 | runtime=17.80s | 1-to-1=20.7%
2025-04-29 15:08:39,629 [INFO] Iter 325 | R=10.00 Vres=0.50 MinP=3 | runtime=18.29s | 1-to-1=20.7%
2025-04-29 15:08:40,309 [INFO] Iter 326 | R=10.00 Vres=0.50 MinP=5 | runtime=17.86s | 1-to-1=20.7%
2025-04-29 15:08:45,671 [INFO] Iter 333 | R=10.00 Vres=2.00 MinP=1 | runtime=8.52s | 1-to-1=10.3%
2025-04-29 15:08:46,357 [INFO] Iter 332 | R=10.00 Vres=1.50 MinP=5 | runtime=9.10s | 1-to-1=10.3%
2025-04-29 15:08:46,551 [INFO] Iter 335 | R=10.00 Vres=2.00 MinP=5 | runtime=8.15s | 1-to-1=10.3%
2025-04-29 15:08:46,625 [INFO] Iter 334 | R=10.00 Vres=2.00 MinP=3 | runtime=8.34s | 1-to-1=10.3%
2025-04-29 15:08:47,974 [INFO] Iter 336 | R=10.00 Vres=2.50 MinP=1 | runtime=9.24s | 1-to-1=6.9%
2025-04-29 15:08:48,277 [INFO] Iter 337 | R=10.00 Vres=2.50 MinP=3 | runtime=9.08s | 1-to-1=6.9%
2025-04-29 15:08:48,803 [INFO] Iter 339 | R=10.00 Vres=3.00 MinP=1 | runtime=7.96s | 1-to-1=6.9%
2025-04-29 15:08:49,047 [INFO] Iter 338 | R=10.00 Vres=2.50 MinP=5 | runtime=8.88s | 1-to-1=6.9%
2025-04-29 15:08:51,863 [INFO] Iter 340 | R=10.00 Vres=3.00 MinP=3 | runtime=5.77s | 1-to-1=6.9%
2025-04-29 15:08:52,422 [INFO] Iter 341 | R=10.00 Vres=3.00 MinP=5 | runtime=5.62s | 1-to-1=6.9%
2025-04-29 15:08:52,454 [INFO] ✅  Sweep finished – results written to whm_100/segmentation_stats_public.csv
2025-04-29 15:40:54,385 [INFO] 🔰  Public-tree matching sweep started
2025-04-29 15:40:56,675 [INFO] Public trees inside bbox: 29
2025-04-29 15:40:56,678 [INFO] skip combo R=1.00 Vres=0.50 MinP=1
2025-04-29 15:40:56,679 [INFO] skip combo R=1.00 Vres=0.50 MinP=3
2025-04-29 15:40:56,680 [INFO] skip combo R=1.00 Vres=0.50 MinP=5
2025-04-29 15:40:56,681 [INFO] skip combo R=1.00 Vres=1.00 MinP=3
2025-04-29 15:40:56,680 [INFO] skip combo R=1.00 Vres=1.00 MinP=1
2025-04-29 15:40:56,684 [INFO] skip combo R=1.00 Vres=1.00 MinP=5
2025-04-29 15:40:56,684 [INFO] skip combo R=1.00 Vres=1.50 MinP=1
2025-04-29 15:40:56,696 [INFO] skip combo R=1.00 Vres=1.50 MinP=3
2025-04-29 15:40:56,702 [INFO] skip combo R=1.00 Vres=1.50 MinP=5
2025-04-29 15:40:56,702 [INFO] skip combo R=1.00 Vres=2.00 MinP=1
2025-04-29 15:40:56,703 [INFO] skip combo R=1.00 Vres=2.00 MinP=3
2025-04-29 15:41:17,263 [WARNING] Iter 16: tree 194 < 3 pts, skip
2025-04-29 15:41:17,286 [INFO] Iter 16 | R=1.00 Vres=2.00 MinP=2 | runtime=19.84s | 1-to-1=65.5%
2025-04-29 15:41:17,320 [INFO] skip combo R=1.00 Vres=2.00 MinP=5
2025-04-29 15:41:17,321 [INFO] skip combo R=1.00 Vres=2.50 MinP=1
2025-04-29 15:41:17,879 [INFO] Iter 18 | R=1.00 Vres=2.00 MinP=4 | runtime=20.41s | 1-to-1=72.4%
2025-04-29 15:41:17,921 [INFO] skip combo R=1.00 Vres=2.50 MinP=3
2025-04-29 15:41:20,510 [INFO] Iter 13 | R=1.00 Vres=1.50 MinP=4 | runtime=22.90s | 1-to-1=82.8%
2025-04-29 15:41:20,552 [INFO] skip combo R=1.00 Vres=2.50 MinP=5
2025-04-29 15:41:20,554 [INFO] skip combo R=1.00 Vres=3.00 MinP=1
2025-04-29 15:41:20,813 [WARNING] Iter 11: tree 212 < 3 pts, skip
2025-04-29 15:41:20,827 [INFO] Iter 11 | R=1.00 Vres=1.50 MinP=2 | runtime=23.26s | 1-to-1=79.3%
2025-04-29 15:41:20,879 [INFO] skip combo R=1.00 Vres=3.00 MinP=3
2025-04-29 15:41:24,494 [WARNING] Iter 6: tree 274 < 3 pts, skip
2025-04-29 15:41:24,514 [INFO] Iter 6 | R=1.00 Vres=1.00 MinP=2 | runtime=27.09s | 1-to-1=75.9%
2025-04-29 15:41:24,555 [INFO] skip combo R=1.00 Vres=3.00 MinP=5
2025-04-29 15:41:24,556 [INFO] skip combo R=1.50 Vres=0.50 MinP=1
2025-04-29 15:41:25,296 [INFO] Iter 8 | R=1.00 Vres=1.00 MinP=4 | runtime=27.82s | 1-to-1=86.2%
2025-04-29 15:41:25,323 [INFO] skip combo R=1.50 Vres=0.50 MinP=3
2025-04-29 15:41:35,830 [INFO] Iter 3 | R=1.00 Vres=0.50 MinP=4 | runtime=38.49s | 1-to-1=69.0%
2025-04-29 15:41:35,872 [INFO] skip combo R=1.50 Vres=0.50 MinP=5
2025-04-29 15:41:35,873 [INFO] skip combo R=1.50 Vres=1.00 MinP=1
2025-04-29 15:41:36,607 [WARNING] Iter 1: tree 369 < 3 pts, skip
2025-04-29 15:41:36,618 [INFO] Iter 1 | R=1.00 Vres=0.50 MinP=2 | runtime=39.15s | 1-to-1=75.9%
2025-04-29 15:41:36,647 [INFO] skip combo R=1.50 Vres=1.00 MinP=3
2025-04-29 15:41:38,792 [WARNING] Iter 21: tree 154 < 3 pts, skip
2025-04-29 15:41:38,807 [INFO] Iter 21 | R=1.00 Vres=2.50 MinP=2 | runtime=20.92s | 1-to-1=72.4%
2025-04-29 15:41:38,847 [INFO] skip combo R=1.50 Vres=1.00 MinP=5
2025-04-29 15:41:38,848 [INFO] skip combo R=1.50 Vres=1.50 MinP=1
2025-04-29 15:41:41,072 [WARNING] Iter 26: tree 148 < 3 pts, skip
2025-04-29 15:41:41,148 [INFO] Iter 26 | R=1.00 Vres=3.00 MinP=2 | runtime=18.88s | 1-to-1=79.3%
2025-04-29 15:41:41,272 [INFO] skip combo R=1.50 Vres=1.50 MinP=3
2025-04-29 15:41:41,542 [INFO] Iter 23 | R=1.00 Vres=2.50 MinP=4 | runtime=21.65s | 1-to-1=75.9%
2025-04-29 15:41:41,625 [INFO] skip combo R=1.50 Vres=1.50 MinP=5
2025-04-29 15:41:41,640 [INFO] skip combo R=1.50 Vres=2.00 MinP=1
2025-04-29 15:41:41,818 [INFO] Iter 28 | R=1.00 Vres=3.00 MinP=4 | runtime=18.84s | 1-to-1=79.3%
2025-04-29 15:41:41,875 [INFO] skip combo R=1.50 Vres=2.00 MinP=3
2025-04-29 15:41:58,646 [INFO] Iter 46 | R=1.50 Vres=2.00 MinP=2 | runtime=16.21s | 1-to-1=69.0%
2025-04-29 15:41:58,688 [INFO] skip combo R=1.50 Vres=2.00 MinP=5
2025-04-29 15:41:58,693 [INFO] skip combo R=1.50 Vres=2.50 MinP=1
2025-04-29 15:41:58,877 [INFO] Iter 48 | R=1.50 Vres=2.00 MinP=4 | runtime=16.21s | 1-to-1=72.4%
2025-04-29 15:41:58,907 [INFO] skip combo R=1.50 Vres=2.50 MinP=3
2025-04-29 15:41:59,639 [INFO] Iter 31 | R=1.50 Vres=0.50 MinP=2 | runtime=34.09s | 1-to-1=72.4%
2025-04-29 15:41:59,682 [INFO] skip combo R=1.50 Vres=2.50 MinP=5
2025-04-29 15:41:59,684 [INFO] skip combo R=1.50 Vres=3.00 MinP=1
2025-04-29 15:41:59,930 [INFO] Iter 41 | R=1.50 Vres=1.50 MinP=2 | runtime=20.17s | 1-to-1=75.9%
2025-04-29 15:41:59,980 [INFO] skip combo R=1.50 Vres=3.00 MinP=3
2025-04-29 15:42:00,305 [INFO] Iter 36 | R=1.50 Vres=1.00 MinP=2 | runtime=23.38s | 1-to-1=65.5%
2025-04-29 15:42:00,353 [INFO] skip combo R=1.50 Vres=3.00 MinP=5
2025-04-29 15:42:00,353 [INFO] skip combo R=2.00 Vres=0.50 MinP=1
2025-04-29 15:42:00,566 [INFO] Iter 33 | R=1.50 Vres=0.50 MinP=4 | runtime=34.30s | 1-to-1=65.5%
2025-04-29 15:42:00,614 [INFO] skip combo R=2.00 Vres=0.50 MinP=3
2025-04-29 15:42:00,860 [INFO] Iter 38 | R=1.50 Vres=1.00 MinP=4 | runtime=23.44s | 1-to-1=72.4%
2025-04-29 15:42:00,888 [INFO] skip combo R=2.00 Vres=0.50 MinP=5
2025-04-29 15:42:00,889 [INFO] skip combo R=2.00 Vres=1.00 MinP=1
2025-04-29 15:42:01,756 [INFO] Iter 43 | R=1.50 Vres=1.50 MinP=4 | runtime=19.88s | 1-to-1=75.9%
2025-04-29 15:42:01,798 [INFO] skip combo R=2.00 Vres=1.00 MinP=3
2025-04-29 15:42:14,257 [INFO] Iter 53 | R=1.50 Vres=2.50 MinP=4 | runtime=14.32s | 1-to-1=72.4%
2025-04-29 15:42:14,289 [INFO] skip combo R=2.00 Vres=1.00 MinP=5
2025-04-29 15:42:14,292 [INFO] skip combo R=2.00 Vres=1.50 MinP=1
2025-04-29 15:42:14,403 [INFO] Iter 51 | R=1.50 Vres=2.50 MinP=2 | runtime=14.60s | 1-to-1=69.0%
2025-04-29 15:42:14,445 [INFO] skip combo R=2.00 Vres=1.50 MinP=3
2025-04-29 15:42:14,524 [INFO] Iter 58 | R=1.50 Vres=3.00 MinP=4 | runtime=13.44s | 1-to-1=79.3%
2025-04-29 15:42:14,554 [INFO] skip combo R=2.00 Vres=1.50 MinP=5
2025-04-29 15:42:14,555 [INFO] skip combo R=2.00 Vres=2.00 MinP=1
2025-04-29 15:42:14,645 [WARNING] Iter 56: tree 90 < 3 pts, skip
2025-04-29 15:42:14,662 [INFO] Iter 56 | R=1.50 Vres=3.00 MinP=2 | runtime=13.86s | 1-to-1=79.3%
2025-04-29 15:42:14,696 [INFO] skip combo R=2.00 Vres=2.00 MinP=3
2025-04-29 15:42:18,173 [INFO] Iter 66 | R=2.00 Vres=1.00 MinP=2 | runtime=16.77s | 1-to-1=69.0%
2025-04-29 15:42:18,198 [INFO] skip combo R=2.00 Vres=2.00 MinP=5
2025-04-29 15:42:18,198 [INFO] skip combo R=2.00 Vres=2.50 MinP=1
2025-04-29 15:42:20,495 [INFO] Iter 68 | R=2.00 Vres=1.00 MinP=4 | runtime=18.14s | 1-to-1=75.9%
2025-04-29 15:42:20,539 [INFO] skip combo R=2.00 Vres=2.50 MinP=3
2025-04-29 15:42:27,067 [INFO] Iter 61 | R=2.00 Vres=0.50 MinP=2 | runtime=26.19s | 1-to-1=58.6%
2025-04-29 15:42:27,108 [INFO] skip combo R=2.00 Vres=2.50 MinP=5
2025-04-29 15:42:27,110 [INFO] skip combo R=2.00 Vres=3.00 MinP=1
2025-04-29 15:42:28,305 [INFO] Iter 63 | R=2.00 Vres=0.50 MinP=4 | runtime=26.97s | 1-to-1=65.5%
2025-04-29 15:42:28,343 [INFO] skip combo R=2.00 Vres=3.00 MinP=3
2025-04-29 15:42:28,784 [INFO] Iter 76 | R=2.00 Vres=2.00 MinP=2 | runtime=13.31s | 1-to-1=69.0%
2025-04-29 15:42:28,815 [INFO] skip combo R=2.00 Vres=3.00 MinP=5
2025-04-29 15:42:28,818 [INFO] skip combo R=2.50 Vres=0.50 MinP=1
2025-04-29 15:42:28,913 [INFO] Iter 71 | R=2.00 Vres=1.50 MinP=2 | runtime=13.61s | 1-to-1=79.3%
2025-04-29 15:42:28,942 [INFO] skip combo R=2.50 Vres=0.50 MinP=3
2025-04-29 15:42:29,062 [INFO] Iter 73 | R=2.00 Vres=1.50 MinP=4 | runtime=13.67s | 1-to-1=79.3%
2025-04-29 15:42:29,096 [INFO] skip combo R=2.50 Vres=0.50 MinP=5
2025-04-29 15:42:29,099 [INFO] skip combo R=2.50 Vres=1.00 MinP=1
2025-04-29 15:42:29,110 [INFO] Iter 78 | R=2.00 Vres=2.00 MinP=4 | runtime=13.42s | 1-to-1=72.4%
2025-04-29 15:42:29,158 [INFO] skip combo R=2.50 Vres=1.00 MinP=3
2025-04-29 15:42:32,225 [INFO] Iter 81 | R=2.00 Vres=2.50 MinP=2 | runtime=13.50s | 1-to-1=58.6%
2025-04-29 15:42:32,252 [INFO] skip combo R=2.50 Vres=1.00 MinP=5
2025-04-29 15:42:32,252 [INFO] skip combo R=2.50 Vres=1.50 MinP=1
2025-04-29 15:42:33,395 [INFO] Iter 83 | R=2.00 Vres=2.50 MinP=4 | runtime=12.33s | 1-to-1=58.6%
2025-04-29 15:42:33,421 [INFO] skip combo R=2.50 Vres=1.50 MinP=3
2025-04-29 15:42:38,518 [INFO] Iter 86 | R=2.00 Vres=3.00 MinP=2 | runtime=10.72s | 1-to-1=75.9%
2025-04-29 15:42:38,563 [INFO] skip combo R=2.50 Vres=1.50 MinP=5
2025-04-29 15:42:38,565 [INFO] skip combo R=2.50 Vres=2.00 MinP=1
2025-04-29 15:42:39,843 [INFO] Iter 88 | R=2.00 Vres=3.00 MinP=4 | runtime=10.80s | 1-to-1=75.9%
2025-04-29 15:42:39,880 [INFO] skip combo R=2.50 Vres=2.00 MinP=3
2025-04-29 15:42:44,394 [INFO] Iter 96 | R=2.50 Vres=1.00 MinP=2 | runtime=14.57s | 1-to-1=65.5%
2025-04-29 15:42:44,426 [INFO] skip combo R=2.50 Vres=2.00 MinP=5
2025-04-29 15:42:44,428 [INFO] skip combo R=2.50 Vres=2.50 MinP=1
2025-04-29 15:42:44,612 [INFO] Iter 101 | R=2.50 Vres=1.50 MinP=2 | runtime=11.61s | 1-to-1=72.4%
2025-04-29 15:42:44,651 [INFO] skip combo R=2.50 Vres=2.50 MinP=3
2025-04-29 15:42:44,711 [INFO] Iter 98 | R=2.50 Vres=1.00 MinP=4 | runtime=14.70s | 1-to-1=72.4%
2025-04-29 15:42:44,754 [INFO] skip combo R=2.50 Vres=2.50 MinP=5
2025-04-29 15:42:44,755 [INFO] skip combo R=2.50 Vres=3.00 MinP=1
2025-04-29 15:42:46,029 [INFO] Iter 103 | R=2.50 Vres=1.50 MinP=4 | runtime=11.95s | 1-to-1=72.4%
2025-04-29 15:42:46,071 [INFO] skip combo R=2.50 Vres=3.00 MinP=3
2025-04-29 15:42:50,098 [INFO] Iter 106 | R=2.50 Vres=2.00 MinP=2 | runtime=10.90s | 1-to-1=62.1%
2025-04-29 15:42:50,137 [INFO] skip combo R=2.50 Vres=3.00 MinP=5
2025-04-29 15:42:50,138 [INFO] skip combo R=3.00 Vres=0.50 MinP=1
2025-04-29 15:42:51,512 [INFO] Iter 108 | R=2.50 Vres=2.00 MinP=4 | runtime=10.99s | 1-to-1=65.5%
2025-04-29 15:42:51,541 [INFO] skip combo R=3.00 Vres=0.50 MinP=3
2025-04-29 15:42:52,400 [INFO] Iter 91 | R=2.50 Vres=0.50 MinP=2 | runtime=22.96s | 1-to-1=62.1%
2025-04-29 15:42:52,428 [INFO] skip combo R=3.00 Vres=0.50 MinP=5
2025-04-29 15:42:52,432 [INFO] skip combo R=3.00 Vres=1.00 MinP=1
2025-04-29 15:42:54,169 [INFO] Iter 93 | R=2.50 Vres=0.50 MinP=4 | runtime=24.48s | 1-to-1=69.0%
2025-04-29 15:42:54,196 [INFO] skip combo R=3.00 Vres=1.00 MinP=3
2025-04-29 15:42:54,355 [INFO] Iter 116 | R=2.50 Vres=3.00 MinP=2 | runtime=8.92s | 1-to-1=72.4%
2025-04-29 15:42:54,381 [INFO] skip combo R=3.00 Vres=1.00 MinP=5
2025-04-29 15:42:54,381 [INFO] skip combo R=3.00 Vres=1.50 MinP=1
2025-04-29 15:42:54,847 [INFO] Iter 118 | R=2.50 Vres=3.00 MinP=4 | runtime=8.15s | 1-to-1=72.4%
2025-04-29 15:42:54,872 [INFO] skip combo R=3.00 Vres=1.50 MinP=3
2025-04-29 15:42:56,731 [INFO] Iter 111 | R=2.50 Vres=2.50 MinP=2 | runtime=11.68s | 1-to-1=55.2%
2025-04-29 15:42:56,784 [INFO] skip combo R=3.00 Vres=1.50 MinP=5
2025-04-29 15:42:56,785 [INFO] skip combo R=3.00 Vres=2.00 MinP=1
2025-04-29 15:42:57,397 [INFO] Iter 113 | R=2.50 Vres=2.50 MinP=4 | runtime=12.19s | 1-to-1=55.2%
2025-04-29 15:42:57,427 [INFO] skip combo R=3.00 Vres=2.00 MinP=3
2025-04-29 15:43:07,587 [INFO] Iter 131 | R=3.00 Vres=1.50 MinP=2 | runtime=12.45s | 1-to-1=69.0%
2025-04-29 15:43:07,624 [INFO] skip combo R=3.00 Vres=2.00 MinP=5
2025-04-29 15:43:07,625 [INFO] skip combo R=3.00 Vres=2.50 MinP=1
2025-04-29 15:43:08,020 [INFO] Iter 133 | R=3.00 Vres=1.50 MinP=4 | runtime=12.40s | 1-to-1=69.0%
2025-04-29 15:43:08,061 [INFO] skip combo R=3.00 Vres=2.50 MinP=3
2025-04-29 15:43:08,097 [INFO] Iter 136 | R=3.00 Vres=2.00 MinP=2 | runtime=10.48s | 1-to-1=62.1%
2025-04-29 15:43:08,140 [INFO] skip combo R=3.00 Vres=2.50 MinP=5
2025-04-29 15:43:08,143 [INFO] skip combo R=3.00 Vres=3.00 MinP=1
2025-04-29 15:43:08,760 [INFO] Iter 138 | R=3.00 Vres=2.00 MinP=4 | runtime=10.64s | 1-to-1=65.5%
2025-04-29 15:43:08,787 [INFO] skip combo R=3.00 Vres=3.00 MinP=3
2025-04-29 15:43:09,049 [INFO] Iter 126 | R=3.00 Vres=1.00 MinP=2 | runtime=15.93s | 1-to-1=62.1%
2025-04-29 15:43:09,078 [INFO] skip combo R=3.00 Vres=3.00 MinP=5
2025-04-29 15:43:09,079 [INFO] skip combo R=3.50 Vres=0.50 MinP=1
2025-04-29 15:43:10,329 [INFO] Iter 128 | R=3.00 Vres=1.00 MinP=4 | runtime=15.53s | 1-to-1=69.0%
2025-04-29 15:43:10,355 [INFO] skip combo R=3.50 Vres=0.50 MinP=3
2025-04-29 15:43:12,039 [INFO] Iter 121 | R=3.00 Vres=0.50 MinP=2 | runtime=21.32s | 1-to-1=65.5%
2025-04-29 15:43:12,069 [INFO] skip combo R=3.50 Vres=0.50 MinP=5
2025-04-29 15:43:12,071 [INFO] skip combo R=3.50 Vres=1.00 MinP=1
2025-04-29 15:43:15,971 [INFO] Iter 123 | R=3.00 Vres=0.50 MinP=4 | runtime=23.76s | 1-to-1=65.5%
2025-04-29 15:43:16,015 [INFO] skip combo R=3.50 Vres=1.00 MinP=3
2025-04-29 15:43:17,221 [INFO] Iter 146 | R=3.00 Vres=3.00 MinP=2 | runtime=8.53s | 1-to-1=72.4%
2025-04-29 15:43:17,267 [INFO] skip combo R=3.50 Vres=1.00 MinP=5
2025-04-29 15:43:17,287 [INFO] skip combo R=3.50 Vres=1.50 MinP=1
2025-04-29 15:43:17,683 [INFO] Iter 148 | R=3.00 Vres=3.00 MinP=4 | runtime=8.23s | 1-to-1=72.4%
2025-04-29 15:43:17,710 [INFO] skip combo R=3.50 Vres=1.50 MinP=3
2025-04-29 15:43:18,099 [INFO] Iter 141 | R=3.00 Vres=2.50 MinP=2 | runtime=9.81s | 1-to-1=55.2%
2025-04-29 15:43:18,141 [INFO] skip combo R=3.50 Vres=1.50 MinP=5
2025-04-29 15:43:18,142 [INFO] skip combo R=3.50 Vres=2.00 MinP=1
2025-04-29 15:43:19,523 [INFO] Iter 143 | R=3.00 Vres=2.50 MinP=4 | runtime=10.84s | 1-to-1=55.2%
2025-04-29 15:43:19,566 [INFO] skip combo R=3.50 Vres=2.00 MinP=3
2025-04-29 15:43:25,011 [INFO] Iter 156 | R=3.50 Vres=1.00 MinP=2 | runtime=12.32s | 1-to-1=58.6%
2025-04-29 15:43:25,045 [INFO] skip combo R=3.50 Vres=2.00 MinP=5
2025-04-29 15:43:25,048 [INFO] skip combo R=3.50 Vres=2.50 MinP=1
2025-04-29 15:43:28,340 [INFO] Iter 166 | R=3.50 Vres=2.00 MinP=2 | runtime=9.40s | 1-to-1=48.3%
2025-04-29 15:43:28,371 [INFO] skip combo R=3.50 Vres=2.50 MinP=3
2025-04-29 15:43:28,479 [INFO] Iter 161 | R=3.50 Vres=1.50 MinP=2 | runtime=10.29s | 1-to-1=65.5%
2025-04-29 15:43:28,517 [INFO] skip combo R=3.50 Vres=2.50 MinP=5
2025-04-29 15:43:28,518 [INFO] skip combo R=3.50 Vres=3.00 MinP=1
2025-04-29 15:43:28,663 [INFO] Iter 151 | R=3.50 Vres=0.50 MinP=2 | runtime=18.60s | 1-to-1=65.5%
2025-04-29 15:43:28,701 [INFO] Iter 163 | R=3.50 Vres=1.50 MinP=4 | runtime=9.93s | 1-to-1=65.5%
2025-04-29 15:43:28,702 [INFO] skip combo R=3.50 Vres=3.00 MinP=3
2025-04-29 15:43:28,745 [INFO] skip combo R=3.50 Vres=3.00 MinP=5
2025-04-29 15:43:28,745 [INFO] skip combo R=4.00 Vres=0.50 MinP=1
2025-04-29 15:43:29,352 [INFO] Iter 158 | R=3.50 Vres=1.00 MinP=4 | runtime=12.41s | 1-to-1=65.5%
2025-04-29 15:43:29,395 [INFO] skip combo R=4.00 Vres=0.50 MinP=3
2025-04-29 15:43:29,474 [INFO] Iter 168 | R=3.50 Vres=2.00 MinP=4 | runtime=9.23s | 1-to-1=48.3%
2025-04-29 15:43:29,517 [INFO] skip combo R=4.00 Vres=0.50 MinP=5
2025-04-29 15:43:29,518 [INFO] skip combo R=4.00 Vres=1.00 MinP=1
2025-04-29 15:43:31,186 [INFO] Iter 153 | R=3.50 Vres=0.50 MinP=4 | runtime=20.26s | 1-to-1=65.5%
2025-04-29 15:43:31,229 [INFO] skip combo R=4.00 Vres=1.00 MinP=3
2025-04-29 15:43:34,606 [INFO] Iter 171 | R=3.50 Vres=2.50 MinP=2 | runtime=8.92s | 1-to-1=48.3%
2025-04-29 15:43:34,647 [INFO] skip combo R=4.00 Vres=1.00 MinP=5
2025-04-29 15:43:34,648 [INFO] skip combo R=4.00 Vres=1.50 MinP=1
2025-04-29 15:43:37,433 [INFO] Iter 176 | R=3.50 Vres=3.00 MinP=2 | runtime=8.23s | 1-to-1=65.5%
2025-04-29 15:43:37,466 [INFO] skip combo R=4.00 Vres=1.50 MinP=3
2025-04-29 15:43:37,716 [INFO] Iter 173 | R=3.50 Vres=2.50 MinP=4 | runtime=8.64s | 1-to-1=48.3%
2025-04-29 15:43:37,743 [INFO] skip combo R=4.00 Vres=1.50 MinP=5
2025-04-29 15:43:37,745 [INFO] skip combo R=4.00 Vres=2.00 MinP=1
2025-04-29 15:43:37,870 [INFO] Iter 178 | R=3.50 Vres=3.00 MinP=4 | runtime=8.36s | 1-to-1=65.5%
2025-04-29 15:43:37,913 [INFO] skip combo R=4.00 Vres=2.00 MinP=3
2025-04-29 15:43:41,741 [INFO] Iter 186 | R=4.00 Vres=1.00 MinP=2 | runtime=11.64s | 1-to-1=58.6%
2025-04-29 15:43:41,782 [INFO] skip combo R=4.00 Vres=2.00 MinP=5
2025-04-29 15:43:41,783 [INFO] skip combo R=4.00 Vres=2.50 MinP=1
2025-04-29 15:43:43,815 [INFO] Iter 188 | R=4.00 Vres=1.00 MinP=4 | runtime=11.99s | 1-to-1=62.1%
2025-04-29 15:43:43,849 [INFO] skip combo R=4.00 Vres=2.50 MinP=3
2025-04-29 15:43:44,773 [INFO] Iter 191 | R=4.00 Vres=1.50 MinP=2 | runtime=9.69s | 1-to-1=62.1%
2025-04-29 15:43:44,799 [INFO] skip combo R=4.00 Vres=2.50 MinP=5
2025-04-29 15:43:44,801 [INFO] skip combo R=4.00 Vres=3.00 MinP=1
2025-04-29 15:43:46,529 [INFO] Iter 181 | R=4.00 Vres=0.50 MinP=2 | runtime=17.16s | 1-to-1=69.0%
2025-04-29 15:43:46,575 [INFO] skip combo R=4.00 Vres=3.00 MinP=3
2025-04-29 15:43:47,047 [INFO] Iter 196 | R=4.00 Vres=2.00 MinP=2 | runtime=8.65s | 1-to-1=48.3%
2025-04-29 15:43:47,082 [INFO] skip combo R=4.00 Vres=3.00 MinP=5
2025-04-29 15:43:47,082 [INFO] skip combo R=4.50 Vres=0.50 MinP=1
2025-04-29 15:43:47,363 [INFO] Iter 193 | R=4.00 Vres=1.50 MinP=4 | runtime=9.18s | 1-to-1=62.1%
2025-04-29 15:43:47,389 [INFO] skip combo R=4.50 Vres=0.50 MinP=3
2025-04-29 15:43:47,721 [INFO] Iter 198 | R=4.00 Vres=2.00 MinP=4 | runtime=9.00s | 1-to-1=48.3%
2025-04-29 15:43:47,762 [INFO] skip combo R=4.50 Vres=0.50 MinP=5
2025-04-29 15:43:47,763 [INFO] skip combo R=4.50 Vres=1.00 MinP=1
2025-04-29 15:43:47,916 [INFO] Iter 183 | R=4.00 Vres=0.50 MinP=4 | runtime=17.84s | 1-to-1=62.1%
2025-04-29 15:43:47,959 [INFO] skip combo R=4.50 Vres=1.00 MinP=3
2025-04-29 15:43:50,986 [INFO] Iter 201 | R=4.00 Vres=2.50 MinP=2 | runtime=8.70s | 1-to-1=48.3%
2025-04-29 15:43:51,029 [INFO] skip combo R=4.50 Vres=1.00 MinP=5
2025-04-29 15:43:51,029 [INFO] skip combo R=4.50 Vres=1.50 MinP=1
2025-04-29 15:43:52,540 [INFO] Iter 206 | R=4.00 Vres=3.00 MinP=2 | runtime=7.20s | 1-to-1=65.5%
2025-04-29 15:43:52,582 [INFO] skip combo R=4.50 Vres=1.50 MinP=3
2025-04-29 15:43:53,378 [INFO] Iter 203 | R=4.00 Vres=2.50 MinP=4 | runtime=8.89s | 1-to-1=48.3%
2025-04-29 15:43:53,422 [INFO] skip combo R=4.50 Vres=1.50 MinP=5
2025-04-29 15:43:53,423 [INFO] skip combo R=4.50 Vres=2.00 MinP=1
2025-04-29 15:43:54,471 [INFO] Iter 208 | R=4.00 Vres=3.00 MinP=4 | runtime=7.34s | 1-to-1=65.5%
2025-04-29 15:43:54,500 [INFO] skip combo R=4.50 Vres=2.00 MinP=3
2025-04-29 15:43:59,460 [INFO] Iter 216 | R=4.50 Vres=1.00 MinP=2 | runtime=11.10s | 1-to-1=55.2%
2025-04-29 15:43:59,512 [INFO] skip combo R=4.50 Vres=2.00 MinP=5
2025-04-29 15:43:59,513 [INFO] skip combo R=4.50 Vres=2.50 MinP=1
2025-04-29 15:43:59,643 [INFO] Iter 218 | R=4.50 Vres=1.00 MinP=4 | runtime=10.97s | 1-to-1=55.2%
2025-04-29 15:43:59,686 [INFO] skip combo R=4.50 Vres=2.50 MinP=3
2025-04-29 15:44:00,483 [INFO] Iter 221 | R=4.50 Vres=1.50 MinP=2 | runtime=8.93s | 1-to-1=55.2%
2025-04-29 15:44:00,511 [INFO] skip combo R=4.50 Vres=2.50 MinP=5
2025-04-29 15:44:00,513 [INFO] skip combo R=4.50 Vres=3.00 MinP=1
2025-04-29 15:44:02,464 [INFO] Iter 226 | R=4.50 Vres=2.00 MinP=2 | runtime=8.44s | 1-to-1=48.3%
2025-04-29 15:44:02,513 [INFO] skip combo R=4.50 Vres=3.00 MinP=3
2025-04-29 15:44:02,554 [INFO] Iter 223 | R=4.50 Vres=1.50 MinP=4 | runtime=9.32s | 1-to-1=55.2%
2025-04-29 15:44:02,597 [INFO] skip combo R=4.50 Vres=3.00 MinP=5
2025-04-29 15:44:02,599 [INFO] skip combo R=5.00 Vres=0.50 MinP=1
2025-04-29 15:44:03,439 [INFO] Iter 228 | R=4.50 Vres=2.00 MinP=4 | runtime=8.40s | 1-to-1=48.3%
2025-04-29 15:44:03,480 [INFO] skip combo R=5.00 Vres=0.50 MinP=3
2025-04-29 15:44:05,083 [INFO] Iter 211 | R=4.50 Vres=0.50 MinP=2 | runtime=17.38s | 1-to-1=69.0%
2025-04-29 15:44:05,125 [INFO] skip combo R=5.00 Vres=0.50 MinP=5
2025-04-29 15:44:05,125 [INFO] skip combo R=5.00 Vres=1.00 MinP=1
2025-04-29 15:44:05,913 [INFO] Iter 213 | R=4.50 Vres=0.50 MinP=4 | runtime=17.98s | 1-to-1=55.2%
2025-04-29 15:44:05,953 [INFO] skip combo R=5.00 Vres=1.00 MinP=3
2025-04-29 15:44:08,499 [INFO] Iter 231 | R=4.50 Vres=2.50 MinP=2 | runtime=8.37s | 1-to-1=48.3%
2025-04-29 15:44:08,544 [INFO] skip combo R=5.00 Vres=1.00 MinP=5
2025-04-29 15:44:08,544 [INFO] skip combo R=5.00 Vres=1.50 MinP=1
2025-04-29 15:44:09,048 [INFO] Iter 233 | R=4.50 Vres=2.50 MinP=4 | runtime=8.73s | 1-to-1=48.3%
2025-04-29 15:44:09,078 [INFO] skip combo R=5.00 Vres=1.50 MinP=3
2025-04-29 15:44:09,463 [INFO] Iter 236 | R=4.50 Vres=3.00 MinP=2 | runtime=8.40s | 1-to-1=58.6%
2025-04-29 15:44:09,489 [INFO] skip combo R=5.00 Vres=1.50 MinP=5
2025-04-29 15:44:09,490 [INFO] skip combo R=5.00 Vres=2.00 MinP=1
2025-04-29 15:44:10,971 [INFO] Iter 238 | R=4.50 Vres=3.00 MinP=4 | runtime=7.85s | 1-to-1=58.6%
2025-04-29 15:44:11,014 [INFO] skip combo R=5.00 Vres=2.00 MinP=3
2025-04-29 15:44:15,882 [INFO] Iter 246 | R=5.00 Vres=1.00 MinP=2 | runtime=10.24s | 1-to-1=55.2%
2025-04-29 15:44:15,922 [INFO] skip combo R=5.00 Vres=2.00 MinP=5
2025-04-29 15:44:15,923 [INFO] skip combo R=5.00 Vres=2.50 MinP=1
2025-04-29 15:44:17,167 [INFO] Iter 248 | R=5.00 Vres=1.00 MinP=4 | runtime=10.67s | 1-to-1=55.2%
2025-04-29 15:44:17,210 [INFO] skip combo R=5.00 Vres=2.50 MinP=3
2025-04-29 15:44:17,807 [INFO] Iter 251 | R=5.00 Vres=1.50 MinP=2 | runtime=8.67s | 1-to-1=55.2%
2025-04-29 15:44:17,833 [INFO] skip combo R=5.00 Vres=2.50 MinP=5
2025-04-29 15:44:17,834 [INFO] skip combo R=5.00 Vres=3.00 MinP=1
2025-04-29 15:44:18,269 [INFO] Iter 256 | R=5.00 Vres=2.00 MinP=2 | runtime=8.23s | 1-to-1=41.4%
2025-04-29 15:44:18,298 [INFO] skip combo R=5.00 Vres=3.00 MinP=3
2025-04-29 15:44:19,144 [INFO] Iter 253 | R=5.00 Vres=1.50 MinP=4 | runtime=9.52s | 1-to-1=55.2%
2025-04-29 15:44:19,170 [INFO] skip combo R=5.00 Vres=3.00 MinP=5
2025-04-29 15:44:19,171 [INFO] skip combo R=5.50 Vres=0.50 MinP=1
2025-04-29 15:44:19,675 [INFO] Iter 258 | R=5.00 Vres=2.00 MinP=4 | runtime=7.99s | 1-to-1=41.4%
2025-04-29 15:44:19,715 [INFO] skip combo R=5.50 Vres=0.50 MinP=3
2025-04-29 15:44:20,508 [INFO] Iter 241 | R=5.00 Vres=0.50 MinP=2 | runtime=17.46s | 1-to-1=58.6%
2025-04-29 15:44:20,536 [INFO] skip combo R=5.50 Vres=0.50 MinP=5
2025-04-29 15:44:20,537 [INFO] skip combo R=5.50 Vres=1.00 MinP=1
2025-04-29 15:44:22,368 [INFO] Iter 243 | R=5.00 Vres=0.50 MinP=4 | runtime=18.42s | 1-to-1=55.2%
2025-04-29 15:44:22,410 [INFO] skip combo R=5.50 Vres=1.00 MinP=3
2025-04-29 15:44:25,792 [INFO] Iter 261 | R=5.00 Vres=2.50 MinP=2 | runtime=9.10s | 1-to-1=41.4%
2025-04-29 15:44:25,842 [INFO] skip combo R=5.50 Vres=1.00 MinP=5
2025-04-29 15:44:25,844 [INFO] skip combo R=5.50 Vres=1.50 MinP=1
2025-04-29 15:44:26,843 [INFO] Iter 266 | R=5.00 Vres=3.00 MinP=2 | runtime=8.11s | 1-to-1=58.6%
2025-04-29 15:44:26,896 [INFO] skip combo R=5.50 Vres=1.50 MinP=3
2025-04-29 15:44:27,243 [INFO] Iter 263 | R=5.00 Vres=2.50 MinP=4 | runtime=9.10s | 1-to-1=41.4%
2025-04-29 15:44:27,271 [INFO] skip combo R=5.50 Vres=1.50 MinP=5
2025-04-29 15:44:27,273 [INFO] skip combo R=5.50 Vres=2.00 MinP=1
2025-04-29 15:44:27,614 [INFO] Iter 268 | R=5.00 Vres=3.00 MinP=4 | runtime=8.60s | 1-to-1=58.6%
2025-04-29 15:44:27,658 [INFO] skip combo R=5.50 Vres=2.00 MinP=3
2025-04-29 15:44:32,326 [INFO] Iter 276 | R=5.50 Vres=1.00 MinP=2 | runtime=11.29s | 1-to-1=48.3%
2025-04-29 15:44:32,369 [INFO] skip combo R=5.50 Vres=2.00 MinP=5
2025-04-29 15:44:32,369 [INFO] skip combo R=5.50 Vres=2.50 MinP=1
2025-04-29 15:44:34,414 [INFO] Iter 278 | R=5.50 Vres=1.00 MinP=4 | runtime=11.33s | 1-to-1=48.3%
2025-04-29 15:44:34,442 [INFO] skip combo R=5.50 Vres=2.50 MinP=3
2025-04-29 15:44:35,177 [INFO] Iter 281 | R=5.50 Vres=1.50 MinP=2 | runtime=8.72s | 1-to-1=48.3%
2025-04-29 15:44:35,214 [INFO] skip combo R=5.50 Vres=2.50 MinP=5
2025-04-29 15:44:35,215 [INFO] skip combo R=5.50 Vres=3.00 MinP=1
2025-04-29 15:44:36,576 [INFO] Iter 286 | R=5.50 Vres=2.00 MinP=2 | runtime=8.77s | 1-to-1=37.9%
2025-04-29 15:44:36,602 [INFO] skip combo R=5.50 Vres=3.00 MinP=3
2025-04-29 15:44:37,007 [INFO] Iter 283 | R=5.50 Vres=1.50 MinP=4 | runtime=9.40s | 1-to-1=48.3%
2025-04-29 15:44:37,037 [INFO] skip combo R=5.50 Vres=3.00 MinP=5
2025-04-29 15:44:37,038 [INFO] skip combo R=6.00 Vres=0.50 MinP=1
2025-04-29 15:44:37,108 [INFO] Iter 288 | R=5.50 Vres=2.00 MinP=4 | runtime=8.74s | 1-to-1=37.9%
2025-04-29 15:44:37,151 [INFO] skip combo R=6.00 Vres=0.50 MinP=3
2025-04-29 15:44:38,397 [INFO] Iter 271 | R=5.50 Vres=0.50 MinP=2 | runtime=18.70s | 1-to-1=51.7%
2025-04-29 15:44:38,424 [INFO] skip combo R=6.00 Vres=0.50 MinP=5
2025-04-29 15:44:38,424 [INFO] skip combo R=6.00 Vres=1.00 MinP=1
2025-04-29 15:44:39,335 [INFO] Iter 273 | R=5.50 Vres=0.50 MinP=4 | runtime=19.09s | 1-to-1=48.3%
2025-04-29 15:44:39,363 [INFO] skip combo R=6.00 Vres=1.00 MinP=3
2025-04-29 15:44:41,055 [INFO] Iter 291 | R=5.50 Vres=2.50 MinP=2 | runtime=8.09s | 1-to-1=37.9%
2025-04-29 15:44:41,082 [INFO] skip combo R=6.00 Vres=1.00 MinP=5
2025-04-29 15:44:41,083 [INFO] skip combo R=6.00 Vres=1.50 MinP=1
2025-04-29 15:44:43,120 [INFO] Iter 293 | R=5.50 Vres=2.50 MinP=4 | runtime=8.12s | 1-to-1=37.9%
2025-04-29 15:44:43,162 [INFO] skip combo R=6.00 Vres=1.50 MinP=3
2025-04-29 15:44:44,139 [INFO] Iter 296 | R=5.50 Vres=3.00 MinP=2 | runtime=8.36s | 1-to-1=58.6%
2025-04-29 15:44:44,168 [INFO] skip combo R=6.00 Vres=1.50 MinP=5
2025-04-29 15:44:44,168 [INFO] skip combo R=6.00 Vres=2.00 MinP=1
2025-04-29 15:44:46,171 [INFO] Iter 298 | R=5.50 Vres=3.00 MinP=4 | runtime=9.00s | 1-to-1=51.7%
2025-04-29 15:44:46,216 [INFO] skip combo R=6.00 Vres=2.00 MinP=3
2025-04-29 15:44:50,578 [INFO] Iter 306 | R=6.00 Vres=1.00 MinP=2 | runtime=11.51s | 1-to-1=37.9%
2025-04-29 15:44:50,605 [INFO] skip combo R=6.00 Vres=2.00 MinP=5
2025-04-29 15:44:50,607 [INFO] skip combo R=6.00 Vres=2.50 MinP=1
2025-04-29 15:44:50,764 [INFO] Iter 311 | R=6.00 Vres=1.50 MinP=2 | runtime=9.10s | 1-to-1=41.4%
2025-04-29 15:44:50,790 [INFO] skip combo R=6.00 Vres=2.50 MinP=3
2025-04-29 15:44:52,035 [INFO] Iter 308 | R=6.00 Vres=1.00 MinP=4 | runtime=12.05s | 1-to-1=37.9%
2025-04-29 15:44:52,075 [INFO] skip combo R=6.00 Vres=2.50 MinP=5
2025-04-29 15:44:52,077 [INFO] skip combo R=6.00 Vres=3.00 MinP=1
2025-04-29 15:44:53,104 [INFO] Iter 316 | R=6.00 Vres=2.00 MinP=2 | runtime=8.29s | 1-to-1=37.9%
2025-04-29 15:44:53,130 [INFO] skip combo R=6.00 Vres=3.00 MinP=3
2025-04-29 15:44:53,189 [INFO] Iter 313 | R=6.00 Vres=1.50 MinP=4 | runtime=9.32s | 1-to-1=41.4%
2025-04-29 15:44:53,231 [INFO] skip combo R=6.00 Vres=3.00 MinP=5
2025-04-29 15:44:53,232 [INFO] skip combo R=6.50 Vres=0.50 MinP=1
2025-04-29 15:44:55,214 [INFO] Iter 318 | R=6.00 Vres=2.00 MinP=4 | runtime=8.37s | 1-to-1=37.9%
2025-04-29 15:44:55,250 [INFO] skip combo R=6.50 Vres=0.50 MinP=3
2025-04-29 15:44:55,787 [INFO] Iter 301 | R=6.00 Vres=0.50 MinP=2 | runtime=18.00s | 1-to-1=44.8%
2025-04-29 15:44:55,831 [INFO] skip combo R=6.50 Vres=0.50 MinP=5
2025-04-29 15:44:55,832 [INFO] skip combo R=6.50 Vres=1.00 MinP=1
2025-04-29 15:44:56,288 [INFO] Iter 303 | R=6.00 Vres=0.50 MinP=4 | runtime=18.56s | 1-to-1=41.4%
2025-04-29 15:44:56,316 [INFO] skip combo R=6.50 Vres=1.00 MinP=3
2025-04-29 15:44:59,518 [INFO] Iter 321 | R=6.00 Vres=2.50 MinP=2 | runtime=8.23s | 1-to-1=34.5%
2025-04-29 15:44:59,549 [INFO] skip combo R=6.50 Vres=1.00 MinP=5
2025-04-29 15:44:59,550 [INFO] skip combo R=6.50 Vres=1.50 MinP=1
2025-04-29 15:44:59,757 [INFO] Iter 323 | R=6.00 Vres=2.50 MinP=4 | runtime=8.32s | 1-to-1=34.5%
2025-04-29 15:44:59,800 [INFO] skip combo R=6.50 Vres=1.50 MinP=3
2025-04-29 15:45:00,772 [INFO] Iter 326 | R=6.00 Vres=3.00 MinP=2 | runtime=8.10s | 1-to-1=51.7%
2025-04-29 15:45:00,819 [INFO] skip combo R=6.50 Vres=1.50 MinP=5
2025-04-29 15:45:00,819 [INFO] skip combo R=6.50 Vres=2.00 MinP=1
2025-04-29 15:45:02,517 [INFO] Iter 328 | R=6.00 Vres=3.00 MinP=4 | runtime=8.70s | 1-to-1=44.8%
2025-04-29 15:45:02,559 [INFO] skip combo R=6.50 Vres=2.00 MinP=3
2025-04-29 15:45:08,106 [INFO] Iter 336 | R=6.50 Vres=1.00 MinP=2 | runtime=11.76s | 1-to-1=31.0%
2025-04-29 15:45:08,142 [INFO] skip combo R=6.50 Vres=2.00 MinP=5
2025-04-29 15:45:08,143 [INFO] skip combo R=6.50 Vres=2.50 MinP=1
2025-04-29 15:45:08,936 [INFO] Iter 338 | R=6.50 Vres=1.00 MinP=4 | runtime=12.01s | 1-to-1=31.0%
2025-04-29 15:45:08,981 [INFO] skip combo R=6.50 Vres=2.50 MinP=3
2025-04-29 15:45:09,650 [INFO] Iter 341 | R=6.50 Vres=1.50 MinP=2 | runtime=9.43s | 1-to-1=41.4%
2025-04-29 15:45:09,694 [INFO] skip combo R=6.50 Vres=2.50 MinP=5
2025-04-29 15:45:09,696 [INFO] skip combo R=6.50 Vres=3.00 MinP=1
2025-04-29 15:45:10,235 [INFO] Iter 346 | R=6.50 Vres=2.00 MinP=2 | runtime=8.71s | 1-to-1=27.6%
2025-04-29 15:45:10,280 [INFO] skip combo R=6.50 Vres=3.00 MinP=3
2025-04-29 15:45:10,940 [INFO] Iter 343 | R=6.50 Vres=1.50 MinP=4 | runtime=10.48s | 1-to-1=34.5%
2025-04-29 15:45:10,968 [INFO] skip combo R=6.50 Vres=3.00 MinP=5
2025-04-29 15:45:10,973 [INFO] skip combo R=7.00 Vres=0.50 MinP=1
2025-04-29 15:45:12,128 [INFO] Iter 348 | R=6.50 Vres=2.00 MinP=4 | runtime=8.93s | 1-to-1=27.6%
2025-04-29 15:45:12,161 [INFO] skip combo R=7.00 Vres=0.50 MinP=3
2025-04-29 15:45:12,371 [INFO] Iter 331 | R=6.50 Vres=0.50 MinP=2 | runtime=18.51s | 1-to-1=41.4%
2025-04-29 15:45:12,397 [INFO] skip combo R=7.00 Vres=0.50 MinP=5
2025-04-29 15:45:12,398 [INFO] skip combo R=7.00 Vres=1.00 MinP=1
2025-04-29 15:45:15,049 [INFO] Iter 333 | R=6.50 Vres=0.50 MinP=4 | runtime=19.29s | 1-to-1=37.9%
2025-04-29 15:45:15,091 [INFO] skip combo R=7.00 Vres=1.00 MinP=3
2025-04-29 15:45:16,937 [INFO] Iter 351 | R=6.50 Vres=2.50 MinP=2 | runtime=8.22s | 1-to-1=24.1%
2025-04-29 15:45:16,983 [INFO] skip combo R=7.00 Vres=1.00 MinP=5
2025-04-29 15:45:16,984 [INFO] skip combo R=7.00 Vres=1.50 MinP=1
2025-04-29 15:45:17,784 [INFO] Iter 353 | R=6.50 Vres=2.50 MinP=4 | runtime=8.19s | 1-to-1=20.7%
2025-04-29 15:45:17,827 [INFO] skip combo R=7.00 Vres=1.50 MinP=3
2025-04-29 15:45:18,874 [INFO] Iter 356 | R=6.50 Vres=3.00 MinP=2 | runtime=8.60s | 1-to-1=41.4%
2025-04-29 15:45:18,921 [INFO] skip combo R=7.00 Vres=1.50 MinP=5
2025-04-29 15:45:18,931 [INFO] skip combo R=7.00 Vres=2.00 MinP=1
2025-04-29 15:45:19,673 [INFO] Iter 358 | R=6.50 Vres=3.00 MinP=4 | runtime=8.69s | 1-to-1=34.5%
2025-04-29 15:45:19,723 [INFO] skip combo R=7.00 Vres=2.00 MinP=3
2025-04-29 15:45:25,454 [INFO] Iter 366 | R=7.00 Vres=1.00 MinP=2 | runtime=12.37s | 1-to-1=31.0%
2025-04-29 15:45:25,500 [INFO] skip combo R=7.00 Vres=2.00 MinP=5
2025-04-29 15:45:25,502 [INFO] skip combo R=7.00 Vres=2.50 MinP=1
2025-04-29 15:45:27,448 [INFO] Iter 371 | R=7.00 Vres=1.50 MinP=2 | runtime=9.81s | 1-to-1=37.9%
2025-04-29 15:45:27,491 [INFO] skip combo R=7.00 Vres=2.50 MinP=3
2025-04-29 15:45:28,551 [INFO] Iter 368 | R=7.00 Vres=1.00 MinP=4 | runtime=12.69s | 1-to-1=24.1%
2025-04-29 15:45:28,583 [INFO] skip combo R=7.00 Vres=2.50 MinP=5
2025-04-29 15:45:28,583 [INFO] skip combo R=7.00 Vres=3.00 MinP=1
2025-04-29 15:45:28,763 [INFO] Iter 373 | R=7.00 Vres=1.50 MinP=4 | runtime=10.11s | 1-to-1=31.0%
2025-04-29 15:45:28,808 [INFO] skip combo R=7.00 Vres=3.00 MinP=3
2025-04-29 15:45:29,028 [INFO] Iter 376 | R=7.00 Vres=2.00 MinP=2 | runtime=9.34s | 1-to-1=24.1%
2025-04-29 15:45:29,076 [INFO] skip combo R=7.00 Vres=3.00 MinP=5
2025-04-29 15:45:29,077 [INFO] skip combo R=7.50 Vres=0.50 MinP=1
2025-04-29 15:45:29,616 [INFO] Iter 378 | R=7.00 Vres=2.00 MinP=4 | runtime=9.22s | 1-to-1=20.7%
2025-04-29 15:45:29,659 [INFO] skip combo R=7.50 Vres=0.50 MinP=3
2025-04-29 15:45:30,377 [INFO] Iter 361 | R=7.00 Vres=0.50 MinP=2 | runtime=18.80s | 1-to-1=41.4%
2025-04-29 15:45:30,425 [INFO] skip combo R=7.50 Vres=0.50 MinP=5
2025-04-29 15:45:30,426 [INFO] skip combo R=7.50 Vres=1.00 MinP=1
2025-04-29 15:45:32,374 [INFO] Iter 363 | R=7.00 Vres=0.50 MinP=4 | runtime=19.54s | 1-to-1=41.4%
2025-04-29 15:45:32,409 [INFO] skip combo R=7.50 Vres=1.00 MinP=3
2025-04-29 15:45:34,014 [INFO] Iter 381 | R=7.00 Vres=2.50 MinP=2 | runtime=7.97s | 1-to-1=24.1%
2025-04-29 15:45:34,044 [INFO] skip combo R=7.50 Vres=1.00 MinP=5
2025-04-29 15:45:34,046 [INFO] skip combo R=7.50 Vres=1.50 MinP=1
2025-04-29 15:45:36,105 [INFO] Iter 383 | R=7.00 Vres=2.50 MinP=4 | runtime=8.12s | 1-to-1=20.7%
2025-04-29 15:45:36,150 [INFO] skip combo R=7.50 Vres=1.50 MinP=3
2025-04-29 15:45:38,237 [INFO] Iter 386 | R=7.00 Vres=3.00 MinP=2 | runtime=9.10s | 1-to-1=34.5%
2025-04-29 15:45:38,279 [INFO] skip combo R=7.50 Vres=1.50 MinP=5
2025-04-29 15:45:38,280 [INFO] skip combo R=7.50 Vres=2.00 MinP=1
2025-04-29 15:45:39,154 [INFO] Iter 388 | R=7.00 Vres=3.00 MinP=4 | runtime=9.66s | 1-to-1=27.6%
2025-04-29 15:45:39,199 [INFO] skip combo R=7.50 Vres=2.00 MinP=3
2025-04-29 15:45:42,073 [INFO] Iter 396 | R=7.50 Vres=1.00 MinP=2 | runtime=10.99s | 1-to-1=31.0%
2025-04-29 15:45:42,116 [INFO] skip combo R=7.50 Vres=2.00 MinP=5
2025-04-29 15:45:42,116 [INFO] skip combo R=7.50 Vres=2.50 MinP=1
2025-04-29 15:45:44,228 [INFO] Iter 401 | R=7.50 Vres=1.50 MinP=2 | runtime=9.57s | 1-to-1=27.6%
2025-04-29 15:45:44,257 [INFO] skip combo R=7.50 Vres=2.50 MinP=3
2025-04-29 15:45:44,459 [INFO] Iter 398 | R=7.50 Vres=1.00 MinP=4 | runtime=11.50s | 1-to-1=20.7%
2025-04-29 15:45:44,486 [INFO] skip combo R=7.50 Vres=2.50 MinP=5
2025-04-29 15:45:44,487 [INFO] skip combo R=7.50 Vres=3.00 MinP=1
2025-04-29 15:45:46,633 [INFO] Iter 403 | R=7.50 Vres=1.50 MinP=4 | runtime=9.87s | 1-to-1=20.7%
2025-04-29 15:45:46,676 [INFO] skip combo R=7.50 Vres=3.00 MinP=3
2025-04-29 15:45:47,567 [INFO] Iter 406 | R=7.50 Vres=2.00 MinP=2 | runtime=8.72s | 1-to-1=20.7%
2025-04-29 15:45:47,614 [INFO] skip combo R=7.50 Vres=3.00 MinP=5
2025-04-29 15:45:47,617 [INFO] skip combo R=8.00 Vres=0.50 MinP=1
2025-04-29 15:45:48,655 [INFO] Iter 408 | R=7.50 Vres=2.00 MinP=4 | runtime=8.66s | 1-to-1=17.2%
2025-04-29 15:45:48,702 [INFO] skip combo R=8.00 Vres=0.50 MinP=3
2025-04-29 15:45:48,803 [INFO] Iter 391 | R=7.50 Vres=0.50 MinP=2 | runtime=18.75s | 1-to-1=41.4%
2025-04-29 15:45:48,847 [INFO] skip combo R=8.00 Vres=0.50 MinP=5
2025-04-29 15:45:48,848 [INFO] skip combo R=8.00 Vres=1.00 MinP=1
2025-04-29 15:45:48,935 [INFO] Iter 393 | R=7.50 Vres=0.50 MinP=4 | runtime=18.33s | 1-to-1=37.9%
2025-04-29 15:45:48,979 [INFO] skip combo R=8.00 Vres=1.00 MinP=3
2025-04-29 15:45:51,330 [INFO] Iter 411 | R=7.50 Vres=2.50 MinP=2 | runtime=8.54s | 1-to-1=24.1%
2025-04-29 15:45:51,371 [INFO] skip combo R=8.00 Vres=1.00 MinP=5
2025-04-29 15:45:51,373 [INFO] skip combo R=8.00 Vres=1.50 MinP=1
2025-04-29 15:45:52,985 [INFO] Iter 413 | R=7.50 Vres=2.50 MinP=4 | runtime=8.09s | 1-to-1=20.7%
2025-04-29 15:45:53,013 [INFO] skip combo R=8.00 Vres=1.50 MinP=3
2025-04-29 15:45:53,435 [INFO] Iter 416 | R=7.50 Vres=3.00 MinP=2 | runtime=8.37s | 1-to-1=24.1%
2025-04-29 15:45:53,465 [INFO] skip combo R=8.00 Vres=1.50 MinP=5
2025-04-29 15:45:53,466 [INFO] skip combo R=8.00 Vres=2.00 MinP=1
2025-04-29 15:45:56,150 [INFO] Iter 418 | R=7.50 Vres=3.00 MinP=4 | runtime=8.82s | 1-to-1=17.2%
2025-04-29 15:45:56,192 [INFO] skip combo R=8.00 Vres=2.00 MinP=3
2025-04-29 15:46:00,881 [INFO] Iter 426 | R=8.00 Vres=1.00 MinP=2 | runtime=11.16s | 1-to-1=20.7%
2025-04-29 15:46:00,923 [INFO] skip combo R=8.00 Vres=2.00 MinP=5
2025-04-29 15:46:00,925 [INFO] skip combo R=8.00 Vres=2.50 MinP=1
2025-04-29 15:46:01,197 [INFO] Iter 431 | R=8.00 Vres=1.50 MinP=2 | runtime=8.88s | 1-to-1=17.2%
2025-04-29 15:46:01,250 [INFO] skip combo R=8.00 Vres=2.50 MinP=3
2025-04-29 15:46:01,335 [INFO] Iter 428 | R=8.00 Vres=1.00 MinP=4 | runtime=11.39s | 1-to-1=17.2%
2025-04-29 15:46:01,381 [INFO] skip combo R=8.00 Vres=2.50 MinP=5
2025-04-29 15:46:01,384 [INFO] skip combo R=8.00 Vres=3.00 MinP=1
2025-04-29 15:46:02,347 [INFO] Iter 436 | R=8.00 Vres=2.00 MinP=2 | runtime=8.07s | 1-to-1=17.2%
2025-04-29 15:46:02,401 [INFO] skip combo R=8.00 Vres=3.00 MinP=3
2025-04-29 15:46:03,385 [INFO] Iter 433 | R=8.00 Vres=1.50 MinP=4 | runtime=9.81s | 1-to-1=17.2%
2025-04-29 15:46:03,429 [INFO] skip combo R=8.00 Vres=3.00 MinP=5
2025-04-29 15:46:03,430 [INFO] skip combo R=8.50 Vres=0.50 MinP=1
2025-04-29 15:46:05,101 [INFO] Iter 438 | R=8.00 Vres=2.00 MinP=4 | runtime=8.32s | 1-to-1=13.8%
2025-04-29 15:46:05,147 [INFO] skip combo R=8.50 Vres=0.50 MinP=3
2025-04-29 15:46:07,443 [INFO] Iter 421 | R=8.00 Vres=0.50 MinP=2 | runtime=19.31s | 1-to-1=34.5%
2025-04-29 15:46:07,470 [INFO] skip combo R=8.50 Vres=0.50 MinP=5
2025-04-29 15:46:07,471 [INFO] skip combo R=8.50 Vres=1.00 MinP=1
2025-04-29 15:46:09,131 [INFO] Iter 423 | R=8.00 Vres=0.50 MinP=4 | runtime=19.82s | 1-to-1=31.0%
2025-04-29 15:46:09,169 [INFO] skip combo R=8.50 Vres=1.00 MinP=3
2025-04-29 15:46:09,600 [INFO] Iter 446 | R=8.00 Vres=3.00 MinP=2 | runtime=7.51s | 1-to-1=10.3%
2025-04-29 15:46:09,628 [INFO] skip combo R=8.50 Vres=1.00 MinP=5
2025-04-29 15:46:09,630 [INFO] skip combo R=8.50 Vres=1.50 MinP=1
2025-04-29 15:46:10,571 [INFO] Iter 448 | R=8.00 Vres=3.00 MinP=4 | runtime=7.46s | 1-to-1=10.3%
2025-04-29 15:46:10,609 [INFO] skip combo R=8.50 Vres=1.50 MinP=3
2025-04-29 15:46:10,897 [INFO] Iter 441 | R=8.00 Vres=2.50 MinP=2 | runtime=9.22s | 1-to-1=13.8%
2025-04-29 15:46:10,931 [INFO] skip combo R=8.50 Vres=1.50 MinP=5
2025-04-29 15:46:10,935 [INFO] skip combo R=8.50 Vres=2.00 MinP=1
2025-04-29 15:46:11,038 [INFO] Iter 443 | R=8.00 Vres=2.50 MinP=4 | runtime=8.99s | 1-to-1=10.3%
2025-04-29 15:46:11,082 [INFO] skip combo R=8.50 Vres=2.00 MinP=3
2025-04-29 15:46:18,203 [INFO] Iter 456 | R=8.50 Vres=1.00 MinP=2 | runtime=10.11s | 1-to-1=17.2%
2025-04-29 15:46:18,230 [INFO] skip combo R=8.50 Vres=2.00 MinP=5
2025-04-29 15:46:18,233 [INFO] skip combo R=8.50 Vres=2.50 MinP=1
2025-04-29 15:46:18,767 [INFO] Iter 461 | R=8.50 Vres=1.50 MinP=2 | runtime=8.52s | 1-to-1=13.8%
2025-04-29 15:46:18,810 [INFO] skip combo R=8.50 Vres=2.50 MinP=3
2025-04-29 15:46:19,682 [INFO] Iter 463 | R=8.50 Vres=1.50 MinP=4 | runtime=8.32s | 1-to-1=13.8%
2025-04-29 15:46:19,726 [INFO] skip combo R=8.50 Vres=2.50 MinP=5
2025-04-29 15:46:19,728 [INFO] skip combo R=8.50 Vres=3.00 MinP=1
2025-04-29 15:46:19,814 [INFO] Iter 466 | R=8.50 Vres=2.00 MinP=2 | runtime=8.02s | 1-to-1=13.8%
2025-04-29 15:46:19,877 [INFO] skip combo R=8.50 Vres=3.00 MinP=3
2025-04-29 15:46:19,926 [INFO] Iter 468 | R=8.50 Vres=2.00 MinP=4 | runtime=7.94s | 1-to-1=13.8%
2025-04-29 15:46:19,974 [INFO] skip combo R=8.50 Vres=3.00 MinP=5
2025-04-29 15:46:19,974 [INFO] skip combo R=9.00 Vres=0.50 MinP=1
2025-04-29 15:46:20,329 [INFO] Iter 458 | R=8.50 Vres=1.00 MinP=4 | runtime=10.29s | 1-to-1=17.2%
2025-04-29 15:46:20,370 [INFO] skip combo R=9.00 Vres=0.50 MinP=3
2025-04-29 15:46:21,813 [INFO] Iter 451 | R=8.50 Vres=0.50 MinP=2 | runtime=17.87s | 1-to-1=20.7%
2025-04-29 15:46:21,839 [INFO] skip combo R=9.00 Vres=0.50 MinP=5
2025-04-29 15:46:21,839 [INFO] skip combo R=9.00 Vres=1.00 MinP=1
2025-04-29 15:46:23,705 [INFO] Iter 453 | R=8.50 Vres=0.50 MinP=4 | runtime=17.91s | 1-to-1=20.7%
2025-04-29 15:46:23,746 [INFO] skip combo R=9.00 Vres=1.00 MinP=3
2025-04-29 15:46:26,888 [INFO] Iter 471 | R=8.50 Vres=2.50 MinP=2 | runtime=8.11s | 1-to-1=10.3%
2025-04-29 15:46:26,914 [INFO] skip combo R=9.00 Vres=1.00 MinP=5
2025-04-29 15:46:26,915 [INFO] skip combo R=9.00 Vres=1.50 MinP=1
2025-04-29 15:46:27,658 [INFO] Iter 473 | R=8.50 Vres=2.50 MinP=4 | runtime=8.21s | 1-to-1=10.3%
2025-04-29 15:46:27,721 [INFO] skip combo R=9.00 Vres=1.50 MinP=3
2025-04-29 15:46:27,930 [INFO] Iter 476 | R=8.50 Vres=3.00 MinP=2 | runtime=7.46s | 1-to-1=10.3%
2025-04-29 15:46:27,987 [INFO] skip combo R=9.00 Vres=1.50 MinP=5
2025-04-29 15:46:27,990 [INFO] skip combo R=9.00 Vres=2.00 MinP=1
2025-04-29 15:46:28,180 [INFO] Iter 478 | R=8.50 Vres=3.00 MinP=4 | runtime=7.45s | 1-to-1=10.3%
2025-04-29 15:46:28,223 [INFO] skip combo R=9.00 Vres=2.00 MinP=3
2025-04-29 15:46:33,568 [INFO] Iter 486 | R=9.00 Vres=1.00 MinP=2 | runtime=11.15s | 1-to-1=17.2%
2025-04-29 15:46:33,598 [INFO] skip combo R=9.00 Vres=2.00 MinP=5
2025-04-29 15:46:33,599 [INFO] skip combo R=9.00 Vres=2.50 MinP=1
2025-04-29 15:46:35,365 [INFO] Iter 488 | R=9.00 Vres=1.00 MinP=4 | runtime=11.05s | 1-to-1=17.2%
2025-04-29 15:46:35,394 [INFO] skip combo R=9.00 Vres=2.50 MinP=3
2025-04-29 15:46:36,081 [INFO] Iter 496 | R=9.00 Vres=2.00 MinP=2 | runtime=7.32s | 1-to-1=13.8%
2025-04-29 15:46:36,123 [INFO] skip combo R=9.00 Vres=2.50 MinP=5
2025-04-29 15:46:36,124 [INFO] skip combo R=9.00 Vres=3.00 MinP=1
2025-04-29 15:46:36,230 [INFO] Iter 491 | R=9.00 Vres=1.50 MinP=2 | runtime=8.58s | 1-to-1=13.8%
2025-04-29 15:46:36,273 [INFO] skip combo R=9.00 Vres=3.00 MinP=3
2025-04-29 15:46:36,758 [INFO] Iter 498 | R=9.00 Vres=2.00 MinP=4 | runtime=7.81s | 1-to-1=13.8%
2025-04-29 15:46:36,808 [INFO] skip combo R=9.00 Vres=3.00 MinP=5
2025-04-29 15:46:36,808 [INFO] skip combo R=9.50 Vres=0.50 MinP=1
2025-04-29 15:46:37,177 [INFO] Iter 493 | R=9.00 Vres=1.50 MinP=4 | runtime=8.87s | 1-to-1=13.8%
2025-04-29 15:46:37,207 [INFO] skip combo R=9.50 Vres=0.50 MinP=3
2025-04-29 15:46:38,333 [INFO] Iter 481 | R=9.00 Vres=0.50 MinP=2 | runtime=17.73s | 1-to-1=20.7%
2025-04-29 15:46:38,362 [INFO] skip combo R=9.50 Vres=0.50 MinP=5
2025-04-29 15:46:38,363 [INFO] skip combo R=9.50 Vres=1.00 MinP=1
2025-04-29 15:46:38,542 [INFO] Iter 483 | R=9.00 Vres=0.50 MinP=4 | runtime=17.50s | 1-to-1=20.7%
2025-04-29 15:46:38,583 [INFO] skip combo R=9.50 Vres=1.00 MinP=3
2025-04-29 15:46:42,959 [INFO] Iter 501 | R=9.00 Vres=2.50 MinP=2 | runtime=8.73s | 1-to-1=6.9%
2025-04-29 15:46:42,989 [INFO] skip combo R=9.50 Vres=1.00 MinP=5
2025-04-29 15:46:42,990 [INFO] skip combo R=9.50 Vres=1.50 MinP=1
2025-04-29 15:46:44,001 [INFO] Iter 508 | R=9.00 Vres=3.00 MinP=4 | runtime=7.16s | 1-to-1=6.9%
2025-04-29 15:46:44,047 [INFO] skip combo R=9.50 Vres=1.50 MinP=3
2025-04-29 15:46:44,111 [INFO] Iter 506 | R=9.00 Vres=3.00 MinP=2 | runtime=7.35s | 1-to-1=6.9%
2025-04-29 15:46:44,158 [INFO] skip combo R=9.50 Vres=1.50 MinP=5
2025-04-29 15:46:44,159 [INFO] skip combo R=9.50 Vres=2.00 MinP=1
2025-04-29 15:46:45,072 [INFO] Iter 503 | R=9.00 Vres=2.50 MinP=4 | runtime=9.18s | 1-to-1=6.9%
2025-04-29 15:46:45,103 [INFO] skip combo R=9.50 Vres=2.00 MinP=3
2025-04-29 15:46:49,946 [INFO] Iter 516 | R=9.50 Vres=1.00 MinP=2 | runtime=11.00s | 1-to-1=13.8%
2025-04-29 15:46:49,976 [INFO] skip combo R=9.50 Vres=2.00 MinP=5
2025-04-29 15:46:49,977 [INFO] skip combo R=9.50 Vres=2.50 MinP=1
2025-04-29 15:46:50,276 [INFO] Iter 518 | R=9.50 Vres=1.00 MinP=4 | runtime=11.04s | 1-to-1=13.8%
2025-04-29 15:46:50,317 [INFO] skip combo R=9.50 Vres=2.50 MinP=3
2025-04-29 15:46:52,354 [INFO] Iter 521 | R=9.50 Vres=1.50 MinP=2 | runtime=8.62s | 1-to-1=10.3%
2025-04-29 15:46:52,397 [INFO] skip combo R=9.50 Vres=2.50 MinP=5
2025-04-29 15:46:52,398 [INFO] skip combo R=9.50 Vres=3.00 MinP=1
2025-04-29 15:46:52,663 [INFO] Iter 526 | R=9.50 Vres=2.00 MinP=2 | runtime=7.80s | 1-to-1=13.8%
2025-04-29 15:46:52,706 [INFO] skip combo R=9.50 Vres=3.00 MinP=3
2025-04-29 15:46:53,508 [INFO] Iter 523 | R=9.50 Vres=1.50 MinP=4 | runtime=8.85s | 1-to-1=10.3%
2025-04-29 15:46:53,540 [INFO] skip combo R=9.50 Vres=3.00 MinP=5
2025-04-29 15:46:53,541 [INFO] skip combo R=10.00 Vres=0.50 MinP=1
2025-04-29 15:46:53,546 [INFO] Iter 528 | R=9.50 Vres=2.00 MinP=4 | runtime=7.81s | 1-to-1=13.8%
2025-04-29 15:46:53,579 [INFO] skip combo R=10.00 Vres=0.50 MinP=3
2025-04-29 15:46:55,089 [INFO] Iter 511 | R=9.50 Vres=0.50 MinP=2 | runtime=17.64s | 1-to-1=20.7%
2025-04-29 15:46:55,120 [INFO] skip combo R=10.00 Vres=0.50 MinP=5
2025-04-29 15:46:55,120 [INFO] skip combo R=10.00 Vres=1.00 MinP=1
2025-04-29 15:46:55,316 [INFO] Iter 513 | R=9.50 Vres=0.50 MinP=4 | runtime=17.50s | 1-to-1=20.7%
2025-04-29 15:46:55,358 [INFO] skip combo R=10.00 Vres=1.00 MinP=3
2025-04-29 15:46:59,176 [INFO] Iter 531 | R=9.50 Vres=2.50 MinP=2 | runtime=8.57s | 1-to-1=6.9%
2025-04-29 15:46:59,204 [INFO] skip combo R=10.00 Vres=1.00 MinP=5
2025-04-29 15:46:59,205 [INFO] skip combo R=10.00 Vres=1.50 MinP=1
2025-04-29 15:46:59,683 [INFO] Iter 533 | R=9.50 Vres=2.50 MinP=4 | runtime=8.78s | 1-to-1=6.9%
2025-04-29 15:46:59,727 [INFO] skip combo R=10.00 Vres=1.50 MinP=3
2025-04-29 15:47:00,755 [INFO] Iter 536 | R=9.50 Vres=3.00 MinP=2 | runtime=7.76s | 1-to-1=6.9%
2025-04-29 15:47:00,784 [INFO] skip combo R=10.00 Vres=1.50 MinP=5
2025-04-29 15:47:00,785 [INFO] skip combo R=10.00 Vres=2.00 MinP=1
2025-04-29 15:47:01,439 [INFO] Iter 538 | R=9.50 Vres=3.00 MinP=4 | runtime=8.05s | 1-to-1=6.9%
2025-04-29 15:47:01,469 [INFO] skip combo R=10.00 Vres=2.00 MinP=3
2025-04-29 15:47:07,282 [INFO] Iter 548 | R=10.00 Vres=1.00 MinP=4 | runtime=11.29s | 1-to-1=10.3%
2025-04-29 15:47:07,313 [INFO] skip combo R=10.00 Vres=2.00 MinP=5
2025-04-29 15:47:07,315 [INFO] skip combo R=10.00 Vres=2.50 MinP=1
2025-04-29 15:47:07,436 [INFO] Iter 546 | R=10.00 Vres=1.00 MinP=2 | runtime=11.61s | 1-to-1=10.3%
2025-04-29 15:47:07,481 [INFO] skip combo R=10.00 Vres=2.50 MinP=3
2025-04-29 15:47:08,296 [INFO] Iter 551 | R=10.00 Vres=1.50 MinP=2 | runtime=8.49s | 1-to-1=10.3%
2025-04-29 15:47:08,328 [INFO] skip combo R=10.00 Vres=2.50 MinP=5
2025-04-29 15:47:08,328 [INFO] skip combo R=10.00 Vres=3.00 MinP=1
2025-04-29 15:47:09,026 [INFO] Iter 556 | R=10.00 Vres=2.00 MinP=2 | runtime=7.51s | 1-to-1=10.3%
2025-04-29 15:47:09,075 [INFO] skip combo R=10.00 Vres=3.00 MinP=3
2025-04-29 15:47:09,319 [INFO] Iter 553 | R=10.00 Vres=1.50 MinP=4 | runtime=8.91s | 1-to-1=10.3%
2025-04-29 15:47:09,349 [INFO] skip combo R=10.00 Vres=3.00 MinP=5
2025-04-29 15:47:09,489 [INFO] Iter 558 | R=10.00 Vres=2.00 MinP=4 | runtime=7.32s | 1-to-1=10.3%
2025-04-29 15:47:11,626 [INFO] Iter 543 | R=10.00 Vres=0.50 MinP=4 | runtime=17.57s | 1-to-1=20.7%
2025-04-29 15:47:11,886 [INFO] Iter 541 | R=10.00 Vres=0.50 MinP=2 | runtime=17.87s | 1-to-1=20.7%
2025-04-29 15:47:14,952 [INFO] Iter 561 | R=10.00 Vres=2.50 MinP=2 | runtime=7.20s | 1-to-1=6.9%
2025-04-29 15:47:15,137 [INFO] Iter 568 | R=10.00 Vres=3.00 MinP=4 | runtime=5.63s | 1-to-1=6.9%
2025-04-29 15:47:15,473 [INFO] Iter 566 | R=10.00 Vres=3.00 MinP=2 | runtime=6.71s | 1-to-1=6.9%
2025-04-29 15:47:15,637 [INFO] Iter 563 | R=10.00 Vres=2.50 MinP=4 | runtime=7.74s | 1-to-1=6.9%
2025-04-29 15:47:15,671 [INFO] ✅  Sweep finished – results written to whm_100/segmentation_stats_public.csv
